[1.012s] Invoking command in '/github/racademy_ws/src/learning_tf2_py': PYTHONPATH=/github/racademy_ws/build/learning_tf2_py/prefix_override:/usr/lib/python3/dist-packages/colcon_core/task/python/colcon_distutils_commands:/github/racademy_ws/install/learning_tf2_py/lib/python3.10/site-packages:${PYTHONPATH} /usr/bin/python3 -W ignore:setup.py install is deprecated -W ignore:easy_install command is deprecated setup.py egg_info --egg-base ../../build/learning_tf2_py build --build-base /github/racademy_ws/build/learning_tf2_py/build install --record /github/racademy_ws/build/learning_tf2_py/install.log --single-version-externally-managed install_data
[1.387s] running egg_info
[1.390s] writing ../../build/learning_tf2_py/learning_tf2_py.egg-info/PKG-INFO
[1.391s] writing dependency_links to ../../build/learning_tf2_py/learning_tf2_py.egg-info/dependency_links.txt
[1.393s] writing entry points to ../../build/learning_tf2_py/learning_tf2_py.egg-info/entry_points.txt
[1.394s] writing requirements to ../../build/learning_tf2_py/learning_tf2_py.egg-info/requires.txt
[1.395s] writing top-level names to ../../build/learning_tf2_py/learning_tf2_py.egg-info/top_level.txt
[1.401s] reading manifest file '../../build/learning_tf2_py/learning_tf2_py.egg-info/SOURCES.txt'
[1.405s] writing manifest file '../../build/learning_tf2_py/learning_tf2_py.egg-info/SOURCES.txt'
[1.407s] running build
[1.408s] running build_py
[1.410s] running install
[1.411s] running install_lib
[1.413s] running install_data
[1.414s] copying package.xml -> /github/racademy_ws/install/learning_tf2_py/share/learning_tf2_py
[1.417s] creating /github/racademy_ws/install/learning_tf2_py/share/learning_tf2_py/launch
[1.417s] copying launch/turtle_tf2_demo_launch.py -> /github/racademy_ws/install/learning_tf2_py/share/learning_tf2_py/launch
[1.421s] running install_egg_info
[1.422s] removing '/github/racademy_ws/install/learning_tf2_py/lib/python3.10/site-packages/learning_tf2_py-0.0.0-py3.10.egg-info' (and everything under it)
[1.426s] Copying ../../build/learning_tf2_py/learning_tf2_py.egg-info to /github/racademy_ws/install/learning_tf2_py/lib/python3.10/site-packages/learning_tf2_py-0.0.0-py3.10.egg-info
[1.438s] running install_scripts
[1.466s] Installing static_turtle_tf2_broadcaster script to /github/racademy_ws/install/learning_tf2_py/lib/learning_tf2_py
[1.467s] Installing turtle_tf2_broadcaster script to /github/racademy_ws/install/learning_tf2_py/lib/learning_tf2_py
[1.471s] writing list of installed files to '/github/racademy_ws/build/learning_tf2_py/install.log'
[1.511s] Invoked command in '/github/racademy_ws/src/learning_tf2_py' returned '0': PYTHONPATH=/github/racademy_ws/build/learning_tf2_py/prefix_override:/usr/lib/python3/dist-packages/colcon_core/task/python/colcon_distutils_commands:/github/racademy_ws/install/learning_tf2_py/lib/python3.10/site-packages:${PYTHONPATH} /usr/bin/python3 -W ignore:setup.py install is deprecated -W ignore:easy_install command is deprecated setup.py egg_info --egg-base ../../build/learning_tf2_py build --build-base /github/racademy_ws/build/learning_tf2_py/build install --record /github/racademy_ws/build/learning_tf2_py/install.log --single-version-externally-managed install_data
