[0.080s] Invoking command in '/github/racademy_ws/build/racademy_description': CMAKE_PREFIX_PATH=/opt/ros/humble /usr/bin/cmake /github/racademy_ws/src/racademy_description -DAMENT_CMAKE_SYMLINK_INSTALL=1 -DCMAKE_INSTALL_PREFIX=/github/racademy_ws/install/racademy_description
[0.148s] -- Found ament_cmake: 1.3.14 (/opt/ros/humble/share/ament_cmake/cmake)
[0.376s] -- Override CMake install command with custom implementation using symlinks instead of copying resources
[0.460s] -- Found ament_lint_auto: 0.12.15 (/opt/ros/humble/share/ament_lint_auto/cmake)
[0.653s] -- Added test 'lint_cmake' to check CMake code style
[0.700s] -- Added test 'xmllint' to check XML markup files
[0.725s] -- Configuring done
[0.796s] -- Generating done
[0.842s] -- Build files have been written to: /github/racademy_ws/build/racademy_description
[0.849s] Invoked command in '/github/racademy_ws/build/racademy_description' returned '0': CMAKE_PREFIX_PATH=/opt/ros/humble /usr/bin/cmake /github/racademy_ws/src/racademy_description -DAMENT_CMAKE_SYMLINK_INSTALL=1 -DCMAKE_INSTALL_PREFIX=/github/racademy_ws/install/racademy_description
[0.853s] Invoking command in '/github/racademy_ws/build/racademy_description': CMAKE_PREFIX_PATH=/opt/ros/humble /usr/bin/cmake --build /github/racademy_ws/build/racademy_description -- -j8 -l8
[0.911s] Invoked command in '/github/racademy_ws/build/racademy_description' returned '0': CMAKE_PREFIX_PATH=/opt/ros/humble /usr/bin/cmake --build /github/racademy_ws/build/racademy_description -- -j8 -l8
[0.922s] Invoking command in '/github/racademy_ws/build/racademy_description': CMAKE_PREFIX_PATH=/opt/ros/humble /usr/bin/cmake --install /github/racademy_ws/build/racademy_description
[0.938s] -- Install configuration: ""
[0.946s] -- Execute custom install script
[0.953s] -- Symlinking: /github/racademy_ws/install/racademy_description/share/racademy_description/meshes/README.MD
[0.963s] -- Symlinking: /github/racademy_ws/install/racademy_description/share/racademy_description/meshes/duckiebotFrame.dae
[0.977s] -- Symlinking: /github/racademy_ws/install/racademy_description/share/racademy_description/meshes/duckiebot_camera.dae
[0.996s] -- Symlinking: /github/racademy_ws/install/racademy_description/share/racademy_description/meshes/duckiebot_computer.dae
[1.013s] -- Symlinking: /github/racademy_ws/install/racademy_description/share/racademy_description/meshes/duckiebot_frame_full.dae
[1.027s] -- Symlinking: /github/racademy_ws/install/racademy_description/share/racademy_description/meshes/duckiebot_frame_only.dae
[1.045s] -- Symlinking: /github/racademy_ws/install/racademy_description/share/racademy_description/meshes/duckiebot_leftwheel.dae
[1.057s] -- Symlinking: /github/racademy_ws/install/racademy_description/share/racademy_description/meshes/duckiebot_rightwheel.dae
[1.080s] -- Symlinking: /github/racademy_ws/install/racademy_description/share/racademy_description/urdf/racademy.urdf.xacro
[1.103s] -- Symlinking: /github/racademy_ws/install/racademy_description/share/ament_index/resource_index/package_run_dependencies/racademy_description
[1.118s] -- Symlinking: /github/racademy_ws/install/racademy_description/share/ament_index/resource_index/parent_prefix_path/racademy_description
[1.131s] -- Symlinking: /github/racademy_ws/install/racademy_description/share/racademy_description/environment/ament_prefix_path.sh
[1.145s] -- Symlinking: /github/racademy_ws/install/racademy_description/share/racademy_description/environment/ament_prefix_path.dsv
[1.164s] -- Symlinking: /github/racademy_ws/install/racademy_description/share/racademy_description/environment/path.sh
[1.179s] -- Symlinking: /github/racademy_ws/install/racademy_description/share/racademy_description/environment/path.dsv
[1.192s] -- Symlinking: /github/racademy_ws/install/racademy_description/share/racademy_description/local_setup.bash
[1.208s] -- Symlinking: /github/racademy_ws/install/racademy_description/share/racademy_description/local_setup.sh
[1.226s] -- Symlinking: /github/racademy_ws/install/racademy_description/share/racademy_description/local_setup.zsh
[1.245s] -- Symlinking: /github/racademy_ws/install/racademy_description/share/racademy_description/local_setup.dsv
[1.262s] -- Symlinking: /github/racademy_ws/install/racademy_description/share/racademy_description/package.dsv
[1.283s] -- Symlinking: /github/racademy_ws/install/racademy_description/share/ament_index/resource_index/packages/racademy_description
[1.304s] -- Symlinking: /github/racademy_ws/install/racademy_description/share/racademy_description/cmake/racademy_descriptionConfig.cmake
[1.320s] -- Symlinking: /github/racademy_ws/install/racademy_description/share/racademy_description/cmake/racademy_descriptionConfig-version.cmake
[1.336s] -- Symlinking: /github/racademy_ws/install/racademy_description/share/racademy_description/package.xml
[1.352s] Invoked command in '/github/racademy_ws/build/racademy_description' returned '0': CMAKE_PREFIX_PATH=/opt/ros/humble /usr/bin/cmake --install /github/racademy_ws/build/racademy_description
