running egg_info
creating ../../build/racademy_py_examples/racademy_py_examples.egg-info
writing ../../build/racademy_py_examples/racademy_py_examples.egg-info/PKG-INFO
writing dependency_links to ../../build/racademy_py_examples/racademy_py_examples.egg-info/dependency_links.txt
writing entry points to ../../build/racademy_py_examples/racademy_py_examples.egg-info/entry_points.txt
writing requirements to ../../build/racademy_py_examples/racademy_py_examples.egg-info/requires.txt
writing top-level names to ../../build/racademy_py_examples/racademy_py_examples.egg-info/top_level.txt
writing manifest file '../../build/racademy_py_examples/racademy_py_examples.egg-info/SOURCES.txt'
reading manifest file '../../build/racademy_py_examples/racademy_py_examples.egg-info/SOURCES.txt'
writing manifest file '../../build/racademy_py_examples/racademy_py_examples.egg-info/SOURCES.txt'
running build
running build_py
creating /github/racademy_ws/build/racademy_py_examples/build
creating /github/racademy_ws/build/racademy_py_examples/build/lib
creating /github/racademy_ws/build/racademy_py_examples/build/lib/racademy_py_examples
copying racademy_py_examples/__init__.py -> /github/racademy_ws/build/racademy_py_examples/build/lib/racademy_py_examples
running install
running install_lib
creating /github/racademy_ws/install/racademy_py_examples/lib/python3.10/site-packages/racademy_py_examples
copying /github/racademy_ws/build/racademy_py_examples/build/lib/racademy_py_examples/__init__.py -> /github/racademy_ws/install/racademy_py_examples/lib/python3.10/site-packages/racademy_py_examples
byte-compiling /github/racademy_ws/install/racademy_py_examples/lib/python3.10/site-packages/racademy_py_examples/__init__.py to __init__.cpython-310.pyc
running install_data
creating /github/racademy_ws/install/racademy_py_examples/share/ament_index
creating /github/racademy_ws/install/racademy_py_examples/share/ament_index/resource_index
creating /github/racademy_ws/install/racademy_py_examples/share/ament_index/resource_index/packages
copying resource/racademy_py_examples -> /github/racademy_ws/install/racademy_py_examples/share/ament_index/resource_index/packages
copying package.xml -> /github/racademy_ws/install/racademy_py_examples/share/racademy_py_examples
running install_egg_info
Copying ../../build/racademy_py_examples/racademy_py_examples.egg-info to /github/racademy_ws/install/racademy_py_examples/lib/python3.10/site-packages/racademy_py_examples-0.0.0-py3.10.egg-info
running install_scripts
writing list of installed files to '/github/racademy_ws/build/racademy_py_examples/install.log'
