[0.068s] Invoking command in '/github/racademy_ws/build/racademy_description': CMAKE_PREFIX_PATH=${CMAKE_PREFIX_PATH}:/github/racademy_ws/install/racademy_py_examples:/opt/ros/humble /usr/bin/cmake --build /github/racademy_ws/build/racademy_description -- -j8 -l8
[0.528s] Invoked command in '/github/racademy_ws/build/racademy_description' returned '0': CMAKE_PREFIX_PATH=${CMAKE_PREFIX_PATH}:/github/racademy_ws/install/racademy_py_examples:/opt/ros/humble /usr/bin/cmake --build /github/racademy_ws/build/racademy_description -- -j8 -l8
[0.535s] Invoking command in '/github/racademy_ws/build/racademy_description': CMAKE_PREFIX_PATH=${CMAKE_PREFIX_PATH}:/github/racademy_ws/install/racademy_py_examples:/opt/ros/humble /usr/bin/cmake --install /github/racademy_ws/build/racademy_description
[0.552s] -- Install configuration: ""
[0.554s] -- Execute custom install script
[0.557s] -- Up-to-date symlink: /github/racademy_ws/install/racademy_description/share/racademy_description/meshes/README.MD
[0.560s] -- Up-to-date symlink: /github/racademy_ws/install/racademy_description/share/racademy_description/meshes/duckiebotFrame.dae
[0.562s] -- Up-to-date symlink: /github/racademy_ws/install/racademy_description/share/racademy_description/meshes/duckiebot_camera.dae
[0.563s] -- Up-to-date symlink: /github/racademy_ws/install/racademy_description/share/racademy_description/meshes/duckiebot_computer.dae
[0.566s] -- Up-to-date symlink: /github/racademy_ws/install/racademy_description/share/racademy_description/meshes/duckiebot_frame_full.dae
[0.569s] -- Up-to-date symlink: /github/racademy_ws/install/racademy_description/share/racademy_description/meshes/duckiebot_frame_only.dae
[0.575s] -- Up-to-date symlink: /github/racademy_ws/install/racademy_description/share/racademy_description/meshes/duckiebot_leftwheel.dae
[0.579s] -- Up-to-date symlink: /github/racademy_ws/install/racademy_description/share/racademy_description/meshes/duckiebot_rightwheel.dae
[0.581s] -- Up-to-date symlink: /github/racademy_ws/install/racademy_description/share/racademy_description/urdf/racademy.urdf.xacro
[0.584s] -- Up-to-date symlink: /github/racademy_ws/install/racademy_description/share/ament_index/resource_index/package_run_dependencies/racademy_description
[0.590s] -- Up-to-date symlink: /github/racademy_ws/install/racademy_description/share/ament_index/resource_index/parent_prefix_path/racademy_description
[0.598s] -- Up-to-date symlink: /github/racademy_ws/install/racademy_description/share/racademy_description/environment/ament_prefix_path.sh
[0.599s] -- Up-to-date symlink: /github/racademy_ws/install/racademy_description/share/racademy_description/environment/ament_prefix_path.dsv
[0.606s] -- Up-to-date symlink: /github/racademy_ws/install/racademy_description/share/racademy_description/environment/path.sh
[0.608s] -- Up-to-date symlink: /github/racademy_ws/install/racademy_description/share/racademy_description/environment/path.dsv
[0.609s] -- Up-to-date symlink: /github/racademy_ws/install/racademy_description/share/racademy_description/local_setup.bash
[0.609s] -- Up-to-date symlink: /github/racademy_ws/install/racademy_description/share/racademy_description/local_setup.sh
[0.610s] -- Up-to-date symlink: /github/racademy_ws/install/racademy_description/share/racademy_description/local_setup.zsh
[0.611s] -- Up-to-date symlink: /github/racademy_ws/install/racademy_description/share/racademy_description/local_setup.dsv
[0.613s] -- Symlinking: /github/racademy_ws/install/racademy_description/share/racademy_description/package.dsv
[0.624s] -- Up-to-date symlink: /github/racademy_ws/install/racademy_description/share/ament_index/resource_index/packages/racademy_description
[0.626s] -- Up-to-date symlink: /github/racademy_ws/install/racademy_description/share/racademy_description/cmake/racademy_descriptionConfig.cmake
[0.628s] -- Up-to-date symlink: /github/racademy_ws/install/racademy_description/share/racademy_description/cmake/racademy_descriptionConfig-version.cmake
[0.633s] -- Up-to-date symlink: /github/racademy_ws/install/racademy_description/share/racademy_description/package.xml
[0.689s] Invoked command in '/github/racademy_ws/build/racademy_description' returned '0': CMAKE_PREFIX_PATH=${CMAKE_PREFIX_PATH}:/github/racademy_ws/install/racademy_py_examples:/opt/ros/humble /usr/bin/cmake --install /github/racademy_ws/build/racademy_description
