[0.174s] DEBUG:colcon:Command line arguments: ['/usr/bin/colcon', 'build', '--symlink-install']
[0.174s] DEBUG:colcon:Parsed command line arguments: Namespace(log_base=None, log_level=None, verb_name='build', build_base='build', install_base='install', merge_install=False, symlink_install=True, test_result_base=None, continue_on_error=False, executor='parallel', parallel_workers=8, event_handlers=None, ignore_user_meta=False, metas=['./colcon.meta'], base_paths=['.'], packages_ignore=None, packages_ignore_regex=None, paths=None, packages_up_to=None, packages_up_to_regex=None, packages_above=None, packages_above_and_dependencies=None, packages_above_depth=None, packages_select_by_dep=None, packages_skip_by_dep=None, packages_skip_up_to=None, packages_select_build_failed=False, packages_skip_build_finished=False, packages_select_test_failures=False, packages_skip_test_passed=False, packages_select=None, packages_skip=None, packages_select_regex=None, packages_skip_regex=None, packages_start=None, packages_end=None, allow_overriding=[], cmake_args=None, cmake_target=None, cmake_target_skip_unavailable=False, cmake_clean_cache=False, cmake_clean_first=False, cmake_force_configure=False, ament_cmake_args=None, catkin_cmake_args=None, catkin_skip_building_tests=False, verb_parser=<colcon_defaults.argument_parser.defaults.DefaultArgumentsDecorator object at 0x7f9e2229d2a0>, verb_extension=<colcon_core.verb.build.BuildVerb object at 0x7f9e2229ccd0>, main=<bound method BuildVerb.main of <colcon_core.verb.build.BuildVerb object at 0x7f9e2229ccd0>>)
[0.434s] Level 1:colcon.colcon_core.package_discovery:discover_packages(colcon_meta) check parameters
[0.435s] Level 1:colcon.colcon_core.package_discovery:discover_packages(recursive) check parameters
[0.435s] Level 1:colcon.colcon_core.package_discovery:discover_packages(ignore) check parameters
[0.435s] Level 1:colcon.colcon_core.package_discovery:discover_packages(path) check parameters
[0.436s] Level 1:colcon.colcon_core.package_discovery:discover_packages(colcon_meta) discover
[0.436s] Level 1:colcon.colcon_core.package_discovery:discover_packages(recursive) discover
[0.436s] INFO:colcon.colcon_core.package_discovery:Crawling recursively for packages in '/github/racademy_ws'
[0.439s] Level 1:colcon.colcon_core.package_identification:_identify(.) by extensions ['ignore', 'ignore_ament_install']
[0.440s] Level 1:colcon.colcon_core.package_identification:_identify(.) by extension 'ignore'
[0.440s] Level 1:colcon.colcon_core.package_identification:_identify(.) by extension 'ignore_ament_install'
[0.441s] Level 1:colcon.colcon_core.package_identification:_identify(.) by extensions ['colcon_pkg']
[0.441s] Level 1:colcon.colcon_core.package_identification:_identify(.) by extension 'colcon_pkg'
[0.441s] Level 1:colcon.colcon_core.package_identification:_identify(.) by extensions ['colcon_meta']
[0.441s] Level 1:colcon.colcon_core.package_identification:_identify(.) by extension 'colcon_meta'
[0.442s] Level 1:colcon.colcon_core.package_identification:_identify(.) by extensions ['ros']
[0.442s] Level 1:colcon.colcon_core.package_identification:_identify(.) by extension 'ros'
[0.457s] Level 1:colcon.colcon_core.package_identification:_identify(.) by extensions ['cmake', 'python']
[0.458s] Level 1:colcon.colcon_core.package_identification:_identify(.) by extension 'cmake'
[0.458s] Level 1:colcon.colcon_core.package_identification:_identify(.) by extension 'python'
[0.459s] Level 1:colcon.colcon_core.package_identification:_identify(.) by extensions ['python_setup_py']
[0.459s] Level 1:colcon.colcon_core.package_identification:_identify(.) by extension 'python_setup_py'
[0.460s] Level 1:colcon.colcon_core.package_identification:_identify(build) by extensions ['ignore', 'ignore_ament_install']
[0.460s] Level 1:colcon.colcon_core.package_identification:_identify(build) by extension 'ignore'
[0.460s] Level 1:colcon.colcon_core.package_identification:_identify(build) ignored
[0.461s] Level 1:colcon.colcon_core.package_identification:_identify(install) by extensions ['ignore', 'ignore_ament_install']
[0.462s] Level 1:colcon.colcon_core.package_identification:_identify(install) by extension 'ignore'
[0.462s] Level 1:colcon.colcon_core.package_identification:_identify(install) ignored
[0.464s] Level 1:colcon.colcon_core.package_identification:_identify(log) by extensions ['ignore', 'ignore_ament_install']
[0.465s] Level 1:colcon.colcon_core.package_identification:_identify(log) by extension 'ignore'
[0.465s] Level 1:colcon.colcon_core.package_identification:_identify(log) ignored
[0.466s] Level 1:colcon.colcon_core.package_identification:_identify(src) by extensions ['ignore', 'ignore_ament_install']
[0.467s] Level 1:colcon.colcon_core.package_identification:_identify(src) by extension 'ignore'
[0.467s] Level 1:colcon.colcon_core.package_identification:_identify(src) by extension 'ignore_ament_install'
[0.468s] Level 1:colcon.colcon_core.package_identification:_identify(src) by extensions ['colcon_pkg']
[0.469s] Level 1:colcon.colcon_core.package_identification:_identify(src) by extension 'colcon_pkg'
[0.469s] Level 1:colcon.colcon_core.package_identification:_identify(src) by extensions ['colcon_meta']
[0.469s] Level 1:colcon.colcon_core.package_identification:_identify(src) by extension 'colcon_meta'
[0.470s] Level 1:colcon.colcon_core.package_identification:_identify(src) by extensions ['ros']
[0.470s] Level 1:colcon.colcon_core.package_identification:_identify(src) by extension 'ros'
[0.471s] Level 1:colcon.colcon_core.package_identification:_identify(src) by extensions ['cmake', 'python']
[0.471s] Level 1:colcon.colcon_core.package_identification:_identify(src) by extension 'cmake'
[0.471s] Level 1:colcon.colcon_core.package_identification:_identify(src) by extension 'python'
[0.472s] Level 1:colcon.colcon_core.package_identification:_identify(src) by extensions ['python_setup_py']
[0.472s] Level 1:colcon.colcon_core.package_identification:_identify(src) by extension 'python_setup_py'
[0.473s] Level 1:colcon.colcon_core.package_identification:_identify(src/learning_tf2_cpp) by extensions ['ignore', 'ignore_ament_install']
[0.474s] Level 1:colcon.colcon_core.package_identification:_identify(src/learning_tf2_cpp) by extension 'ignore'
[0.475s] Level 1:colcon.colcon_core.package_identification:_identify(src/learning_tf2_cpp) by extension 'ignore_ament_install'
[0.477s] Level 1:colcon.colcon_core.package_identification:_identify(src/learning_tf2_cpp) by extensions ['colcon_pkg']
[0.477s] Level 1:colcon.colcon_core.package_identification:_identify(src/learning_tf2_cpp) by extension 'colcon_pkg'
[0.478s] Level 1:colcon.colcon_core.package_identification:_identify(src/learning_tf2_cpp) by extensions ['colcon_meta']
[0.478s] Level 1:colcon.colcon_core.package_identification:_identify(src/learning_tf2_cpp) by extension 'colcon_meta'
[0.478s] Level 1:colcon.colcon_core.package_identification:_identify(src/learning_tf2_cpp) by extensions ['ros']
[0.478s] Level 1:colcon.colcon_core.package_identification:_identify(src/learning_tf2_cpp) by extension 'ros'
[0.484s] DEBUG:colcon.colcon_core.package_identification:Package 'src/learning_tf2_cpp' with type 'ros.ament_cmake' and name 'learning_tf2_cpp'
[0.485s] Level 1:colcon.colcon_core.package_identification:_identify(src/learning_tf2_py) by extensions ['ignore', 'ignore_ament_install']
[0.486s] Level 1:colcon.colcon_core.package_identification:_identify(src/learning_tf2_py) by extension 'ignore'
[0.486s] Level 1:colcon.colcon_core.package_identification:_identify(src/learning_tf2_py) by extension 'ignore_ament_install'
[0.487s] Level 1:colcon.colcon_core.package_identification:_identify(src/learning_tf2_py) by extensions ['colcon_pkg']
[0.487s] Level 1:colcon.colcon_core.package_identification:_identify(src/learning_tf2_py) by extension 'colcon_pkg'
[0.488s] Level 1:colcon.colcon_core.package_identification:_identify(src/learning_tf2_py) by extensions ['colcon_meta']
[0.488s] Level 1:colcon.colcon_core.package_identification:_identify(src/learning_tf2_py) by extension 'colcon_meta'
[0.488s] Level 1:colcon.colcon_core.package_identification:_identify(src/learning_tf2_py) by extensions ['ros']
[0.488s] Level 1:colcon.colcon_core.package_identification:_identify(src/learning_tf2_py) by extension 'ros'
[0.490s] DEBUG:colcon.colcon_core.package_identification:Package 'src/learning_tf2_py' with type 'ros.ament_python' and name 'learning_tf2_py'
[0.491s] Level 1:colcon.colcon_core.package_identification:_identify(src/racademy_cpp_examples) by extensions ['ignore', 'ignore_ament_install']
[0.491s] Level 1:colcon.colcon_core.package_identification:_identify(src/racademy_cpp_examples) by extension 'ignore'
[0.492s] Level 1:colcon.colcon_core.package_identification:_identify(src/racademy_cpp_examples) by extension 'ignore_ament_install'
[0.492s] Level 1:colcon.colcon_core.package_identification:_identify(src/racademy_cpp_examples) by extensions ['colcon_pkg']
[0.492s] Level 1:colcon.colcon_core.package_identification:_identify(src/racademy_cpp_examples) by extension 'colcon_pkg'
[0.492s] Level 1:colcon.colcon_core.package_identification:_identify(src/racademy_cpp_examples) by extensions ['colcon_meta']
[0.493s] Level 1:colcon.colcon_core.package_identification:_identify(src/racademy_cpp_examples) by extension 'colcon_meta'
[0.493s] Level 1:colcon.colcon_core.package_identification:_identify(src/racademy_cpp_examples) by extensions ['ros']
[0.494s] Level 1:colcon.colcon_core.package_identification:_identify(src/racademy_cpp_examples) by extension 'ros'
[0.496s] DEBUG:colcon.colcon_core.package_identification:Package 'src/racademy_cpp_examples' with type 'ros.ament_cmake' and name 'racademy_cpp_examples'
[0.497s] Level 1:colcon.colcon_core.package_identification:_identify(src/racademy_description) by extensions ['ignore', 'ignore_ament_install']
[0.497s] Level 1:colcon.colcon_core.package_identification:_identify(src/racademy_description) by extension 'ignore'
[0.497s] Level 1:colcon.colcon_core.package_identification:_identify(src/racademy_description) by extension 'ignore_ament_install'
[0.498s] Level 1:colcon.colcon_core.package_identification:_identify(src/racademy_description) by extensions ['colcon_pkg']
[0.498s] Level 1:colcon.colcon_core.package_identification:_identify(src/racademy_description) by extension 'colcon_pkg'
[0.500s] Level 1:colcon.colcon_core.package_identification:_identify(src/racademy_description) by extensions ['colcon_meta']
[0.500s] Level 1:colcon.colcon_core.package_identification:_identify(src/racademy_description) by extension 'colcon_meta'
[0.501s] Level 1:colcon.colcon_core.package_identification:_identify(src/racademy_description) by extensions ['ros']
[0.501s] Level 1:colcon.colcon_core.package_identification:_identify(src/racademy_description) by extension 'ros'
[0.503s] DEBUG:colcon.colcon_core.package_identification:Package 'src/racademy_description' with type 'ros.ament_cmake' and name 'racademy_description'
[0.504s] Level 1:colcon.colcon_core.package_identification:_identify(src/racademy_py_examples) by extensions ['ignore', 'ignore_ament_install']
[0.504s] Level 1:colcon.colcon_core.package_identification:_identify(src/racademy_py_examples) by extension 'ignore'
[0.505s] Level 1:colcon.colcon_core.package_identification:_identify(src/racademy_py_examples) by extension 'ignore_ament_install'
[0.505s] Level 1:colcon.colcon_core.package_identification:_identify(src/racademy_py_examples) by extensions ['colcon_pkg']
[0.506s] Level 1:colcon.colcon_core.package_identification:_identify(src/racademy_py_examples) by extension 'colcon_pkg'
[0.506s] Level 1:colcon.colcon_core.package_identification:_identify(src/racademy_py_examples) by extensions ['colcon_meta']
[0.506s] Level 1:colcon.colcon_core.package_identification:_identify(src/racademy_py_examples) by extension 'colcon_meta'
[0.507s] Level 1:colcon.colcon_core.package_identification:_identify(src/racademy_py_examples) by extensions ['ros']
[0.507s] Level 1:colcon.colcon_core.package_identification:_identify(src/racademy_py_examples) by extension 'ros'
[0.509s] DEBUG:colcon.colcon_core.package_identification:Package 'src/racademy_py_examples' with type 'ros.ament_python' and name 'racademy_py_examples'
[0.509s] Level 1:colcon.colcon_core.package_discovery:discover_packages(recursive) using defaults
[0.509s] Level 1:colcon.colcon_core.package_discovery:discover_packages(ignore) discover
[0.510s] Level 1:colcon.colcon_core.package_discovery:discover_packages(ignore) using defaults
[0.510s] Level 1:colcon.colcon_core.package_discovery:discover_packages(path) discover
[0.510s] Level 1:colcon.colcon_core.package_discovery:discover_packages(path) using defaults
[0.558s] Level 1:colcon.colcon_core.package_discovery:discover_packages(prefix_path) check parameters
[0.559s] Level 1:colcon.colcon_core.package_discovery:discover_packages(prefix_path) discover
[0.568s] DEBUG:colcon.colcon_installed_package_information.package_discovery:Found 5 installed packages in /github/racademy_ws/install
[0.572s] DEBUG:colcon.colcon_installed_package_information.package_discovery:Found 394 installed packages in /opt/ros/humble
[0.575s] Level 1:colcon.colcon_core.package_discovery:discover_packages(prefix_path) using defaults
[0.685s] Level 5:colcon.colcon_core.verb:set package 'learning_tf2_cpp' build argument 'cmake_args' from command line to 'None'
[0.686s] Level 5:colcon.colcon_core.verb:set package 'learning_tf2_cpp' build argument 'cmake_target' from command line to 'None'
[0.686s] Level 5:colcon.colcon_core.verb:set package 'learning_tf2_cpp' build argument 'cmake_target_skip_unavailable' from command line to 'False'
[0.687s] Level 5:colcon.colcon_core.verb:set package 'learning_tf2_cpp' build argument 'cmake_clean_cache' from command line to 'False'
[0.687s] Level 5:colcon.colcon_core.verb:set package 'learning_tf2_cpp' build argument 'cmake_clean_first' from command line to 'False'
[0.688s] Level 5:colcon.colcon_core.verb:set package 'learning_tf2_cpp' build argument 'cmake_force_configure' from command line to 'False'
[0.688s] Level 5:colcon.colcon_core.verb:set package 'learning_tf2_cpp' build argument 'ament_cmake_args' from command line to 'None'
[0.689s] Level 5:colcon.colcon_core.verb:set package 'learning_tf2_cpp' build argument 'catkin_cmake_args' from command line to 'None'
[0.690s] Level 5:colcon.colcon_core.verb:set package 'learning_tf2_cpp' build argument 'catkin_skip_building_tests' from command line to 'False'
[0.690s] DEBUG:colcon.colcon_core.verb:Building package 'learning_tf2_cpp' with the following arguments: {'ament_cmake_args': None, 'build_base': '/github/racademy_ws/build/learning_tf2_cpp', 'catkin_cmake_args': None, 'catkin_skip_building_tests': False, 'cmake_args': None, 'cmake_clean_cache': False, 'cmake_clean_first': False, 'cmake_force_configure': False, 'cmake_target': None, 'cmake_target_skip_unavailable': False, 'install_base': '/github/racademy_ws/install/learning_tf2_cpp', 'merge_install': False, 'path': '/github/racademy_ws/src/learning_tf2_cpp', 'symlink_install': True, 'test_result_base': None}
[0.691s] Level 5:colcon.colcon_core.verb:set package 'learning_tf2_py' build argument 'cmake_args' from command line to 'None'
[0.691s] Level 5:colcon.colcon_core.verb:set package 'learning_tf2_py' build argument 'cmake_target' from command line to 'None'
[0.691s] Level 5:colcon.colcon_core.verb:set package 'learning_tf2_py' build argument 'cmake_target_skip_unavailable' from command line to 'False'
[0.692s] Level 5:colcon.colcon_core.verb:set package 'learning_tf2_py' build argument 'cmake_clean_cache' from command line to 'False'
[0.692s] Level 5:colcon.colcon_core.verb:set package 'learning_tf2_py' build argument 'cmake_clean_first' from command line to 'False'
[0.692s] Level 5:colcon.colcon_core.verb:set package 'learning_tf2_py' build argument 'cmake_force_configure' from command line to 'False'
[0.692s] Level 5:colcon.colcon_core.verb:set package 'learning_tf2_py' build argument 'ament_cmake_args' from command line to 'None'
[0.693s] Level 5:colcon.colcon_core.verb:set package 'learning_tf2_py' build argument 'catkin_cmake_args' from command line to 'None'
[0.693s] Level 5:colcon.colcon_core.verb:set package 'learning_tf2_py' build argument 'catkin_skip_building_tests' from command line to 'False'
[0.693s] DEBUG:colcon.colcon_core.verb:Building package 'learning_tf2_py' with the following arguments: {'ament_cmake_args': None, 'build_base': '/github/racademy_ws/build/learning_tf2_py', 'catkin_cmake_args': None, 'catkin_skip_building_tests': False, 'cmake_args': None, 'cmake_clean_cache': False, 'cmake_clean_first': False, 'cmake_force_configure': False, 'cmake_target': None, 'cmake_target_skip_unavailable': False, 'install_base': '/github/racademy_ws/install/learning_tf2_py', 'merge_install': False, 'path': '/github/racademy_ws/src/learning_tf2_py', 'symlink_install': True, 'test_result_base': None}
[0.694s] Level 5:colcon.colcon_core.verb:set package 'racademy_cpp_examples' build argument 'cmake_args' from command line to 'None'
[0.695s] Level 5:colcon.colcon_core.verb:set package 'racademy_cpp_examples' build argument 'cmake_target' from command line to 'None'
[0.695s] Level 5:colcon.colcon_core.verb:set package 'racademy_cpp_examples' build argument 'cmake_target_skip_unavailable' from command line to 'False'
[0.695s] Level 5:colcon.colcon_core.verb:set package 'racademy_cpp_examples' build argument 'cmake_clean_cache' from command line to 'False'
[0.696s] Level 5:colcon.colcon_core.verb:set package 'racademy_cpp_examples' build argument 'cmake_clean_first' from command line to 'False'
[0.696s] Level 5:colcon.colcon_core.verb:set package 'racademy_cpp_examples' build argument 'cmake_force_configure' from command line to 'False'
[0.696s] Level 5:colcon.colcon_core.verb:set package 'racademy_cpp_examples' build argument 'ament_cmake_args' from command line to 'None'
[0.696s] Level 5:colcon.colcon_core.verb:set package 'racademy_cpp_examples' build argument 'catkin_cmake_args' from command line to 'None'
[0.697s] Level 5:colcon.colcon_core.verb:set package 'racademy_cpp_examples' build argument 'catkin_skip_building_tests' from command line to 'False'
[0.697s] DEBUG:colcon.colcon_core.verb:Building package 'racademy_cpp_examples' with the following arguments: {'ament_cmake_args': None, 'build_base': '/github/racademy_ws/build/racademy_cpp_examples', 'catkin_cmake_args': None, 'catkin_skip_building_tests': False, 'cmake_args': None, 'cmake_clean_cache': False, 'cmake_clean_first': False, 'cmake_force_configure': False, 'cmake_target': None, 'cmake_target_skip_unavailable': False, 'install_base': '/github/racademy_ws/install/racademy_cpp_examples', 'merge_install': False, 'path': '/github/racademy_ws/src/racademy_cpp_examples', 'symlink_install': True, 'test_result_base': None}
[0.697s] Level 5:colcon.colcon_core.verb:set package 'racademy_description' build argument 'cmake_args' from command line to 'None'
[0.698s] Level 5:colcon.colcon_core.verb:set package 'racademy_description' build argument 'cmake_target' from command line to 'None'
[0.698s] Level 5:colcon.colcon_core.verb:set package 'racademy_description' build argument 'cmake_target_skip_unavailable' from command line to 'False'
[0.698s] Level 5:colcon.colcon_core.verb:set package 'racademy_description' build argument 'cmake_clean_cache' from command line to 'False'
[0.698s] Level 5:colcon.colcon_core.verb:set package 'racademy_description' build argument 'cmake_clean_first' from command line to 'False'
[0.698s] Level 5:colcon.colcon_core.verb:set package 'racademy_description' build argument 'cmake_force_configure' from command line to 'False'
[0.699s] Level 5:colcon.colcon_core.verb:set package 'racademy_description' build argument 'ament_cmake_args' from command line to 'None'
[0.699s] Level 5:colcon.colcon_core.verb:set package 'racademy_description' build argument 'catkin_cmake_args' from command line to 'None'
[0.699s] Level 5:colcon.colcon_core.verb:set package 'racademy_description' build argument 'catkin_skip_building_tests' from command line to 'False'
[0.699s] DEBUG:colcon.colcon_core.verb:Building package 'racademy_description' with the following arguments: {'ament_cmake_args': None, 'build_base': '/github/racademy_ws/build/racademy_description', 'catkin_cmake_args': None, 'catkin_skip_building_tests': False, 'cmake_args': None, 'cmake_clean_cache': False, 'cmake_clean_first': False, 'cmake_force_configure': False, 'cmake_target': None, 'cmake_target_skip_unavailable': False, 'install_base': '/github/racademy_ws/install/racademy_description', 'merge_install': False, 'path': '/github/racademy_ws/src/racademy_description', 'symlink_install': True, 'test_result_base': None}
[0.700s] Level 5:colcon.colcon_core.verb:set package 'racademy_py_examples' build argument 'cmake_args' from command line to 'None'
[0.700s] Level 5:colcon.colcon_core.verb:set package 'racademy_py_examples' build argument 'cmake_target' from command line to 'None'
[0.700s] Level 5:colcon.colcon_core.verb:set package 'racademy_py_examples' build argument 'cmake_target_skip_unavailable' from command line to 'False'
[0.700s] Level 5:colcon.colcon_core.verb:set package 'racademy_py_examples' build argument 'cmake_clean_cache' from command line to 'False'
[0.700s] Level 5:colcon.colcon_core.verb:set package 'racademy_py_examples' build argument 'cmake_clean_first' from command line to 'False'
[0.700s] Level 5:colcon.colcon_core.verb:set package 'racademy_py_examples' build argument 'cmake_force_configure' from command line to 'False'
[0.700s] Level 5:colcon.colcon_core.verb:set package 'racademy_py_examples' build argument 'ament_cmake_args' from command line to 'None'
[0.701s] Level 5:colcon.colcon_core.verb:set package 'racademy_py_examples' build argument 'catkin_cmake_args' from command line to 'None'
[0.701s] Level 5:colcon.colcon_core.verb:set package 'racademy_py_examples' build argument 'catkin_skip_building_tests' from command line to 'False'
[0.701s] DEBUG:colcon.colcon_core.verb:Building package 'racademy_py_examples' with the following arguments: {'ament_cmake_args': None, 'build_base': '/github/racademy_ws/build/racademy_py_examples', 'catkin_cmake_args': None, 'catkin_skip_building_tests': False, 'cmake_args': None, 'cmake_clean_cache': False, 'cmake_clean_first': False, 'cmake_force_configure': False, 'cmake_target': None, 'cmake_target_skip_unavailable': False, 'install_base': '/github/racademy_ws/install/racademy_py_examples', 'merge_install': False, 'path': '/github/racademy_ws/src/racademy_py_examples', 'symlink_install': True, 'test_result_base': None}
[0.701s] INFO:colcon.colcon_core.executor:Executing jobs using 'parallel' executor
[0.703s] DEBUG:colcon.colcon_parallel_executor.executor.parallel:run_until_complete
[0.704s] INFO:colcon.colcon_ros.task.ament_cmake.build:Building ROS package in '/github/racademy_ws/src/learning_tf2_cpp' with build type 'ament_cmake'
[0.704s] INFO:colcon.colcon_cmake.task.cmake.build:Building CMake package in '/github/racademy_ws/src/learning_tf2_cpp'
[0.708s] INFO:colcon.colcon_core.plugin_system:Skipping extension 'colcon_core.shell.bat': Not used on non-Windows systems
[0.709s] INFO:colcon.colcon_core.shell:Skip shell extension 'powershell' for command environment: Not usable outside of PowerShell
[0.709s] DEBUG:colcon.colcon_core.shell:Skip shell extension 'dsv' for command environment
[0.723s] INFO:colcon.colcon_ros.task.ament_python.build:Building ROS package in '/github/racademy_ws/src/learning_tf2_py' with build type 'ament_python'
[0.723s] Level 1:colcon.colcon_core.shell:create_environment_hook('learning_tf2_py', 'ament_prefix_path')
[0.724s] INFO:colcon.colcon_core.shell:Creating environment hook '/github/racademy_ws/install/learning_tf2_py/share/learning_tf2_py/hook/ament_prefix_path.ps1'
[0.726s] INFO:colcon.colcon_core.shell:Creating environment descriptor '/github/racademy_ws/install/learning_tf2_py/share/learning_tf2_py/hook/ament_prefix_path.dsv'
[0.729s] INFO:colcon.colcon_core.shell:Creating environment hook '/github/racademy_ws/install/learning_tf2_py/share/learning_tf2_py/hook/ament_prefix_path.sh'
[0.732s] INFO:colcon.colcon_core.shell:Skip shell extension 'powershell' for command environment: Not usable outside of PowerShell
[0.732s] DEBUG:colcon.colcon_core.shell:Skip shell extension 'dsv' for command environment
[0.743s] INFO:colcon.colcon_ros.task.ament_cmake.build:Building ROS package in '/github/racademy_ws/src/racademy_cpp_examples' with build type 'ament_cmake'
[0.744s] INFO:colcon.colcon_cmake.task.cmake.build:Building CMake package in '/github/racademy_ws/src/racademy_cpp_examples'
[0.745s] INFO:colcon.colcon_core.shell:Skip shell extension 'powershell' for command environment: Not usable outside of PowerShell
[0.746s] DEBUG:colcon.colcon_core.shell:Skip shell extension 'dsv' for command environment
[0.759s] INFO:colcon.colcon_ros.task.ament_cmake.build:Building ROS package in '/github/racademy_ws/src/racademy_description' with build type 'ament_cmake'
[0.759s] INFO:colcon.colcon_cmake.task.cmake.build:Building CMake package in '/github/racademy_ws/src/racademy_description'
[0.760s] INFO:colcon.colcon_core.shell:Skip shell extension 'powershell' for command environment: Not usable outside of PowerShell
[0.760s] DEBUG:colcon.colcon_core.shell:Skip shell extension 'dsv' for command environment
[0.778s] INFO:colcon.colcon_ros.task.ament_python.build:Building ROS package in '/github/racademy_ws/src/racademy_py_examples' with build type 'ament_python'
[0.778s] Level 1:colcon.colcon_core.shell:create_environment_hook('racademy_py_examples', 'ament_prefix_path')
[0.781s] INFO:colcon.colcon_core.shell:Creating environment hook '/github/racademy_ws/install/racademy_py_examples/share/racademy_py_examples/hook/ament_prefix_path.ps1'
[0.785s] INFO:colcon.colcon_core.shell:Creating environment descriptor '/github/racademy_ws/install/racademy_py_examples/share/racademy_py_examples/hook/ament_prefix_path.dsv'
[0.788s] INFO:colcon.colcon_core.shell:Creating environment hook '/github/racademy_ws/install/racademy_py_examples/share/racademy_py_examples/hook/ament_prefix_path.sh'
[0.791s] INFO:colcon.colcon_core.shell:Skip shell extension 'powershell' for command environment: Not usable outside of PowerShell
[0.791s] DEBUG:colcon.colcon_core.shell:Skip shell extension 'dsv' for command environment
[0.843s] DEBUG:colcon.colcon_core.event_handler.log_command:Invoking command in '/github/racademy_ws/build/learning_tf2_cpp': CMAKE_PREFIX_PATH=${CMAKE_PREFIX_PATH}:/github/racademy_ws/install/racademy_py_examples:/github/racademy_ws/install/learning_tf2_py:/opt/ros/humble /usr/bin/cmake --build /github/racademy_ws/build/learning_tf2_cpp -- -j8 -l8
[1.266s] INFO:colcon.colcon_core.task.python.build:Building Python package in '/github/racademy_ws/src/learning_tf2_py'
[1.266s] INFO:colcon.colcon_core.shell:Skip shell extension 'powershell' for command environment: Not usable outside of PowerShell
[1.267s] DEBUG:colcon.colcon_core.shell:Skip shell extension 'dsv' for command environment
[1.299s] DEBUG:colcon.colcon_core.event_handler.log_command:Invoking command in '/github/racademy_ws/build/racademy_cpp_examples': CMAKE_PREFIX_PATH=${CMAKE_PREFIX_PATH}:/github/racademy_ws/install/racademy_py_examples:/github/racademy_ws/install/learning_tf2_py:/opt/ros/humble /usr/bin/cmake --build /github/racademy_ws/build/racademy_cpp_examples -- -j8 -l8
[1.324s] DEBUG:colcon.colcon_core.event_handler.log_command:Invoking command in '/github/racademy_ws/build/racademy_description': CMAKE_PREFIX_PATH=${CMAKE_PREFIX_PATH}:/github/racademy_ws/install/racademy_py_examples:/github/racademy_ws/install/learning_tf2_py:/opt/ros/humble /usr/bin/cmake --build /github/racademy_ws/build/racademy_description -- -j8 -l8
[1.743s] INFO:colcon.colcon_core.task.python.build:Building Python package in '/github/racademy_ws/src/racademy_py_examples'
[1.744s] INFO:colcon.colcon_core.shell:Skip shell extension 'powershell' for command environment: Not usable outside of PowerShell
[1.744s] DEBUG:colcon.colcon_core.shell:Skip shell extension 'dsv' for command environment
[1.767s] DEBUG:colcon.colcon_core.event_handler.log_command:Invoked command in '/github/racademy_ws/build/learning_tf2_cpp' returned '0': CMAKE_PREFIX_PATH=${CMAKE_PREFIX_PATH}:/github/racademy_ws/install/racademy_py_examples:/github/racademy_ws/install/learning_tf2_py:/opt/ros/humble /usr/bin/cmake --build /github/racademy_ws/build/learning_tf2_cpp -- -j8 -l8
[1.793s] DEBUG:colcon.colcon_core.event_handler.log_command:Invoking command in '/github/racademy_ws/build/learning_tf2_cpp': CMAKE_PREFIX_PATH=${CMAKE_PREFIX_PATH}:/github/racademy_ws/install/racademy_py_examples:/github/racademy_ws/install/learning_tf2_py:/opt/ros/humble /usr/bin/cmake --install /github/racademy_ws/build/learning_tf2_cpp
[1.795s] DEBUG:colcon.colcon_core.event_handler.log_command:Invoked command in '/github/racademy_ws/build/racademy_cpp_examples' returned '0': CMAKE_PREFIX_PATH=${CMAKE_PREFIX_PATH}:/github/racademy_ws/install/racademy_py_examples:/github/racademy_ws/install/learning_tf2_py:/opt/ros/humble /usr/bin/cmake --build /github/racademy_ws/build/racademy_cpp_examples -- -j8 -l8
[1.804s] DEBUG:colcon.colcon_core.event_handler.log_command:Invoking command in '/github/racademy_ws/build/racademy_cpp_examples': CMAKE_PREFIX_PATH=${CMAKE_PREFIX_PATH}:/github/racademy_ws/install/racademy_py_examples:/github/racademy_ws/install/learning_tf2_py:/opt/ros/humble /usr/bin/cmake --install /github/racademy_ws/build/racademy_cpp_examples
[1.808s] DEBUG:colcon.colcon_core.event_handler.log_command:Invoked command in '/github/racademy_ws/build/racademy_description' returned '0': CMAKE_PREFIX_PATH=${CMAKE_PREFIX_PATH}:/github/racademy_ws/install/racademy_py_examples:/github/racademy_ws/install/learning_tf2_py:/opt/ros/humble /usr/bin/cmake --build /github/racademy_ws/build/racademy_description -- -j8 -l8
[1.820s] DEBUG:colcon.colcon_core.event_handler.log_command:Invoking command in '/github/racademy_ws/build/racademy_description': CMAKE_PREFIX_PATH=${CMAKE_PREFIX_PATH}:/github/racademy_ws/install/racademy_py_examples:/github/racademy_ws/install/learning_tf2_py:/opt/ros/humble /usr/bin/cmake --install /github/racademy_ws/build/racademy_description
[1.895s] Level 1:colcon.colcon_core.environment:create_environment_scripts_only(learning_tf2_cpp)
[1.903s] Level 1:colcon.colcon_core.environment:checking '/github/racademy_ws/install/learning_tf2_cpp' for CMake module files
[1.927s] Level 1:colcon.colcon_core.environment:checking '/github/racademy_ws/install/learning_tf2_cpp' for CMake config files
[1.940s] DEBUG:colcon.colcon_core.event_handler.log_command:Invoked command in '/github/racademy_ws/build/learning_tf2_cpp' returned '0': CMAKE_PREFIX_PATH=${CMAKE_PREFIX_PATH}:/github/racademy_ws/install/racademy_py_examples:/github/racademy_ws/install/learning_tf2_py:/opt/ros/humble /usr/bin/cmake --install /github/racademy_ws/build/learning_tf2_cpp
[1.942s] Level 1:colcon.colcon_core.shell:create_environment_hook('learning_tf2_cpp', 'cmake_prefix_path')
[1.943s] INFO:colcon.colcon_core.shell:Creating environment hook '/github/racademy_ws/install/learning_tf2_cpp/share/learning_tf2_cpp/hook/cmake_prefix_path.ps1'
[1.947s] INFO:colcon.colcon_core.shell:Creating environment descriptor '/github/racademy_ws/install/learning_tf2_cpp/share/learning_tf2_cpp/hook/cmake_prefix_path.dsv'
[1.951s] INFO:colcon.colcon_core.shell:Creating environment hook '/github/racademy_ws/install/learning_tf2_cpp/share/learning_tf2_cpp/hook/cmake_prefix_path.sh'
[1.954s] Level 1:colcon.colcon_core.environment:checking '/github/racademy_ws/install/learning_tf2_cpp/bin'
[1.955s] Level 1:colcon.colcon_core.environment:checking '/github/racademy_ws/install/learning_tf2_cpp/lib/pkgconfig/learning_tf2_cpp.pc'
[1.956s] Level 1:colcon.colcon_core.environment:checking '/github/racademy_ws/install/learning_tf2_cpp/lib/python3.10/site-packages'
[1.957s] Level 1:colcon.colcon_core.environment:checking '/github/racademy_ws/install/learning_tf2_cpp/bin'
[1.958s] INFO:colcon.colcon_core.shell:Creating package script '/github/racademy_ws/install/learning_tf2_cpp/share/learning_tf2_cpp/package.ps1'
[1.962s] INFO:colcon.colcon_core.shell:Creating package descriptor '/github/racademy_ws/install/learning_tf2_cpp/share/learning_tf2_cpp/package.dsv'
[1.968s] INFO:colcon.colcon_core.shell:Creating package script '/github/racademy_ws/install/learning_tf2_cpp/share/learning_tf2_cpp/package.sh'
[1.972s] INFO:colcon.colcon_core.shell:Creating package script '/github/racademy_ws/install/learning_tf2_cpp/share/learning_tf2_cpp/package.bash'
[1.974s] INFO:colcon.colcon_core.shell:Creating package script '/github/racademy_ws/install/learning_tf2_cpp/share/learning_tf2_cpp/package.zsh'
[1.978s] Level 1:colcon.colcon_core.environment:create_file_with_runtime_dependencies(/github/racademy_ws/install/learning_tf2_cpp/share/colcon-core/packages/learning_tf2_cpp)
[1.982s] Level 1:colcon.colcon_core.environment:create_environment_scripts_only(learning_tf2_cpp)
[1.984s] Level 1:colcon.colcon_core.environment:checking '/github/racademy_ws/install/learning_tf2_cpp' for CMake module files
[1.993s] Level 1:colcon.colcon_core.environment:checking '/github/racademy_ws/install/learning_tf2_cpp' for CMake config files
[1.997s] Level 1:colcon.colcon_core.shell:create_environment_hook('learning_tf2_cpp', 'cmake_prefix_path')
[1.998s] INFO:colcon.colcon_core.shell:Creating environment hook '/github/racademy_ws/install/learning_tf2_cpp/share/learning_tf2_cpp/hook/cmake_prefix_path.ps1'
[2.001s] INFO:colcon.colcon_core.shell:Creating environment descriptor '/github/racademy_ws/install/learning_tf2_cpp/share/learning_tf2_cpp/hook/cmake_prefix_path.dsv'
[2.003s] INFO:colcon.colcon_core.shell:Creating environment hook '/github/racademy_ws/install/learning_tf2_cpp/share/learning_tf2_cpp/hook/cmake_prefix_path.sh'
[2.005s] Level 1:colcon.colcon_core.environment:checking '/github/racademy_ws/install/learning_tf2_cpp/bin'
[2.006s] Level 1:colcon.colcon_core.environment:checking '/github/racademy_ws/install/learning_tf2_cpp/lib/pkgconfig/learning_tf2_cpp.pc'
[2.007s] Level 1:colcon.colcon_core.environment:checking '/github/racademy_ws/install/learning_tf2_cpp/lib/python3.10/site-packages'
[2.008s] Level 1:colcon.colcon_core.environment:checking '/github/racademy_ws/install/learning_tf2_cpp/bin'
[2.010s] INFO:colcon.colcon_core.shell:Creating package script '/github/racademy_ws/install/learning_tf2_cpp/share/learning_tf2_cpp/package.ps1'
[2.014s] INFO:colcon.colcon_core.shell:Creating package descriptor '/github/racademy_ws/install/learning_tf2_cpp/share/learning_tf2_cpp/package.dsv'
[2.016s] INFO:colcon.colcon_core.shell:Creating package script '/github/racademy_ws/install/learning_tf2_cpp/share/learning_tf2_cpp/package.sh'
[2.018s] INFO:colcon.colcon_core.shell:Creating package script '/github/racademy_ws/install/learning_tf2_cpp/share/learning_tf2_cpp/package.bash'
[2.020s] INFO:colcon.colcon_core.shell:Creating package script '/github/racademy_ws/install/learning_tf2_cpp/share/learning_tf2_cpp/package.zsh'
[2.022s] Level 1:colcon.colcon_core.environment:create_file_with_runtime_dependencies(/github/racademy_ws/install/learning_tf2_cpp/share/colcon-core/packages/learning_tf2_cpp)
[2.026s] Level 1:colcon.colcon_core.environment:create_environment_scripts_only(racademy_description)
[2.027s] Level 1:colcon.colcon_core.environment:checking '/github/racademy_ws/install/racademy_description' for CMake module files
[2.030s] DEBUG:colcon.colcon_core.event_handler.log_command:Invoked command in '/github/racademy_ws/build/racademy_description' returned '0': CMAKE_PREFIX_PATH=${CMAKE_PREFIX_PATH}:/github/racademy_ws/install/racademy_py_examples:/github/racademy_ws/install/learning_tf2_py:/opt/ros/humble /usr/bin/cmake --install /github/racademy_ws/build/racademy_description
[2.035s] Level 1:colcon.colcon_core.environment:checking '/github/racademy_ws/install/racademy_description' for CMake config files
[2.047s] Level 1:colcon.colcon_core.shell:create_environment_hook('racademy_description', 'cmake_prefix_path')
[2.048s] INFO:colcon.colcon_core.shell:Creating environment hook '/github/racademy_ws/install/racademy_description/share/racademy_description/hook/cmake_prefix_path.ps1'
[2.051s] INFO:colcon.colcon_core.shell:Creating environment descriptor '/github/racademy_ws/install/racademy_description/share/racademy_description/hook/cmake_prefix_path.dsv'
[2.055s] INFO:colcon.colcon_core.shell:Creating environment hook '/github/racademy_ws/install/racademy_description/share/racademy_description/hook/cmake_prefix_path.sh'
[2.061s] Level 1:colcon.colcon_core.environment:checking '/github/racademy_ws/install/racademy_description/bin'
[2.063s] Level 1:colcon.colcon_core.environment:checking '/github/racademy_ws/install/racademy_description/lib/pkgconfig/racademy_description.pc'
[2.064s] Level 1:colcon.colcon_core.environment:checking '/github/racademy_ws/install/racademy_description/lib/python3.10/site-packages'
[2.066s] Level 1:colcon.colcon_core.environment:checking '/github/racademy_ws/install/racademy_description/bin'
[2.067s] INFO:colcon.colcon_core.shell:Creating package script '/github/racademy_ws/install/racademy_description/share/racademy_description/package.ps1'
[2.070s] INFO:colcon.colcon_core.shell:Creating package descriptor '/github/racademy_ws/install/racademy_description/share/racademy_description/package.dsv'
[2.073s] INFO:colcon.colcon_core.shell:Creating package script '/github/racademy_ws/install/racademy_description/share/racademy_description/package.sh'
[2.077s] INFO:colcon.colcon_core.shell:Creating package script '/github/racademy_ws/install/racademy_description/share/racademy_description/package.bash'
[2.078s] INFO:colcon.colcon_core.shell:Creating package script '/github/racademy_ws/install/racademy_description/share/racademy_description/package.zsh'
[2.083s] Level 1:colcon.colcon_core.environment:create_file_with_runtime_dependencies(/github/racademy_ws/install/racademy_description/share/colcon-core/packages/racademy_description)
[2.090s] Level 1:colcon.colcon_core.environment:create_environment_scripts_only(racademy_description)
[2.090s] Level 1:colcon.colcon_core.environment:checking '/github/racademy_ws/install/racademy_description' for CMake module files
[2.100s] Level 1:colcon.colcon_core.environment:checking '/github/racademy_ws/install/racademy_description' for CMake config files
[2.109s] Level 1:colcon.colcon_core.shell:create_environment_hook('racademy_description', 'cmake_prefix_path')
[2.110s] INFO:colcon.colcon_core.shell:Creating environment hook '/github/racademy_ws/install/racademy_description/share/racademy_description/hook/cmake_prefix_path.ps1'
[2.112s] INFO:colcon.colcon_core.shell:Creating environment descriptor '/github/racademy_ws/install/racademy_description/share/racademy_description/hook/cmake_prefix_path.dsv'
[2.113s] INFO:colcon.colcon_core.shell:Creating environment hook '/github/racademy_ws/install/racademy_description/share/racademy_description/hook/cmake_prefix_path.sh'
[2.116s] Level 1:colcon.colcon_core.environment:checking '/github/racademy_ws/install/racademy_description/bin'
[2.116s] Level 1:colcon.colcon_core.environment:checking '/github/racademy_ws/install/racademy_description/lib/pkgconfig/racademy_description.pc'
[2.117s] Level 1:colcon.colcon_core.environment:checking '/github/racademy_ws/install/racademy_description/lib/python3.10/site-packages'
[2.117s] Level 1:colcon.colcon_core.environment:checking '/github/racademy_ws/install/racademy_description/bin'
[2.119s] INFO:colcon.colcon_core.shell:Creating package script '/github/racademy_ws/install/racademy_description/share/racademy_description/package.ps1'
[2.121s] INFO:colcon.colcon_core.shell:Creating package descriptor '/github/racademy_ws/install/racademy_description/share/racademy_description/package.dsv'
[2.124s] INFO:colcon.colcon_core.shell:Creating package script '/github/racademy_ws/install/racademy_description/share/racademy_description/package.sh'
[2.129s] INFO:colcon.colcon_core.shell:Creating package script '/github/racademy_ws/install/racademy_description/share/racademy_description/package.bash'
[2.132s] INFO:colcon.colcon_core.shell:Creating package script '/github/racademy_ws/install/racademy_description/share/racademy_description/package.zsh'
[2.134s] Level 1:colcon.colcon_core.environment:create_file_with_runtime_dependencies(/github/racademy_ws/install/racademy_description/share/colcon-core/packages/racademy_description)
[2.135s] Level 1:colcon.colcon_core.environment:create_environment_scripts_only(racademy_cpp_examples)
[2.136s] Level 1:colcon.colcon_core.environment:checking '/github/racademy_ws/install/racademy_cpp_examples' for CMake module files
[2.141s] DEBUG:colcon.colcon_core.event_handler.log_command:Invoked command in '/github/racademy_ws/build/racademy_cpp_examples' returned '0': CMAKE_PREFIX_PATH=${CMAKE_PREFIX_PATH}:/github/racademy_ws/install/racademy_py_examples:/github/racademy_ws/install/learning_tf2_py:/opt/ros/humble /usr/bin/cmake --install /github/racademy_ws/build/racademy_cpp_examples
[2.143s] Level 1:colcon.colcon_core.environment:checking '/github/racademy_ws/install/racademy_cpp_examples' for CMake config files
[2.150s] Level 1:colcon.colcon_core.shell:create_environment_hook('racademy_cpp_examples', 'cmake_prefix_path')
[2.151s] INFO:colcon.colcon_core.shell:Creating environment hook '/github/racademy_ws/install/racademy_cpp_examples/share/racademy_cpp_examples/hook/cmake_prefix_path.ps1'
[2.153s] INFO:colcon.colcon_core.shell:Creating environment descriptor '/github/racademy_ws/install/racademy_cpp_examples/share/racademy_cpp_examples/hook/cmake_prefix_path.dsv'
[2.155s] INFO:colcon.colcon_core.shell:Creating environment hook '/github/racademy_ws/install/racademy_cpp_examples/share/racademy_cpp_examples/hook/cmake_prefix_path.sh'
[2.158s] Level 1:colcon.colcon_core.environment:checking '/github/racademy_ws/install/racademy_cpp_examples/bin'
[2.158s] Level 1:colcon.colcon_core.environment:checking '/github/racademy_ws/install/racademy_cpp_examples/lib/pkgconfig/racademy_cpp_examples.pc'
[2.159s] Level 1:colcon.colcon_core.environment:checking '/github/racademy_ws/install/racademy_cpp_examples/lib/python3.10/site-packages'
[2.160s] Level 1:colcon.colcon_core.environment:checking '/github/racademy_ws/install/racademy_cpp_examples/bin'
[2.161s] INFO:colcon.colcon_core.shell:Creating package script '/github/racademy_ws/install/racademy_cpp_examples/share/racademy_cpp_examples/package.ps1'
[2.162s] INFO:colcon.colcon_core.shell:Creating package descriptor '/github/racademy_ws/install/racademy_cpp_examples/share/racademy_cpp_examples/package.dsv'
[2.164s] INFO:colcon.colcon_core.shell:Creating package script '/github/racademy_ws/install/racademy_cpp_examples/share/racademy_cpp_examples/package.sh'
[2.165s] INFO:colcon.colcon_core.shell:Creating package script '/github/racademy_ws/install/racademy_cpp_examples/share/racademy_cpp_examples/package.bash'
[2.168s] INFO:colcon.colcon_core.shell:Creating package script '/github/racademy_ws/install/racademy_cpp_examples/share/racademy_cpp_examples/package.zsh'
[2.170s] Level 1:colcon.colcon_core.environment:create_file_with_runtime_dependencies(/github/racademy_ws/install/racademy_cpp_examples/share/colcon-core/packages/racademy_cpp_examples)
[2.172s] Level 1:colcon.colcon_core.environment:create_environment_scripts_only(racademy_cpp_examples)
[2.172s] Level 1:colcon.colcon_core.environment:checking '/github/racademy_ws/install/racademy_cpp_examples' for CMake module files
[2.175s] Level 1:colcon.colcon_core.environment:checking '/github/racademy_ws/install/racademy_cpp_examples' for CMake config files
[2.179s] Level 1:colcon.colcon_core.shell:create_environment_hook('racademy_cpp_examples', 'cmake_prefix_path')
[2.179s] INFO:colcon.colcon_core.shell:Creating environment hook '/github/racademy_ws/install/racademy_cpp_examples/share/racademy_cpp_examples/hook/cmake_prefix_path.ps1'
[2.181s] INFO:colcon.colcon_core.shell:Creating environment descriptor '/github/racademy_ws/install/racademy_cpp_examples/share/racademy_cpp_examples/hook/cmake_prefix_path.dsv'
[2.183s] INFO:colcon.colcon_core.shell:Creating environment hook '/github/racademy_ws/install/racademy_cpp_examples/share/racademy_cpp_examples/hook/cmake_prefix_path.sh'
[2.187s] Level 1:colcon.colcon_core.environment:checking '/github/racademy_ws/install/racademy_cpp_examples/bin'
[2.188s] Level 1:colcon.colcon_core.environment:checking '/github/racademy_ws/install/racademy_cpp_examples/lib/pkgconfig/racademy_cpp_examples.pc'
[2.189s] Level 1:colcon.colcon_core.environment:checking '/github/racademy_ws/install/racademy_cpp_examples/lib/python3.10/site-packages'
[2.190s] Level 1:colcon.colcon_core.environment:checking '/github/racademy_ws/install/racademy_cpp_examples/bin'
[2.190s] INFO:colcon.colcon_core.shell:Creating package script '/github/racademy_ws/install/racademy_cpp_examples/share/racademy_cpp_examples/package.ps1'
[2.192s] INFO:colcon.colcon_core.shell:Creating package descriptor '/github/racademy_ws/install/racademy_cpp_examples/share/racademy_cpp_examples/package.dsv'
[2.196s] INFO:colcon.colcon_core.shell:Creating package script '/github/racademy_ws/install/racademy_cpp_examples/share/racademy_cpp_examples/package.sh'
[2.202s] INFO:colcon.colcon_core.shell:Creating package script '/github/racademy_ws/install/racademy_cpp_examples/share/racademy_cpp_examples/package.bash'
[2.204s] INFO:colcon.colcon_core.shell:Creating package script '/github/racademy_ws/install/racademy_cpp_examples/share/racademy_cpp_examples/package.zsh'
[2.206s] Level 1:colcon.colcon_core.environment:create_file_with_runtime_dependencies(/github/racademy_ws/install/racademy_cpp_examples/share/colcon-core/packages/racademy_cpp_examples)
[2.507s] DEBUG:colcon.colcon_core.event_handler.log_command:Invoking command in '/github/racademy_ws/build/learning_tf2_py': PYTHONPATH=/github/racademy_ws/build/learning_tf2_py/prefix_override:/usr/lib/python3/dist-packages/colcon_core/task/python/colcon_distutils_commands:/github/racademy_ws/install/learning_tf2_py/lib/python3.10/site-packages:${PYTHONPATH} /usr/bin/python3 -W ignore:setup.py install is deprecated -W ignore:easy_install command is deprecated setup.py develop --editable --build-directory /github/racademy_ws/build/learning_tf2_py/build --no-deps symlink_data
[2.516s] DEBUG:colcon.colcon_core.event_handler.log_command:Invoking command in '/github/racademy_ws/build/racademy_py_examples': PYTHONPATH=/github/racademy_ws/build/racademy_py_examples/prefix_override:/usr/lib/python3/dist-packages/colcon_core/task/python/colcon_distutils_commands:/github/racademy_ws/install/racademy_py_examples/lib/python3.10/site-packages:${PYTHONPATH} /usr/bin/python3 -W ignore:setup.py install is deprecated -W ignore:easy_install command is deprecated setup.py develop --editable --build-directory /github/racademy_ws/build/racademy_py_examples/build --no-deps symlink_data
[3.372s] Level 1:colcon.colcon_core.shell:create_environment_hook('learning_tf2_py', 'pythonpath_develop')
[3.373s] INFO:colcon.colcon_core.shell:Creating environment hook '/github/racademy_ws/build/learning_tf2_py/share/learning_tf2_py/hook/pythonpath_develop.ps1'
[3.374s] DEBUG:colcon.colcon_core.event_handler.log_command:Invoked command in '/github/racademy_ws/build/learning_tf2_py' returned '0': PYTHONPATH=/github/racademy_ws/build/learning_tf2_py/prefix_override:/usr/lib/python3/dist-packages/colcon_core/task/python/colcon_distutils_commands:/github/racademy_ws/install/learning_tf2_py/lib/python3.10/site-packages:${PYTHONPATH} /usr/bin/python3 -W ignore:setup.py install is deprecated -W ignore:easy_install command is deprecated setup.py develop --editable --build-directory /github/racademy_ws/build/learning_tf2_py/build --no-deps symlink_data
[3.377s] INFO:colcon.colcon_core.shell:Creating environment descriptor '/github/racademy_ws/build/learning_tf2_py/share/learning_tf2_py/hook/pythonpath_develop.dsv'
[3.380s] INFO:colcon.colcon_core.shell:Creating environment hook '/github/racademy_ws/build/learning_tf2_py/share/learning_tf2_py/hook/pythonpath_develop.sh'
[3.385s] Level 1:colcon.colcon_core.environment:checking '/github/racademy_ws/install/learning_tf2_py' for CMake module files
[3.392s] Level 1:colcon.colcon_core.environment:checking '/github/racademy_ws/install/learning_tf2_py' for CMake config files
[3.400s] Level 1:colcon.colcon_core.environment:checking '/github/racademy_ws/install/learning_tf2_py/lib'
[3.403s] Level 1:colcon.colcon_core.environment:checking '/github/racademy_ws/install/learning_tf2_py/bin'
[3.404s] Level 1:colcon.colcon_core.environment:checking '/github/racademy_ws/install/learning_tf2_py/lib/pkgconfig/learning_tf2_py.pc'
[3.405s] Level 1:colcon.colcon_core.environment:checking '/github/racademy_ws/install/learning_tf2_py/lib/python3.10/site-packages'
[3.405s] Level 1:colcon.colcon_core.shell:create_environment_hook('learning_tf2_py', 'pythonpath')
[3.406s] INFO:colcon.colcon_core.shell:Creating environment hook '/github/racademy_ws/install/learning_tf2_py/share/learning_tf2_py/hook/pythonpath.ps1'
[3.407s] INFO:colcon.colcon_core.shell:Creating environment descriptor '/github/racademy_ws/install/learning_tf2_py/share/learning_tf2_py/hook/pythonpath.dsv'
[3.409s] INFO:colcon.colcon_core.shell:Creating environment hook '/github/racademy_ws/install/learning_tf2_py/share/learning_tf2_py/hook/pythonpath.sh'
[3.411s] Level 1:colcon.colcon_core.environment:checking '/github/racademy_ws/install/learning_tf2_py/bin'
[3.412s] Level 1:colcon.colcon_core.environment:create_environment_scripts_only(learning_tf2_py)
[3.412s] INFO:colcon.colcon_core.shell:Creating package script '/github/racademy_ws/install/learning_tf2_py/share/learning_tf2_py/package.ps1'
[3.416s] INFO:colcon.colcon_core.shell:Creating package descriptor '/github/racademy_ws/install/learning_tf2_py/share/learning_tf2_py/package.dsv'
[3.418s] INFO:colcon.colcon_core.shell:Creating package script '/github/racademy_ws/install/learning_tf2_py/share/learning_tf2_py/package.sh'
[3.420s] INFO:colcon.colcon_core.shell:Creating package script '/github/racademy_ws/install/learning_tf2_py/share/learning_tf2_py/package.bash'
[3.422s] INFO:colcon.colcon_core.shell:Creating package script '/github/racademy_ws/install/learning_tf2_py/share/learning_tf2_py/package.zsh'
[3.423s] Level 1:colcon.colcon_core.environment:create_file_with_runtime_dependencies(/github/racademy_ws/install/learning_tf2_py/share/colcon-core/packages/learning_tf2_py)
[3.469s] Level 1:colcon.colcon_core.shell:create_environment_hook('racademy_py_examples', 'pythonpath_develop')
[3.470s] INFO:colcon.colcon_core.shell:Creating environment hook '/github/racademy_ws/build/racademy_py_examples/share/racademy_py_examples/hook/pythonpath_develop.ps1'
[3.472s] DEBUG:colcon.colcon_core.event_handler.log_command:Invoked command in '/github/racademy_ws/build/racademy_py_examples' returned '0': PYTHONPATH=/github/racademy_ws/build/racademy_py_examples/prefix_override:/usr/lib/python3/dist-packages/colcon_core/task/python/colcon_distutils_commands:/github/racademy_ws/install/racademy_py_examples/lib/python3.10/site-packages:${PYTHONPATH} /usr/bin/python3 -W ignore:setup.py install is deprecated -W ignore:easy_install command is deprecated setup.py develop --editable --build-directory /github/racademy_ws/build/racademy_py_examples/build --no-deps symlink_data
[3.473s] INFO:colcon.colcon_core.shell:Creating environment descriptor '/github/racademy_ws/build/racademy_py_examples/share/racademy_py_examples/hook/pythonpath_develop.dsv'
[3.475s] INFO:colcon.colcon_core.shell:Creating environment hook '/github/racademy_ws/build/racademy_py_examples/share/racademy_py_examples/hook/pythonpath_develop.sh'
[3.476s] Level 1:colcon.colcon_core.environment:checking '/github/racademy_ws/install/racademy_py_examples' for CMake module files
[3.481s] Level 1:colcon.colcon_core.environment:checking '/github/racademy_ws/install/racademy_py_examples' for CMake config files
[3.485s] Level 1:colcon.colcon_core.environment:checking '/github/racademy_ws/install/racademy_py_examples/lib'
[3.486s] Level 1:colcon.colcon_core.environment:checking '/github/racademy_ws/install/racademy_py_examples/bin'
[3.486s] Level 1:colcon.colcon_core.environment:checking '/github/racademy_ws/install/racademy_py_examples/lib/pkgconfig/racademy_py_examples.pc'
[3.487s] Level 1:colcon.colcon_core.environment:checking '/github/racademy_ws/install/racademy_py_examples/lib/python3.10/site-packages'
[3.487s] Level 1:colcon.colcon_core.shell:create_environment_hook('racademy_py_examples', 'pythonpath')
[3.490s] INFO:colcon.colcon_core.shell:Creating environment hook '/github/racademy_ws/install/racademy_py_examples/share/racademy_py_examples/hook/pythonpath.ps1'
[3.493s] INFO:colcon.colcon_core.shell:Creating environment descriptor '/github/racademy_ws/install/racademy_py_examples/share/racademy_py_examples/hook/pythonpath.dsv'
[3.494s] INFO:colcon.colcon_core.shell:Creating environment hook '/github/racademy_ws/install/racademy_py_examples/share/racademy_py_examples/hook/pythonpath.sh'
[3.496s] Level 1:colcon.colcon_core.environment:checking '/github/racademy_ws/install/racademy_py_examples/bin'
[3.497s] Level 1:colcon.colcon_core.environment:create_environment_scripts_only(racademy_py_examples)
[3.498s] INFO:colcon.colcon_core.shell:Creating package script '/github/racademy_ws/install/racademy_py_examples/share/racademy_py_examples/package.ps1'
[3.502s] INFO:colcon.colcon_core.shell:Creating package descriptor '/github/racademy_ws/install/racademy_py_examples/share/racademy_py_examples/package.dsv'
[3.509s] INFO:colcon.colcon_core.shell:Creating package script '/github/racademy_ws/install/racademy_py_examples/share/racademy_py_examples/package.sh'
[3.511s] INFO:colcon.colcon_core.shell:Creating package script '/github/racademy_ws/install/racademy_py_examples/share/racademy_py_examples/package.bash'
[3.513s] INFO:colcon.colcon_core.shell:Creating package script '/github/racademy_ws/install/racademy_py_examples/share/racademy_py_examples/package.zsh'
[3.515s] Level 1:colcon.colcon_core.environment:create_file_with_runtime_dependencies(/github/racademy_ws/install/racademy_py_examples/share/colcon-core/packages/racademy_py_examples)
[3.517s] DEBUG:colcon.colcon_parallel_executor.executor.parallel:closing loop
[3.517s] DEBUG:colcon.colcon_parallel_executor.executor.parallel:loop closed
[3.518s] DEBUG:colcon.colcon_parallel_executor.executor.parallel:run_until_complete finished with '0'
[3.519s] DEBUG:colcon.colcon_core.event_reactor:joining thread
[3.527s] INFO:colcon.colcon_core.plugin_system:Skipping extension 'colcon_notification.desktop_notification.terminal_notifier': Not used on non-Darwin systems
[3.527s] INFO:colcon.colcon_core.plugin_system:Skipping extension 'colcon_notification.desktop_notification.win32': Not used on non-Windows systems
[3.528s] INFO:colcon.colcon_notification.desktop_notification:Sending desktop notification using 'notify2'
[3.749s] DEBUG:colcon.colcon_core.event_reactor:joined thread
[3.751s] INFO:colcon.colcon_core.shell:Creating prefix script '/github/racademy_ws/install/local_setup.ps1'
[3.755s] INFO:colcon.colcon_core.shell:Creating prefix util module '/github/racademy_ws/install/_local_setup_util_ps1.py'
[3.759s] INFO:colcon.colcon_core.shell:Creating prefix chain script '/github/racademy_ws/install/setup.ps1'
[3.767s] INFO:colcon.colcon_core.shell:Creating prefix script '/github/racademy_ws/install/local_setup.sh'
[3.770s] INFO:colcon.colcon_core.shell:Creating prefix util module '/github/racademy_ws/install/_local_setup_util_sh.py'
[3.773s] INFO:colcon.colcon_core.shell:Creating prefix chain script '/github/racademy_ws/install/setup.sh'
[3.780s] INFO:colcon.colcon_core.shell:Creating prefix script '/github/racademy_ws/install/local_setup.bash'
[3.783s] INFO:colcon.colcon_core.shell:Creating prefix chain script '/github/racademy_ws/install/setup.bash'
[3.790s] INFO:colcon.colcon_core.shell:Creating prefix script '/github/racademy_ws/install/local_setup.zsh'
[3.791s] INFO:colcon.colcon_core.shell:Creating prefix chain script '/github/racademy_ws/install/setup.zsh'
