[0.179s] DEBUG:colcon:Command line arguments: ['/usr/bin/colcon', 'build', '--packages-select', 'learning_tf2_py']
[0.180s] DEBUG:colcon:Parsed command line arguments: Namespace(log_base=None, log_level=None, verb_name='build', build_base='build', install_base='install', merge_install=False, symlink_install=False, test_result_base=None, continue_on_error=False, executor='parallel', parallel_workers=8, event_handlers=None, ignore_user_meta=False, metas=['./colcon.meta'], base_paths=['.'], packages_ignore=None, packages_ignore_regex=None, paths=None, packages_up_to=None, packages_up_to_regex=None, packages_above=None, packages_above_and_dependencies=None, packages_above_depth=None, packages_select_by_dep=None, packages_skip_by_dep=None, packages_skip_up_to=None, packages_select_build_failed=False, packages_skip_build_finished=False, packages_select_test_failures=False, packages_skip_test_passed=False, packages_select=['learning_tf2_py'], packages_skip=None, packages_select_regex=None, packages_skip_regex=None, packages_start=None, packages_end=None, allow_overriding=[], cmake_args=None, cmake_target=None, cmake_target_skip_unavailable=False, cmake_clean_cache=False, cmake_clean_first=False, cmake_force_configure=False, ament_cmake_args=None, catkin_cmake_args=None, catkin_skip_building_tests=False, verb_parser=<colcon_defaults.argument_parser.defaults.DefaultArgumentsDecorator object at 0x7fd502cdd090>, verb_extension=<colcon_core.verb.build.BuildVerb object at 0x7fd502cdcac0>, main=<bound method BuildVerb.main of <colcon_core.verb.build.BuildVerb object at 0x7fd502cdcac0>>)
[0.436s] Level 1:colcon.colcon_core.package_discovery:discover_packages(colcon_meta) check parameters
[0.437s] Level 1:colcon.colcon_core.package_discovery:discover_packages(recursive) check parameters
[0.437s] Level 1:colcon.colcon_core.package_discovery:discover_packages(ignore) check parameters
[0.438s] Level 1:colcon.colcon_core.package_discovery:discover_packages(path) check parameters
[0.438s] Level 1:colcon.colcon_core.package_discovery:discover_packages(colcon_meta) discover
[0.438s] Level 1:colcon.colcon_core.package_discovery:discover_packages(recursive) discover
[0.439s] INFO:colcon.colcon_core.package_discovery:Crawling recursively for packages in '/github/racademy_ws'
[0.439s] Level 1:colcon.colcon_core.package_identification:_identify(.) by extensions ['ignore', 'ignore_ament_install']
[0.439s] Level 1:colcon.colcon_core.package_identification:_identify(.) by extension 'ignore'
[0.440s] Level 1:colcon.colcon_core.package_identification:_identify(.) by extension 'ignore_ament_install'
[0.440s] Level 1:colcon.colcon_core.package_identification:_identify(.) by extensions ['colcon_pkg']
[0.441s] Level 1:colcon.colcon_core.package_identification:_identify(.) by extension 'colcon_pkg'
[0.441s] Level 1:colcon.colcon_core.package_identification:_identify(.) by extensions ['colcon_meta']
[0.441s] Level 1:colcon.colcon_core.package_identification:_identify(.) by extension 'colcon_meta'
[0.441s] Level 1:colcon.colcon_core.package_identification:_identify(.) by extensions ['ros']
[0.441s] Level 1:colcon.colcon_core.package_identification:_identify(.) by extension 'ros'
[0.457s] Level 1:colcon.colcon_core.package_identification:_identify(.) by extensions ['cmake', 'python']
[0.458s] Level 1:colcon.colcon_core.package_identification:_identify(.) by extension 'cmake'
[0.458s] Level 1:colcon.colcon_core.package_identification:_identify(.) by extension 'python'
[0.459s] Level 1:colcon.colcon_core.package_identification:_identify(.) by extensions ['python_setup_py']
[0.459s] Level 1:colcon.colcon_core.package_identification:_identify(.) by extension 'python_setup_py'
[0.459s] Level 1:colcon.colcon_core.package_identification:_identify(build) by extensions ['ignore', 'ignore_ament_install']
[0.460s] Level 1:colcon.colcon_core.package_identification:_identify(build) by extension 'ignore'
[0.460s] Level 1:colcon.colcon_core.package_identification:_identify(build) ignored
[0.461s] Level 1:colcon.colcon_core.package_identification:_identify(install) by extensions ['ignore', 'ignore_ament_install']
[0.461s] Level 1:colcon.colcon_core.package_identification:_identify(install) by extension 'ignore'
[0.462s] Level 1:colcon.colcon_core.package_identification:_identify(install) ignored
[0.463s] Level 1:colcon.colcon_core.package_identification:_identify(log) by extensions ['ignore', 'ignore_ament_install']
[0.463s] Level 1:colcon.colcon_core.package_identification:_identify(log) by extension 'ignore'
[0.463s] Level 1:colcon.colcon_core.package_identification:_identify(log) ignored
[0.464s] Level 1:colcon.colcon_core.package_identification:_identify(src) by extensions ['ignore', 'ignore_ament_install']
[0.465s] Level 1:colcon.colcon_core.package_identification:_identify(src) by extension 'ignore'
[0.465s] Level 1:colcon.colcon_core.package_identification:_identify(src) by extension 'ignore_ament_install'
[0.466s] Level 1:colcon.colcon_core.package_identification:_identify(src) by extensions ['colcon_pkg']
[0.467s] Level 1:colcon.colcon_core.package_identification:_identify(src) by extension 'colcon_pkg'
[0.468s] Level 1:colcon.colcon_core.package_identification:_identify(src) by extensions ['colcon_meta']
[0.468s] Level 1:colcon.colcon_core.package_identification:_identify(src) by extension 'colcon_meta'
[0.469s] Level 1:colcon.colcon_core.package_identification:_identify(src) by extensions ['ros']
[0.469s] Level 1:colcon.colcon_core.package_identification:_identify(src) by extension 'ros'
[0.470s] Level 1:colcon.colcon_core.package_identification:_identify(src) by extensions ['cmake', 'python']
[0.470s] Level 1:colcon.colcon_core.package_identification:_identify(src) by extension 'cmake'
[0.471s] Level 1:colcon.colcon_core.package_identification:_identify(src) by extension 'python'
[0.471s] Level 1:colcon.colcon_core.package_identification:_identify(src) by extensions ['python_setup_py']
[0.471s] Level 1:colcon.colcon_core.package_identification:_identify(src) by extension 'python_setup_py'
[0.472s] Level 1:colcon.colcon_core.package_identification:_identify(src/learning_tf2_cpp) by extensions ['ignore', 'ignore_ament_install']
[0.472s] Level 1:colcon.colcon_core.package_identification:_identify(src/learning_tf2_cpp) by extension 'ignore'
[0.473s] Level 1:colcon.colcon_core.package_identification:_identify(src/learning_tf2_cpp) by extension 'ignore_ament_install'
[0.473s] Level 1:colcon.colcon_core.package_identification:_identify(src/learning_tf2_cpp) by extensions ['colcon_pkg']
[0.473s] Level 1:colcon.colcon_core.package_identification:_identify(src/learning_tf2_cpp) by extension 'colcon_pkg'
[0.473s] Level 1:colcon.colcon_core.package_identification:_identify(src/learning_tf2_cpp) by extensions ['colcon_meta']
[0.474s] Level 1:colcon.colcon_core.package_identification:_identify(src/learning_tf2_cpp) by extension 'colcon_meta'
[0.474s] Level 1:colcon.colcon_core.package_identification:_identify(src/learning_tf2_cpp) by extensions ['ros']
[0.474s] Level 1:colcon.colcon_core.package_identification:_identify(src/learning_tf2_cpp) by extension 'ros'
[0.479s] DEBUG:colcon.colcon_core.package_identification:Package 'src/learning_tf2_cpp' with type 'ros.ament_cmake' and name 'learning_tf2_cpp'
[0.481s] Level 1:colcon.colcon_core.package_identification:_identify(src/learning_tf2_py) by extensions ['ignore', 'ignore_ament_install']
[0.481s] Level 1:colcon.colcon_core.package_identification:_identify(src/learning_tf2_py) by extension 'ignore'
[0.482s] Level 1:colcon.colcon_core.package_identification:_identify(src/learning_tf2_py) by extension 'ignore_ament_install'
[0.482s] Level 1:colcon.colcon_core.package_identification:_identify(src/learning_tf2_py) by extensions ['colcon_pkg']
[0.482s] Level 1:colcon.colcon_core.package_identification:_identify(src/learning_tf2_py) by extension 'colcon_pkg'
[0.483s] Level 1:colcon.colcon_core.package_identification:_identify(src/learning_tf2_py) by extensions ['colcon_meta']
[0.483s] Level 1:colcon.colcon_core.package_identification:_identify(src/learning_tf2_py) by extension 'colcon_meta'
[0.483s] Level 1:colcon.colcon_core.package_identification:_identify(src/learning_tf2_py) by extensions ['ros']
[0.483s] Level 1:colcon.colcon_core.package_identification:_identify(src/learning_tf2_py) by extension 'ros'
[0.485s] DEBUG:colcon.colcon_core.package_identification:Package 'src/learning_tf2_py' with type 'ros.ament_python' and name 'learning_tf2_py'
[0.486s] Level 1:colcon.colcon_core.package_identification:_identify(src/racademy_cpp_examples) by extensions ['ignore', 'ignore_ament_install']
[0.486s] Level 1:colcon.colcon_core.package_identification:_identify(src/racademy_cpp_examples) by extension 'ignore'
[0.487s] Level 1:colcon.colcon_core.package_identification:_identify(src/racademy_cpp_examples) by extension 'ignore_ament_install'
[0.487s] Level 1:colcon.colcon_core.package_identification:_identify(src/racademy_cpp_examples) by extensions ['colcon_pkg']
[0.487s] Level 1:colcon.colcon_core.package_identification:_identify(src/racademy_cpp_examples) by extension 'colcon_pkg'
[0.487s] Level 1:colcon.colcon_core.package_identification:_identify(src/racademy_cpp_examples) by extensions ['colcon_meta']
[0.488s] Level 1:colcon.colcon_core.package_identification:_identify(src/racademy_cpp_examples) by extension 'colcon_meta'
[0.488s] Level 1:colcon.colcon_core.package_identification:_identify(src/racademy_cpp_examples) by extensions ['ros']
[0.488s] Level 1:colcon.colcon_core.package_identification:_identify(src/racademy_cpp_examples) by extension 'ros'
[0.490s] DEBUG:colcon.colcon_core.package_identification:Package 'src/racademy_cpp_examples' with type 'ros.ament_cmake' and name 'racademy_cpp_examples'
[0.490s] Level 1:colcon.colcon_core.package_identification:_identify(src/racademy_description) by extensions ['ignore', 'ignore_ament_install']
[0.491s] Level 1:colcon.colcon_core.package_identification:_identify(src/racademy_description) by extension 'ignore'
[0.491s] Level 1:colcon.colcon_core.package_identification:_identify(src/racademy_description) by extension 'ignore_ament_install'
[0.491s] Level 1:colcon.colcon_core.package_identification:_identify(src/racademy_description) by extensions ['colcon_pkg']
[0.492s] Level 1:colcon.colcon_core.package_identification:_identify(src/racademy_description) by extension 'colcon_pkg'
[0.492s] Level 1:colcon.colcon_core.package_identification:_identify(src/racademy_description) by extensions ['colcon_meta']
[0.492s] Level 1:colcon.colcon_core.package_identification:_identify(src/racademy_description) by extension 'colcon_meta'
[0.492s] Level 1:colcon.colcon_core.package_identification:_identify(src/racademy_description) by extensions ['ros']
[0.493s] Level 1:colcon.colcon_core.package_identification:_identify(src/racademy_description) by extension 'ros'
[0.494s] DEBUG:colcon.colcon_core.package_identification:Package 'src/racademy_description' with type 'ros.ament_cmake' and name 'racademy_description'
[0.495s] Level 1:colcon.colcon_core.package_identification:_identify(src/racademy_py_examples) by extensions ['ignore', 'ignore_ament_install']
[0.495s] Level 1:colcon.colcon_core.package_identification:_identify(src/racademy_py_examples) by extension 'ignore'
[0.496s] Level 1:colcon.colcon_core.package_identification:_identify(src/racademy_py_examples) by extension 'ignore_ament_install'
[0.496s] Level 1:colcon.colcon_core.package_identification:_identify(src/racademy_py_examples) by extensions ['colcon_pkg']
[0.496s] Level 1:colcon.colcon_core.package_identification:_identify(src/racademy_py_examples) by extension 'colcon_pkg'
[0.497s] Level 1:colcon.colcon_core.package_identification:_identify(src/racademy_py_examples) by extensions ['colcon_meta']
[0.497s] Level 1:colcon.colcon_core.package_identification:_identify(src/racademy_py_examples) by extension 'colcon_meta'
[0.497s] Level 1:colcon.colcon_core.package_identification:_identify(src/racademy_py_examples) by extensions ['ros']
[0.497s] Level 1:colcon.colcon_core.package_identification:_identify(src/racademy_py_examples) by extension 'ros'
[0.499s] DEBUG:colcon.colcon_core.package_identification:Package 'src/racademy_py_examples' with type 'ros.ament_python' and name 'racademy_py_examples'
[0.500s] Level 1:colcon.colcon_core.package_discovery:discover_packages(recursive) using defaults
[0.500s] Level 1:colcon.colcon_core.package_discovery:discover_packages(ignore) discover
[0.500s] Level 1:colcon.colcon_core.package_discovery:discover_packages(ignore) using defaults
[0.500s] Level 1:colcon.colcon_core.package_discovery:discover_packages(path) discover
[0.500s] Level 1:colcon.colcon_core.package_discovery:discover_packages(path) using defaults
[0.547s] INFO:colcon.colcon_core.package_selection:Skipping not selected package 'learning_tf2_cpp' in 'src/learning_tf2_cpp'
[0.547s] INFO:colcon.colcon_core.package_selection:Skipping not selected package 'racademy_cpp_examples' in 'src/racademy_cpp_examples'
[0.547s] INFO:colcon.colcon_core.package_selection:Skipping not selected package 'racademy_description' in 'src/racademy_description'
[0.547s] INFO:colcon.colcon_core.package_selection:Skipping not selected package 'racademy_py_examples' in 'src/racademy_py_examples'
[0.548s] Level 1:colcon.colcon_core.package_discovery:discover_packages(prefix_path) check parameters
[0.548s] Level 1:colcon.colcon_core.package_discovery:discover_packages(prefix_path) discover
[0.556s] DEBUG:colcon.colcon_installed_package_information.package_discovery:Found 4 installed packages in /github/racademy_ws/install
[0.559s] DEBUG:colcon.colcon_installed_package_information.package_discovery:Found 394 installed packages in /opt/ros/humble
[0.562s] Level 1:colcon.colcon_core.package_discovery:discover_packages(prefix_path) using defaults
[0.632s] Level 5:colcon.colcon_core.verb:set package 'learning_tf2_py' build argument 'cmake_args' from command line to 'None'
[0.633s] Level 5:colcon.colcon_core.verb:set package 'learning_tf2_py' build argument 'cmake_target' from command line to 'None'
[0.633s] Level 5:colcon.colcon_core.verb:set package 'learning_tf2_py' build argument 'cmake_target_skip_unavailable' from command line to 'False'
[0.633s] Level 5:colcon.colcon_core.verb:set package 'learning_tf2_py' build argument 'cmake_clean_cache' from command line to 'False'
[0.634s] Level 5:colcon.colcon_core.verb:set package 'learning_tf2_py' build argument 'cmake_clean_first' from command line to 'False'
[0.634s] Level 5:colcon.colcon_core.verb:set package 'learning_tf2_py' build argument 'cmake_force_configure' from command line to 'False'
[0.634s] Level 5:colcon.colcon_core.verb:set package 'learning_tf2_py' build argument 'ament_cmake_args' from command line to 'None'
[0.635s] Level 5:colcon.colcon_core.verb:set package 'learning_tf2_py' build argument 'catkin_cmake_args' from command line to 'None'
[0.635s] Level 5:colcon.colcon_core.verb:set package 'learning_tf2_py' build argument 'catkin_skip_building_tests' from command line to 'False'
[0.635s] DEBUG:colcon.colcon_core.verb:Building package 'learning_tf2_py' with the following arguments: {'ament_cmake_args': None, 'build_base': '/github/racademy_ws/build/learning_tf2_py', 'catkin_cmake_args': None, 'catkin_skip_building_tests': False, 'cmake_args': None, 'cmake_clean_cache': False, 'cmake_clean_first': False, 'cmake_force_configure': False, 'cmake_target': None, 'cmake_target_skip_unavailable': False, 'install_base': '/github/racademy_ws/install/learning_tf2_py', 'merge_install': False, 'path': '/github/racademy_ws/src/learning_tf2_py', 'symlink_install': False, 'test_result_base': None}
[0.635s] INFO:colcon.colcon_core.executor:Executing jobs using 'parallel' executor
[0.637s] DEBUG:colcon.colcon_parallel_executor.executor.parallel:run_until_complete
[0.638s] INFO:colcon.colcon_ros.task.ament_python.build:Building ROS package in '/github/racademy_ws/src/learning_tf2_py' with build type 'ament_python'
[0.638s] Level 1:colcon.colcon_core.shell:create_environment_hook('learning_tf2_py', 'ament_prefix_path')
[0.641s] INFO:colcon.colcon_core.plugin_system:Skipping extension 'colcon_core.shell.bat': Not used on non-Windows systems
[0.641s] INFO:colcon.colcon_core.shell:Creating environment hook '/github/racademy_ws/install/learning_tf2_py/share/learning_tf2_py/hook/ament_prefix_path.ps1'
[0.644s] INFO:colcon.colcon_core.shell:Creating environment descriptor '/github/racademy_ws/install/learning_tf2_py/share/learning_tf2_py/hook/ament_prefix_path.dsv'
[0.645s] INFO:colcon.colcon_core.shell:Creating environment hook '/github/racademy_ws/install/learning_tf2_py/share/learning_tf2_py/hook/ament_prefix_path.sh'
[0.648s] INFO:colcon.colcon_core.shell:Skip shell extension 'powershell' for command environment: Not usable outside of PowerShell
[0.648s] DEBUG:colcon.colcon_core.shell:Skip shell extension 'dsv' for command environment
[1.063s] INFO:colcon.colcon_core.task.python.build:Building Python package in '/github/racademy_ws/src/learning_tf2_py'
[1.064s] INFO:colcon.colcon_core.shell:Skip shell extension 'powershell' for command environment: Not usable outside of PowerShell
[1.065s] DEBUG:colcon.colcon_core.shell:Skip shell extension 'dsv' for command environment
[1.655s] DEBUG:colcon.colcon_core.event_handler.log_command:Invoking command in '/github/racademy_ws/src/learning_tf2_py': PYTHONPATH=/github/racademy_ws/build/learning_tf2_py/prefix_override:/usr/lib/python3/dist-packages/colcon_core/task/python/colcon_distutils_commands:/github/racademy_ws/install/learning_tf2_py/lib/python3.10/site-packages:${PYTHONPATH} /usr/bin/python3 -W ignore:setup.py install is deprecated -W ignore:easy_install command is deprecated setup.py egg_info --egg-base ../../build/learning_tf2_py build --build-base /github/racademy_ws/build/learning_tf2_py/build install --record /github/racademy_ws/build/learning_tf2_py/install.log --single-version-externally-managed install_data
[2.155s] DEBUG:colcon.colcon_core.event_handler.log_command:Invoked command in '/github/racademy_ws/src/learning_tf2_py' returned '0': PYTHONPATH=/github/racademy_ws/build/learning_tf2_py/prefix_override:/usr/lib/python3/dist-packages/colcon_core/task/python/colcon_distutils_commands:/github/racademy_ws/install/learning_tf2_py/lib/python3.10/site-packages:${PYTHONPATH} /usr/bin/python3 -W ignore:setup.py install is deprecated -W ignore:easy_install command is deprecated setup.py egg_info --egg-base ../../build/learning_tf2_py build --build-base /github/racademy_ws/build/learning_tf2_py/build install --record /github/racademy_ws/build/learning_tf2_py/install.log --single-version-externally-managed install_data
[2.160s] Level 1:colcon.colcon_core.environment:checking '/github/racademy_ws/install/learning_tf2_py' for CMake module files
[2.165s] Level 1:colcon.colcon_core.environment:checking '/github/racademy_ws/install/learning_tf2_py' for CMake config files
[2.170s] Level 1:colcon.colcon_core.environment:checking '/github/racademy_ws/install/learning_tf2_py/lib'
[2.170s] Level 1:colcon.colcon_core.environment:checking '/github/racademy_ws/install/learning_tf2_py/bin'
[2.171s] Level 1:colcon.colcon_core.environment:checking '/github/racademy_ws/install/learning_tf2_py/lib/pkgconfig/learning_tf2_py.pc'
[2.171s] Level 1:colcon.colcon_core.environment:checking '/github/racademy_ws/install/learning_tf2_py/lib/python3.10/site-packages'
[2.171s] Level 1:colcon.colcon_core.shell:create_environment_hook('learning_tf2_py', 'pythonpath')
[2.172s] INFO:colcon.colcon_core.shell:Creating environment hook '/github/racademy_ws/install/learning_tf2_py/share/learning_tf2_py/hook/pythonpath.ps1'
[2.174s] INFO:colcon.colcon_core.shell:Creating environment descriptor '/github/racademy_ws/install/learning_tf2_py/share/learning_tf2_py/hook/pythonpath.dsv'
[2.175s] INFO:colcon.colcon_core.shell:Creating environment hook '/github/racademy_ws/install/learning_tf2_py/share/learning_tf2_py/hook/pythonpath.sh'
[2.177s] Level 1:colcon.colcon_core.environment:checking '/github/racademy_ws/install/learning_tf2_py/bin'
[2.178s] Level 1:colcon.colcon_core.environment:create_environment_scripts_only(learning_tf2_py)
[2.178s] INFO:colcon.colcon_core.shell:Creating package script '/github/racademy_ws/install/learning_tf2_py/share/learning_tf2_py/package.ps1'
[2.182s] INFO:colcon.colcon_core.shell:Creating package descriptor '/github/racademy_ws/install/learning_tf2_py/share/learning_tf2_py/package.dsv'
[2.184s] INFO:colcon.colcon_core.shell:Creating package script '/github/racademy_ws/install/learning_tf2_py/share/learning_tf2_py/package.sh'
[2.186s] INFO:colcon.colcon_core.shell:Creating package script '/github/racademy_ws/install/learning_tf2_py/share/learning_tf2_py/package.bash'
[2.189s] INFO:colcon.colcon_core.shell:Creating package script '/github/racademy_ws/install/learning_tf2_py/share/learning_tf2_py/package.zsh'
[2.191s] Level 1:colcon.colcon_core.environment:create_file_with_runtime_dependencies(/github/racademy_ws/install/learning_tf2_py/share/colcon-core/packages/learning_tf2_py)
[2.192s] DEBUG:colcon.colcon_parallel_executor.executor.parallel:closing loop
[2.193s] DEBUG:colcon.colcon_parallel_executor.executor.parallel:loop closed
[2.193s] DEBUG:colcon.colcon_parallel_executor.executor.parallel:run_until_complete finished with '0'
[2.193s] DEBUG:colcon.colcon_core.event_reactor:joining thread
[2.201s] INFO:colcon.colcon_core.plugin_system:Skipping extension 'colcon_notification.desktop_notification.terminal_notifier': Not used on non-Darwin systems
[2.202s] INFO:colcon.colcon_core.plugin_system:Skipping extension 'colcon_notification.desktop_notification.win32': Not used on non-Windows systems
[2.202s] INFO:colcon.colcon_notification.desktop_notification:Sending desktop notification using 'notify2'
[2.457s] DEBUG:colcon.colcon_core.event_reactor:joined thread
[2.458s] INFO:colcon.colcon_core.shell:Creating prefix script '/github/racademy_ws/install/local_setup.ps1'
[2.462s] INFO:colcon.colcon_core.shell:Creating prefix util module '/github/racademy_ws/install/_local_setup_util_ps1.py'
[2.466s] INFO:colcon.colcon_core.shell:Creating prefix chain script '/github/racademy_ws/install/setup.ps1'
[2.473s] INFO:colcon.colcon_core.shell:Creating prefix script '/github/racademy_ws/install/local_setup.sh'
[2.475s] INFO:colcon.colcon_core.shell:Creating prefix util module '/github/racademy_ws/install/_local_setup_util_sh.py'
[2.477s] INFO:colcon.colcon_core.shell:Creating prefix chain script '/github/racademy_ws/install/setup.sh'
[2.483s] INFO:colcon.colcon_core.shell:Creating prefix script '/github/racademy_ws/install/local_setup.bash'
[2.485s] INFO:colcon.colcon_core.shell:Creating prefix chain script '/github/racademy_ws/install/setup.bash'
[2.491s] INFO:colcon.colcon_core.shell:Creating prefix script '/github/racademy_ws/install/local_setup.zsh'
[2.493s] INFO:colcon.colcon_core.shell:Creating prefix chain script '/github/racademy_ws/install/setup.zsh'
