[0.151s] DEBUG:colcon:Command line arguments: ['/usr/bin/colcon', 'build', '--symlink-install']
[0.151s] DEBUG:colcon:Parsed command line arguments: Namespace(log_base=None, log_level=None, verb_name='build', build_base='build', install_base='install', merge_install=False, symlink_install=True, test_result_base=None, continue_on_error=False, executor='parallel', parallel_workers=8, event_handlers=None, ignore_user_meta=False, metas=['./colcon.meta'], base_paths=['.'], packages_ignore=None, packages_ignore_regex=None, paths=None, packages_up_to=None, packages_up_to_regex=None, packages_above=None, packages_above_and_dependencies=None, packages_above_depth=None, packages_select_by_dep=None, packages_skip_by_dep=None, packages_skip_up_to=None, packages_select_build_failed=False, packages_skip_build_finished=False, packages_select_test_failures=False, packages_skip_test_passed=False, packages_select=None, packages_skip=None, packages_select_regex=None, packages_skip_regex=None, packages_start=None, packages_end=None, allow_overriding=[], cmake_args=None, cmake_target=None, cmake_target_skip_unavailable=False, cmake_clean_cache=False, cmake_clean_first=False, cmake_force_configure=False, ament_cmake_args=None, catkin_cmake_args=None, catkin_skip_building_tests=False, verb_parser=<colcon_defaults.argument_parser.defaults.DefaultArgumentsDecorator object at 0x7fbc8c6892a0>, verb_extension=<colcon_core.verb.build.BuildVerb object at 0x7fbc8c688cd0>, main=<bound method BuildVerb.main of <colcon_core.verb.build.BuildVerb object at 0x7fbc8c688cd0>>)
[0.403s] Level 1:colcon.colcon_core.package_discovery:discover_packages(colcon_meta) check parameters
[0.403s] Level 1:colcon.colcon_core.package_discovery:discover_packages(recursive) check parameters
[0.403s] Level 1:colcon.colcon_core.package_discovery:discover_packages(ignore) check parameters
[0.404s] Level 1:colcon.colcon_core.package_discovery:discover_packages(path) check parameters
[0.404s] Level 1:colcon.colcon_core.package_discovery:discover_packages(colcon_meta) discover
[0.404s] Level 1:colcon.colcon_core.package_discovery:discover_packages(recursive) discover
[0.404s] INFO:colcon.colcon_core.package_discovery:Crawling recursively for packages in '/github/racademy_ws'
[0.405s] Level 1:colcon.colcon_core.package_identification:_identify(.) by extensions ['ignore', 'ignore_ament_install']
[0.405s] Level 1:colcon.colcon_core.package_identification:_identify(.) by extension 'ignore'
[0.405s] Level 1:colcon.colcon_core.package_identification:_identify(.) by extension 'ignore_ament_install'
[0.406s] Level 1:colcon.colcon_core.package_identification:_identify(.) by extensions ['colcon_pkg']
[0.406s] Level 1:colcon.colcon_core.package_identification:_identify(.) by extension 'colcon_pkg'
[0.407s] Level 1:colcon.colcon_core.package_identification:_identify(.) by extensions ['colcon_meta']
[0.407s] Level 1:colcon.colcon_core.package_identification:_identify(.) by extension 'colcon_meta'
[0.407s] Level 1:colcon.colcon_core.package_identification:_identify(.) by extensions ['ros']
[0.407s] Level 1:colcon.colcon_core.package_identification:_identify(.) by extension 'ros'
[0.423s] Level 1:colcon.colcon_core.package_identification:_identify(.) by extensions ['cmake', 'python']
[0.423s] Level 1:colcon.colcon_core.package_identification:_identify(.) by extension 'cmake'
[0.423s] Level 1:colcon.colcon_core.package_identification:_identify(.) by extension 'python'
[0.424s] Level 1:colcon.colcon_core.package_identification:_identify(.) by extensions ['python_setup_py']
[0.424s] Level 1:colcon.colcon_core.package_identification:_identify(.) by extension 'python_setup_py'
[0.425s] Level 1:colcon.colcon_core.package_identification:_identify(build) by extensions ['ignore', 'ignore_ament_install']
[0.425s] Level 1:colcon.colcon_core.package_identification:_identify(build) by extension 'ignore'
[0.425s] Level 1:colcon.colcon_core.package_identification:_identify(build) ignored
[0.426s] Level 1:colcon.colcon_core.package_identification:_identify(install) by extensions ['ignore', 'ignore_ament_install']
[0.426s] Level 1:colcon.colcon_core.package_identification:_identify(install) by extension 'ignore'
[0.427s] Level 1:colcon.colcon_core.package_identification:_identify(install) ignored
[0.430s] Level 1:colcon.colcon_core.package_identification:_identify(log) by extensions ['ignore', 'ignore_ament_install']
[0.430s] Level 1:colcon.colcon_core.package_identification:_identify(log) by extension 'ignore'
[0.431s] Level 1:colcon.colcon_core.package_identification:_identify(log) ignored
[0.432s] Level 1:colcon.colcon_core.package_identification:_identify(src) by extensions ['ignore', 'ignore_ament_install']
[0.433s] Level 1:colcon.colcon_core.package_identification:_identify(src) by extension 'ignore'
[0.433s] Level 1:colcon.colcon_core.package_identification:_identify(src) by extension 'ignore_ament_install'
[0.433s] Level 1:colcon.colcon_core.package_identification:_identify(src) by extensions ['colcon_pkg']
[0.433s] Level 1:colcon.colcon_core.package_identification:_identify(src) by extension 'colcon_pkg'
[0.433s] Level 1:colcon.colcon_core.package_identification:_identify(src) by extensions ['colcon_meta']
[0.434s] Level 1:colcon.colcon_core.package_identification:_identify(src) by extension 'colcon_meta'
[0.434s] Level 1:colcon.colcon_core.package_identification:_identify(src) by extensions ['ros']
[0.434s] Level 1:colcon.colcon_core.package_identification:_identify(src) by extension 'ros'
[0.434s] Level 1:colcon.colcon_core.package_identification:_identify(src) by extensions ['cmake', 'python']
[0.434s] Level 1:colcon.colcon_core.package_identification:_identify(src) by extension 'cmake'
[0.434s] Level 1:colcon.colcon_core.package_identification:_identify(src) by extension 'python'
[0.435s] Level 1:colcon.colcon_core.package_identification:_identify(src) by extensions ['python_setup_py']
[0.435s] Level 1:colcon.colcon_core.package_identification:_identify(src) by extension 'python_setup_py'
[0.435s] Level 1:colcon.colcon_core.package_identification:_identify(src/learning_tf2_cpp) by extensions ['ignore', 'ignore_ament_install']
[0.436s] Level 1:colcon.colcon_core.package_identification:_identify(src/learning_tf2_cpp) by extension 'ignore'
[0.436s] Level 1:colcon.colcon_core.package_identification:_identify(src/learning_tf2_cpp) by extension 'ignore_ament_install'
[0.436s] Level 1:colcon.colcon_core.package_identification:_identify(src/learning_tf2_cpp) by extensions ['colcon_pkg']
[0.436s] Level 1:colcon.colcon_core.package_identification:_identify(src/learning_tf2_cpp) by extension 'colcon_pkg'
[0.436s] Level 1:colcon.colcon_core.package_identification:_identify(src/learning_tf2_cpp) by extensions ['colcon_meta']
[0.437s] Level 1:colcon.colcon_core.package_identification:_identify(src/learning_tf2_cpp) by extension 'colcon_meta'
[0.437s] Level 1:colcon.colcon_core.package_identification:_identify(src/learning_tf2_cpp) by extensions ['ros']
[0.437s] Level 1:colcon.colcon_core.package_identification:_identify(src/learning_tf2_cpp) by extension 'ros'
[0.441s] DEBUG:colcon.colcon_core.package_identification:Package 'src/learning_tf2_cpp' with type 'ros.ament_cmake' and name 'learning_tf2_cpp'
[0.443s] Level 1:colcon.colcon_core.package_identification:_identify(src/learning_tf2_py) by extensions ['ignore', 'ignore_ament_install']
[0.444s] Level 1:colcon.colcon_core.package_identification:_identify(src/learning_tf2_py) by extension 'ignore'
[0.445s] Level 1:colcon.colcon_core.package_identification:_identify(src/learning_tf2_py) by extension 'ignore_ament_install'
[0.446s] Level 1:colcon.colcon_core.package_identification:_identify(src/learning_tf2_py) by extensions ['colcon_pkg']
[0.447s] Level 1:colcon.colcon_core.package_identification:_identify(src/learning_tf2_py) by extension 'colcon_pkg'
[0.447s] Level 1:colcon.colcon_core.package_identification:_identify(src/learning_tf2_py) by extensions ['colcon_meta']
[0.447s] Level 1:colcon.colcon_core.package_identification:_identify(src/learning_tf2_py) by extension 'colcon_meta'
[0.448s] Level 1:colcon.colcon_core.package_identification:_identify(src/learning_tf2_py) by extensions ['ros']
[0.449s] Level 1:colcon.colcon_core.package_identification:_identify(src/learning_tf2_py) by extension 'ros'
[0.452s] DEBUG:colcon.colcon_core.package_identification:Package 'src/learning_tf2_py' with type 'ros.ament_python' and name 'learning_tf2_py'
[0.455s] Level 1:colcon.colcon_core.package_identification:_identify(src/racademy_cpp_examples) by extensions ['ignore', 'ignore_ament_install']
[0.455s] Level 1:colcon.colcon_core.package_identification:_identify(src/racademy_cpp_examples) by extension 'ignore'
[0.456s] Level 1:colcon.colcon_core.package_identification:_identify(src/racademy_cpp_examples) by extension 'ignore_ament_install'
[0.456s] Level 1:colcon.colcon_core.package_identification:_identify(src/racademy_cpp_examples) by extensions ['colcon_pkg']
[0.456s] Level 1:colcon.colcon_core.package_identification:_identify(src/racademy_cpp_examples) by extension 'colcon_pkg'
[0.456s] Level 1:colcon.colcon_core.package_identification:_identify(src/racademy_cpp_examples) by extensions ['colcon_meta']
[0.456s] Level 1:colcon.colcon_core.package_identification:_identify(src/racademy_cpp_examples) by extension 'colcon_meta'
[0.457s] Level 1:colcon.colcon_core.package_identification:_identify(src/racademy_cpp_examples) by extensions ['ros']
[0.457s] Level 1:colcon.colcon_core.package_identification:_identify(src/racademy_cpp_examples) by extension 'ros'
[0.458s] DEBUG:colcon.colcon_core.package_identification:Package 'src/racademy_cpp_examples' with type 'ros.ament_cmake' and name 'racademy_cpp_examples'
[0.459s] Level 1:colcon.colcon_core.package_identification:_identify(src/racademy_description) by extensions ['ignore', 'ignore_ament_install']
[0.459s] Level 1:colcon.colcon_core.package_identification:_identify(src/racademy_description) by extension 'ignore'
[0.460s] Level 1:colcon.colcon_core.package_identification:_identify(src/racademy_description) by extension 'ignore_ament_install'
[0.460s] Level 1:colcon.colcon_core.package_identification:_identify(src/racademy_description) by extensions ['colcon_pkg']
[0.460s] Level 1:colcon.colcon_core.package_identification:_identify(src/racademy_description) by extension 'colcon_pkg'
[0.460s] Level 1:colcon.colcon_core.package_identification:_identify(src/racademy_description) by extensions ['colcon_meta']
[0.461s] Level 1:colcon.colcon_core.package_identification:_identify(src/racademy_description) by extension 'colcon_meta'
[0.461s] Level 1:colcon.colcon_core.package_identification:_identify(src/racademy_description) by extensions ['ros']
[0.461s] Level 1:colcon.colcon_core.package_identification:_identify(src/racademy_description) by extension 'ros'
[0.463s] DEBUG:colcon.colcon_core.package_identification:Package 'src/racademy_description' with type 'ros.ament_cmake' and name 'racademy_description'
[0.464s] Level 1:colcon.colcon_core.package_identification:_identify(src/racademy_py_examples) by extensions ['ignore', 'ignore_ament_install']
[0.465s] Level 1:colcon.colcon_core.package_identification:_identify(src/racademy_py_examples) by extension 'ignore'
[0.465s] Level 1:colcon.colcon_core.package_identification:_identify(src/racademy_py_examples) by extension 'ignore_ament_install'
[0.466s] Level 1:colcon.colcon_core.package_identification:_identify(src/racademy_py_examples) by extensions ['colcon_pkg']
[0.466s] Level 1:colcon.colcon_core.package_identification:_identify(src/racademy_py_examples) by extension 'colcon_pkg'
[0.466s] Level 1:colcon.colcon_core.package_identification:_identify(src/racademy_py_examples) by extensions ['colcon_meta']
[0.466s] Level 1:colcon.colcon_core.package_identification:_identify(src/racademy_py_examples) by extension 'colcon_meta'
[0.467s] Level 1:colcon.colcon_core.package_identification:_identify(src/racademy_py_examples) by extensions ['ros']
[0.467s] Level 1:colcon.colcon_core.package_identification:_identify(src/racademy_py_examples) by extension 'ros'
[0.469s] DEBUG:colcon.colcon_core.package_identification:Package 'src/racademy_py_examples' with type 'ros.ament_python' and name 'racademy_py_examples'
[0.469s] Level 1:colcon.colcon_core.package_discovery:discover_packages(recursive) using defaults
[0.470s] Level 1:colcon.colcon_core.package_discovery:discover_packages(ignore) discover
[0.470s] Level 1:colcon.colcon_core.package_discovery:discover_packages(ignore) using defaults
[0.470s] Level 1:colcon.colcon_core.package_discovery:discover_packages(path) discover
[0.470s] Level 1:colcon.colcon_core.package_discovery:discover_packages(path) using defaults
[0.519s] Level 1:colcon.colcon_core.package_discovery:discover_packages(prefix_path) check parameters
[0.520s] Level 1:colcon.colcon_core.package_discovery:discover_packages(prefix_path) discover
[0.528s] DEBUG:colcon.colcon_installed_package_information.package_discovery:Found 5 installed packages in /github/racademy_ws/install
[0.531s] DEBUG:colcon.colcon_installed_package_information.package_discovery:Found 394 installed packages in /opt/ros/humble
[0.534s] Level 1:colcon.colcon_core.package_discovery:discover_packages(prefix_path) using defaults
[0.604s] Level 5:colcon.colcon_core.verb:set package 'learning_tf2_cpp' build argument 'cmake_args' from command line to 'None'
[0.605s] Level 5:colcon.colcon_core.verb:set package 'learning_tf2_cpp' build argument 'cmake_target' from command line to 'None'
[0.605s] Level 5:colcon.colcon_core.verb:set package 'learning_tf2_cpp' build argument 'cmake_target_skip_unavailable' from command line to 'False'
[0.605s] Level 5:colcon.colcon_core.verb:set package 'learning_tf2_cpp' build argument 'cmake_clean_cache' from command line to 'False'
[0.606s] Level 5:colcon.colcon_core.verb:set package 'learning_tf2_cpp' build argument 'cmake_clean_first' from command line to 'False'
[0.606s] Level 5:colcon.colcon_core.verb:set package 'learning_tf2_cpp' build argument 'cmake_force_configure' from command line to 'False'
[0.606s] Level 5:colcon.colcon_core.verb:set package 'learning_tf2_cpp' build argument 'ament_cmake_args' from command line to 'None'
[0.606s] Level 5:colcon.colcon_core.verb:set package 'learning_tf2_cpp' build argument 'catkin_cmake_args' from command line to 'None'
[0.606s] Level 5:colcon.colcon_core.verb:set package 'learning_tf2_cpp' build argument 'catkin_skip_building_tests' from command line to 'False'
[0.607s] DEBUG:colcon.colcon_core.verb:Building package 'learning_tf2_cpp' with the following arguments: {'ament_cmake_args': None, 'build_base': '/github/racademy_ws/build/learning_tf2_cpp', 'catkin_cmake_args': None, 'catkin_skip_building_tests': False, 'cmake_args': None, 'cmake_clean_cache': False, 'cmake_clean_first': False, 'cmake_force_configure': False, 'cmake_target': None, 'cmake_target_skip_unavailable': False, 'install_base': '/github/racademy_ws/install/learning_tf2_cpp', 'merge_install': False, 'path': '/github/racademy_ws/src/learning_tf2_cpp', 'symlink_install': True, 'test_result_base': None}
[0.608s] Level 5:colcon.colcon_core.verb:set package 'learning_tf2_py' build argument 'cmake_args' from command line to 'None'
[0.608s] Level 5:colcon.colcon_core.verb:set package 'learning_tf2_py' build argument 'cmake_target' from command line to 'None'
[0.608s] Level 5:colcon.colcon_core.verb:set package 'learning_tf2_py' build argument 'cmake_target_skip_unavailable' from command line to 'False'
[0.608s] Level 5:colcon.colcon_core.verb:set package 'learning_tf2_py' build argument 'cmake_clean_cache' from command line to 'False'
[0.609s] Level 5:colcon.colcon_core.verb:set package 'learning_tf2_py' build argument 'cmake_clean_first' from command line to 'False'
[0.609s] Level 5:colcon.colcon_core.verb:set package 'learning_tf2_py' build argument 'cmake_force_configure' from command line to 'False'
[0.610s] Level 5:colcon.colcon_core.verb:set package 'learning_tf2_py' build argument 'ament_cmake_args' from command line to 'None'
[0.610s] Level 5:colcon.colcon_core.verb:set package 'learning_tf2_py' build argument 'catkin_cmake_args' from command line to 'None'
[0.610s] Level 5:colcon.colcon_core.verb:set package 'learning_tf2_py' build argument 'catkin_skip_building_tests' from command line to 'False'
[0.611s] DEBUG:colcon.colcon_core.verb:Building package 'learning_tf2_py' with the following arguments: {'ament_cmake_args': None, 'build_base': '/github/racademy_ws/build/learning_tf2_py', 'catkin_cmake_args': None, 'catkin_skip_building_tests': False, 'cmake_args': None, 'cmake_clean_cache': False, 'cmake_clean_first': False, 'cmake_force_configure': False, 'cmake_target': None, 'cmake_target_skip_unavailable': False, 'install_base': '/github/racademy_ws/install/learning_tf2_py', 'merge_install': False, 'path': '/github/racademy_ws/src/learning_tf2_py', 'symlink_install': True, 'test_result_base': None}
[0.612s] Level 5:colcon.colcon_core.verb:set package 'racademy_cpp_examples' build argument 'cmake_args' from command line to 'None'
[0.612s] Level 5:colcon.colcon_core.verb:set package 'racademy_cpp_examples' build argument 'cmake_target' from command line to 'None'
[0.613s] Level 5:colcon.colcon_core.verb:set package 'racademy_cpp_examples' build argument 'cmake_target_skip_unavailable' from command line to 'False'
[0.613s] Level 5:colcon.colcon_core.verb:set package 'racademy_cpp_examples' build argument 'cmake_clean_cache' from command line to 'False'
[0.614s] Level 5:colcon.colcon_core.verb:set package 'racademy_cpp_examples' build argument 'cmake_clean_first' from command line to 'False'
[0.614s] Level 5:colcon.colcon_core.verb:set package 'racademy_cpp_examples' build argument 'cmake_force_configure' from command line to 'False'
[0.615s] Level 5:colcon.colcon_core.verb:set package 'racademy_cpp_examples' build argument 'ament_cmake_args' from command line to 'None'
[0.616s] Level 5:colcon.colcon_core.verb:set package 'racademy_cpp_examples' build argument 'catkin_cmake_args' from command line to 'None'
[0.616s] Level 5:colcon.colcon_core.verb:set package 'racademy_cpp_examples' build argument 'catkin_skip_building_tests' from command line to 'False'
[0.616s] DEBUG:colcon.colcon_core.verb:Building package 'racademy_cpp_examples' with the following arguments: {'ament_cmake_args': None, 'build_base': '/github/racademy_ws/build/racademy_cpp_examples', 'catkin_cmake_args': None, 'catkin_skip_building_tests': False, 'cmake_args': None, 'cmake_clean_cache': False, 'cmake_clean_first': False, 'cmake_force_configure': False, 'cmake_target': None, 'cmake_target_skip_unavailable': False, 'install_base': '/github/racademy_ws/install/racademy_cpp_examples', 'merge_install': False, 'path': '/github/racademy_ws/src/racademy_cpp_examples', 'symlink_install': True, 'test_result_base': None}
[0.617s] Level 5:colcon.colcon_core.verb:set package 'racademy_description' build argument 'cmake_args' from command line to 'None'
[0.617s] Level 5:colcon.colcon_core.verb:set package 'racademy_description' build argument 'cmake_target' from command line to 'None'
[0.618s] Level 5:colcon.colcon_core.verb:set package 'racademy_description' build argument 'cmake_target_skip_unavailable' from command line to 'False'
[0.618s] Level 5:colcon.colcon_core.verb:set package 'racademy_description' build argument 'cmake_clean_cache' from command line to 'False'
[0.618s] Level 5:colcon.colcon_core.verb:set package 'racademy_description' build argument 'cmake_clean_first' from command line to 'False'
[0.619s] Level 5:colcon.colcon_core.verb:set package 'racademy_description' build argument 'cmake_force_configure' from command line to 'False'
[0.622s] Level 5:colcon.colcon_core.verb:set package 'racademy_description' build argument 'ament_cmake_args' from command line to 'None'
[0.623s] Level 5:colcon.colcon_core.verb:set package 'racademy_description' build argument 'catkin_cmake_args' from command line to 'None'
[0.624s] Level 5:colcon.colcon_core.verb:set package 'racademy_description' build argument 'catkin_skip_building_tests' from command line to 'False'
[0.624s] DEBUG:colcon.colcon_core.verb:Building package 'racademy_description' with the following arguments: {'ament_cmake_args': None, 'build_base': '/github/racademy_ws/build/racademy_description', 'catkin_cmake_args': None, 'catkin_skip_building_tests': False, 'cmake_args': None, 'cmake_clean_cache': False, 'cmake_clean_first': False, 'cmake_force_configure': False, 'cmake_target': None, 'cmake_target_skip_unavailable': False, 'install_base': '/github/racademy_ws/install/racademy_description', 'merge_install': False, 'path': '/github/racademy_ws/src/racademy_description', 'symlink_install': True, 'test_result_base': None}
[0.626s] Level 5:colcon.colcon_core.verb:set package 'racademy_py_examples' build argument 'cmake_args' from command line to 'None'
[0.626s] Level 5:colcon.colcon_core.verb:set package 'racademy_py_examples' build argument 'cmake_target' from command line to 'None'
[0.626s] Level 5:colcon.colcon_core.verb:set package 'racademy_py_examples' build argument 'cmake_target_skip_unavailable' from command line to 'False'
[0.626s] Level 5:colcon.colcon_core.verb:set package 'racademy_py_examples' build argument 'cmake_clean_cache' from command line to 'False'
[0.626s] Level 5:colcon.colcon_core.verb:set package 'racademy_py_examples' build argument 'cmake_clean_first' from command line to 'False'
[0.628s] Level 5:colcon.colcon_core.verb:set package 'racademy_py_examples' build argument 'cmake_force_configure' from command line to 'False'
[0.628s] Level 5:colcon.colcon_core.verb:set package 'racademy_py_examples' build argument 'ament_cmake_args' from command line to 'None'
[0.628s] Level 5:colcon.colcon_core.verb:set package 'racademy_py_examples' build argument 'catkin_cmake_args' from command line to 'None'
[0.628s] Level 5:colcon.colcon_core.verb:set package 'racademy_py_examples' build argument 'catkin_skip_building_tests' from command line to 'False'
[0.629s] DEBUG:colcon.colcon_core.verb:Building package 'racademy_py_examples' with the following arguments: {'ament_cmake_args': None, 'build_base': '/github/racademy_ws/build/racademy_py_examples', 'catkin_cmake_args': None, 'catkin_skip_building_tests': False, 'cmake_args': None, 'cmake_clean_cache': False, 'cmake_clean_first': False, 'cmake_force_configure': False, 'cmake_target': None, 'cmake_target_skip_unavailable': False, 'install_base': '/github/racademy_ws/install/racademy_py_examples', 'merge_install': False, 'path': '/github/racademy_ws/src/racademy_py_examples', 'symlink_install': True, 'test_result_base': None}
[0.629s] INFO:colcon.colcon_core.executor:Executing jobs using 'parallel' executor
[0.631s] DEBUG:colcon.colcon_parallel_executor.executor.parallel:run_until_complete
[0.632s] INFO:colcon.colcon_ros.task.ament_cmake.build:Building ROS package in '/github/racademy_ws/src/learning_tf2_cpp' with build type 'ament_cmake'
[0.632s] INFO:colcon.colcon_cmake.task.cmake.build:Building CMake package in '/github/racademy_ws/src/learning_tf2_cpp'
[0.635s] INFO:colcon.colcon_core.plugin_system:Skipping extension 'colcon_core.shell.bat': Not used on non-Windows systems
[0.636s] INFO:colcon.colcon_core.shell:Skip shell extension 'powershell' for command environment: Not usable outside of PowerShell
[0.636s] DEBUG:colcon.colcon_core.shell:Skip shell extension 'dsv' for command environment
[0.649s] INFO:colcon.colcon_ros.task.ament_python.build:Building ROS package in '/github/racademy_ws/src/learning_tf2_py' with build type 'ament_python'
[0.650s] Level 1:colcon.colcon_core.shell:create_environment_hook('learning_tf2_py', 'ament_prefix_path')
[0.650s] INFO:colcon.colcon_core.shell:Creating environment hook '/github/racademy_ws/install/learning_tf2_py/share/learning_tf2_py/hook/ament_prefix_path.ps1'
[0.652s] INFO:colcon.colcon_core.shell:Creating environment descriptor '/github/racademy_ws/install/learning_tf2_py/share/learning_tf2_py/hook/ament_prefix_path.dsv'
[0.655s] INFO:colcon.colcon_core.shell:Creating environment hook '/github/racademy_ws/install/learning_tf2_py/share/learning_tf2_py/hook/ament_prefix_path.sh'
[0.657s] INFO:colcon.colcon_core.shell:Skip shell extension 'powershell' for command environment: Not usable outside of PowerShell
[0.658s] DEBUG:colcon.colcon_core.shell:Skip shell extension 'dsv' for command environment
[0.669s] INFO:colcon.colcon_ros.task.ament_cmake.build:Building ROS package in '/github/racademy_ws/src/racademy_cpp_examples' with build type 'ament_cmake'
[0.671s] INFO:colcon.colcon_cmake.task.cmake.build:Building CMake package in '/github/racademy_ws/src/racademy_cpp_examples'
[0.673s] INFO:colcon.colcon_core.shell:Skip shell extension 'powershell' for command environment: Not usable outside of PowerShell
[0.673s] DEBUG:colcon.colcon_core.shell:Skip shell extension 'dsv' for command environment
[0.683s] INFO:colcon.colcon_ros.task.ament_cmake.build:Building ROS package in '/github/racademy_ws/src/racademy_description' with build type 'ament_cmake'
[0.683s] INFO:colcon.colcon_cmake.task.cmake.build:Building CMake package in '/github/racademy_ws/src/racademy_description'
[0.684s] INFO:colcon.colcon_core.shell:Skip shell extension 'powershell' for command environment: Not usable outside of PowerShell
[0.685s] DEBUG:colcon.colcon_core.shell:Skip shell extension 'dsv' for command environment
[0.696s] INFO:colcon.colcon_ros.task.ament_python.build:Building ROS package in '/github/racademy_ws/src/racademy_py_examples' with build type 'ament_python'
[0.697s] Level 1:colcon.colcon_core.shell:create_environment_hook('racademy_py_examples', 'ament_prefix_path')
[0.698s] INFO:colcon.colcon_core.shell:Creating environment hook '/github/racademy_ws/install/racademy_py_examples/share/racademy_py_examples/hook/ament_prefix_path.ps1'
[0.701s] INFO:colcon.colcon_core.shell:Creating environment descriptor '/github/racademy_ws/install/racademy_py_examples/share/racademy_py_examples/hook/ament_prefix_path.dsv'
[0.703s] INFO:colcon.colcon_core.shell:Creating environment hook '/github/racademy_ws/install/racademy_py_examples/share/racademy_py_examples/hook/ament_prefix_path.sh'
[0.705s] INFO:colcon.colcon_core.shell:Skip shell extension 'powershell' for command environment: Not usable outside of PowerShell
[0.705s] DEBUG:colcon.colcon_core.shell:Skip shell extension 'dsv' for command environment
[0.751s] DEBUG:colcon.colcon_core.event_handler.log_command:Invoking command in '/github/racademy_ws/build/learning_tf2_cpp': CMAKE_PREFIX_PATH=${CMAKE_PREFIX_PATH}:/github/racademy_ws/install/racademy_py_examples:/github/racademy_ws/install/learning_tf2_py:/opt/ros/humble /usr/bin/cmake --build /github/racademy_ws/build/learning_tf2_cpp -- -j8 -l8
[1.164s] INFO:colcon.colcon_core.task.python.build:Building Python package in '/github/racademy_ws/src/learning_tf2_py'
[1.165s] INFO:colcon.colcon_core.shell:Skip shell extension 'powershell' for command environment: Not usable outside of PowerShell
[1.166s] DEBUG:colcon.colcon_core.shell:Skip shell extension 'dsv' for command environment
[1.187s] DEBUG:colcon.colcon_core.event_handler.log_command:Invoking command in '/github/racademy_ws/build/racademy_cpp_examples': CMAKE_PREFIX_PATH=${CMAKE_PREFIX_PATH}:/github/racademy_ws/install/racademy_py_examples:/github/racademy_ws/install/learning_tf2_py:/opt/ros/humble /usr/bin/cmake --build /github/racademy_ws/build/racademy_cpp_examples -- -j8 -l8
[1.215s] DEBUG:colcon.colcon_core.event_handler.log_command:Invoking command in '/github/racademy_ws/build/racademy_description': CMAKE_PREFIX_PATH=${CMAKE_PREFIX_PATH}:/github/racademy_ws/install/racademy_py_examples:/github/racademy_ws/install/learning_tf2_py:/opt/ros/humble /usr/bin/cmake --build /github/racademy_ws/build/racademy_description -- -j8 -l8
[1.714s] INFO:colcon.colcon_core.task.python.build:Building Python package in '/github/racademy_ws/src/racademy_py_examples'
[1.714s] INFO:colcon.colcon_core.shell:Skip shell extension 'powershell' for command environment: Not usable outside of PowerShell
[1.715s] DEBUG:colcon.colcon_core.shell:Skip shell extension 'dsv' for command environment
[1.731s] DEBUG:colcon.colcon_core.event_handler.log_command:Invoked command in '/github/racademy_ws/build/learning_tf2_cpp' returned '0': CMAKE_PREFIX_PATH=${CMAKE_PREFIX_PATH}:/github/racademy_ws/install/racademy_py_examples:/github/racademy_ws/install/learning_tf2_py:/opt/ros/humble /usr/bin/cmake --build /github/racademy_ws/build/learning_tf2_cpp -- -j8 -l8
[1.755s] DEBUG:colcon.colcon_core.event_handler.log_command:Invoking command in '/github/racademy_ws/build/learning_tf2_cpp': CMAKE_PREFIX_PATH=${CMAKE_PREFIX_PATH}:/github/racademy_ws/install/racademy_py_examples:/github/racademy_ws/install/learning_tf2_py:/opt/ros/humble /usr/bin/cmake --install /github/racademy_ws/build/learning_tf2_cpp
[1.769s] DEBUG:colcon.colcon_core.event_handler.log_command:Invoked command in '/github/racademy_ws/build/racademy_cpp_examples' returned '0': CMAKE_PREFIX_PATH=${CMAKE_PREFIX_PATH}:/github/racademy_ws/install/racademy_py_examples:/github/racademy_ws/install/learning_tf2_py:/opt/ros/humble /usr/bin/cmake --build /github/racademy_ws/build/racademy_cpp_examples -- -j8 -l8
[1.783s] DEBUG:colcon.colcon_core.event_handler.log_command:Invoking command in '/github/racademy_ws/build/racademy_cpp_examples': CMAKE_PREFIX_PATH=${CMAKE_PREFIX_PATH}:/github/racademy_ws/install/racademy_py_examples:/github/racademy_ws/install/learning_tf2_py:/opt/ros/humble /usr/bin/cmake --install /github/racademy_ws/build/racademy_cpp_examples
[1.855s] Level 1:colcon.colcon_core.environment:create_environment_scripts_only(learning_tf2_cpp)
[1.865s] Level 1:colcon.colcon_core.environment:checking '/github/racademy_ws/install/learning_tf2_cpp' for CMake module files
[1.877s] DEBUG:colcon.colcon_core.event_handler.log_command:Invoked command in '/github/racademy_ws/build/learning_tf2_cpp' returned '0': CMAKE_PREFIX_PATH=${CMAKE_PREFIX_PATH}:/github/racademy_ws/install/racademy_py_examples:/github/racademy_ws/install/learning_tf2_py:/opt/ros/humble /usr/bin/cmake --install /github/racademy_ws/build/learning_tf2_cpp
[1.886s] Level 1:colcon.colcon_core.environment:checking '/github/racademy_ws/install/learning_tf2_cpp' for CMake config files
[1.897s] Level 1:colcon.colcon_core.shell:create_environment_hook('learning_tf2_cpp', 'cmake_prefix_path')
[1.898s] INFO:colcon.colcon_core.shell:Creating environment hook '/github/racademy_ws/install/learning_tf2_cpp/share/learning_tf2_cpp/hook/cmake_prefix_path.ps1'
[1.900s] INFO:colcon.colcon_core.shell:Creating environment descriptor '/github/racademy_ws/install/learning_tf2_cpp/share/learning_tf2_cpp/hook/cmake_prefix_path.dsv'
[1.904s] INFO:colcon.colcon_core.shell:Creating environment hook '/github/racademy_ws/install/learning_tf2_cpp/share/learning_tf2_cpp/hook/cmake_prefix_path.sh'
[1.909s] Level 1:colcon.colcon_core.environment:checking '/github/racademy_ws/install/learning_tf2_cpp/bin'
[1.909s] Level 1:colcon.colcon_core.environment:checking '/github/racademy_ws/install/learning_tf2_cpp/lib/pkgconfig/learning_tf2_cpp.pc'
[1.910s] Level 1:colcon.colcon_core.environment:checking '/github/racademy_ws/install/learning_tf2_cpp/lib/python3.10/site-packages'
[1.911s] Level 1:colcon.colcon_core.environment:checking '/github/racademy_ws/install/learning_tf2_cpp/bin'
[1.913s] INFO:colcon.colcon_core.shell:Creating package script '/github/racademy_ws/install/learning_tf2_cpp/share/learning_tf2_cpp/package.ps1'
[1.917s] INFO:colcon.colcon_core.shell:Creating package descriptor '/github/racademy_ws/install/learning_tf2_cpp/share/learning_tf2_cpp/package.dsv'
[1.920s] INFO:colcon.colcon_core.shell:Creating package script '/github/racademy_ws/install/learning_tf2_cpp/share/learning_tf2_cpp/package.sh'
[1.922s] INFO:colcon.colcon_core.shell:Creating package script '/github/racademy_ws/install/learning_tf2_cpp/share/learning_tf2_cpp/package.bash'
[1.924s] INFO:colcon.colcon_core.shell:Creating package script '/github/racademy_ws/install/learning_tf2_cpp/share/learning_tf2_cpp/package.zsh'
[1.927s] Level 1:colcon.colcon_core.environment:create_file_with_runtime_dependencies(/github/racademy_ws/install/learning_tf2_cpp/share/colcon-core/packages/learning_tf2_cpp)
[1.930s] Level 1:colcon.colcon_core.environment:create_environment_scripts_only(learning_tf2_cpp)
[1.931s] Level 1:colcon.colcon_core.environment:checking '/github/racademy_ws/install/learning_tf2_cpp' for CMake module files
[1.935s] Level 1:colcon.colcon_core.environment:checking '/github/racademy_ws/install/learning_tf2_cpp' for CMake config files
[1.939s] Level 1:colcon.colcon_core.shell:create_environment_hook('learning_tf2_cpp', 'cmake_prefix_path')
[1.940s] INFO:colcon.colcon_core.shell:Creating environment hook '/github/racademy_ws/install/learning_tf2_cpp/share/learning_tf2_cpp/hook/cmake_prefix_path.ps1'
[1.942s] INFO:colcon.colcon_core.shell:Creating environment descriptor '/github/racademy_ws/install/learning_tf2_cpp/share/learning_tf2_cpp/hook/cmake_prefix_path.dsv'
[1.944s] INFO:colcon.colcon_core.shell:Creating environment hook '/github/racademy_ws/install/learning_tf2_cpp/share/learning_tf2_cpp/hook/cmake_prefix_path.sh'
[1.948s] Level 1:colcon.colcon_core.environment:checking '/github/racademy_ws/install/learning_tf2_cpp/bin'
[1.948s] Level 1:colcon.colcon_core.environment:checking '/github/racademy_ws/install/learning_tf2_cpp/lib/pkgconfig/learning_tf2_cpp.pc'
[1.951s] Level 1:colcon.colcon_core.environment:checking '/github/racademy_ws/install/learning_tf2_cpp/lib/python3.10/site-packages'
[1.952s] Level 1:colcon.colcon_core.environment:checking '/github/racademy_ws/install/learning_tf2_cpp/bin'
[1.953s] INFO:colcon.colcon_core.shell:Creating package script '/github/racademy_ws/install/learning_tf2_cpp/share/learning_tf2_cpp/package.ps1'
[1.955s] INFO:colcon.colcon_core.shell:Creating package descriptor '/github/racademy_ws/install/learning_tf2_cpp/share/learning_tf2_cpp/package.dsv'
[1.956s] INFO:colcon.colcon_core.shell:Creating package script '/github/racademy_ws/install/learning_tf2_cpp/share/learning_tf2_cpp/package.sh'
[1.958s] INFO:colcon.colcon_core.shell:Creating package script '/github/racademy_ws/install/learning_tf2_cpp/share/learning_tf2_cpp/package.bash'
[1.961s] INFO:colcon.colcon_core.shell:Creating package script '/github/racademy_ws/install/learning_tf2_cpp/share/learning_tf2_cpp/package.zsh'
[1.964s] Level 1:colcon.colcon_core.environment:create_file_with_runtime_dependencies(/github/racademy_ws/install/learning_tf2_cpp/share/colcon-core/packages/learning_tf2_cpp)
[1.973s] DEBUG:colcon.colcon_core.event_handler.log_command:Invoked command in '/github/racademy_ws/build/racademy_description' returned '0': CMAKE_PREFIX_PATH=${CMAKE_PREFIX_PATH}:/github/racademy_ws/install/racademy_py_examples:/github/racademy_ws/install/learning_tf2_py:/opt/ros/humble /usr/bin/cmake --build /github/racademy_ws/build/racademy_description -- -j8 -l8
[1.973s] Level 1:colcon.colcon_core.environment:create_environment_scripts_only(racademy_cpp_examples)
[1.975s] Level 1:colcon.colcon_core.environment:checking '/github/racademy_ws/install/racademy_cpp_examples' for CMake module files
[1.978s] DEBUG:colcon.colcon_core.event_handler.log_command:Invoking command in '/github/racademy_ws/build/racademy_description': CMAKE_PREFIX_PATH=${CMAKE_PREFIX_PATH}:/github/racademy_ws/install/racademy_py_examples:/github/racademy_ws/install/learning_tf2_py:/opt/ros/humble /usr/bin/cmake --install /github/racademy_ws/build/racademy_description
[1.981s] DEBUG:colcon.colcon_core.event_handler.log_command:Invoked command in '/github/racademy_ws/build/racademy_cpp_examples' returned '0': CMAKE_PREFIX_PATH=${CMAKE_PREFIX_PATH}:/github/racademy_ws/install/racademy_py_examples:/github/racademy_ws/install/learning_tf2_py:/opt/ros/humble /usr/bin/cmake --install /github/racademy_ws/build/racademy_cpp_examples
[1.991s] Level 1:colcon.colcon_core.environment:checking '/github/racademy_ws/install/racademy_cpp_examples' for CMake config files
[2.010s] Level 1:colcon.colcon_core.shell:create_environment_hook('racademy_cpp_examples', 'cmake_prefix_path')
[2.012s] INFO:colcon.colcon_core.shell:Creating environment hook '/github/racademy_ws/install/racademy_cpp_examples/share/racademy_cpp_examples/hook/cmake_prefix_path.ps1'
[2.015s] INFO:colcon.colcon_core.shell:Creating environment descriptor '/github/racademy_ws/install/racademy_cpp_examples/share/racademy_cpp_examples/hook/cmake_prefix_path.dsv'
[2.017s] INFO:colcon.colcon_core.shell:Creating environment hook '/github/racademy_ws/install/racademy_cpp_examples/share/racademy_cpp_examples/hook/cmake_prefix_path.sh'
[2.020s] Level 1:colcon.colcon_core.environment:checking '/github/racademy_ws/install/racademy_cpp_examples/bin'
[2.021s] Level 1:colcon.colcon_core.environment:checking '/github/racademy_ws/install/racademy_cpp_examples/lib/pkgconfig/racademy_cpp_examples.pc'
[2.022s] Level 1:colcon.colcon_core.environment:checking '/github/racademy_ws/install/racademy_cpp_examples/lib/python3.10/site-packages'
[2.023s] Level 1:colcon.colcon_core.environment:checking '/github/racademy_ws/install/racademy_cpp_examples/bin'
[2.024s] INFO:colcon.colcon_core.shell:Creating package script '/github/racademy_ws/install/racademy_cpp_examples/share/racademy_cpp_examples/package.ps1'
[2.027s] INFO:colcon.colcon_core.shell:Creating package descriptor '/github/racademy_ws/install/racademy_cpp_examples/share/racademy_cpp_examples/package.dsv'
[2.030s] INFO:colcon.colcon_core.shell:Creating package script '/github/racademy_ws/install/racademy_cpp_examples/share/racademy_cpp_examples/package.sh'
[2.032s] INFO:colcon.colcon_core.shell:Creating package script '/github/racademy_ws/install/racademy_cpp_examples/share/racademy_cpp_examples/package.bash'
[2.034s] INFO:colcon.colcon_core.shell:Creating package script '/github/racademy_ws/install/racademy_cpp_examples/share/racademy_cpp_examples/package.zsh'
[2.036s] Level 1:colcon.colcon_core.environment:create_file_with_runtime_dependencies(/github/racademy_ws/install/racademy_cpp_examples/share/colcon-core/packages/racademy_cpp_examples)
[2.041s] Level 1:colcon.colcon_core.environment:create_environment_scripts_only(racademy_cpp_examples)
[2.042s] Level 1:colcon.colcon_core.environment:checking '/github/racademy_ws/install/racademy_cpp_examples' for CMake module files
[2.047s] Level 1:colcon.colcon_core.environment:checking '/github/racademy_ws/install/racademy_cpp_examples' for CMake config files
[2.052s] Level 1:colcon.colcon_core.shell:create_environment_hook('racademy_cpp_examples', 'cmake_prefix_path')
[2.052s] INFO:colcon.colcon_core.shell:Creating environment hook '/github/racademy_ws/install/racademy_cpp_examples/share/racademy_cpp_examples/hook/cmake_prefix_path.ps1'
[2.054s] INFO:colcon.colcon_core.shell:Creating environment descriptor '/github/racademy_ws/install/racademy_cpp_examples/share/racademy_cpp_examples/hook/cmake_prefix_path.dsv'
[2.057s] INFO:colcon.colcon_core.shell:Creating environment hook '/github/racademy_ws/install/racademy_cpp_examples/share/racademy_cpp_examples/hook/cmake_prefix_path.sh'
[2.061s] Level 1:colcon.colcon_core.environment:checking '/github/racademy_ws/install/racademy_cpp_examples/bin'
[2.062s] Level 1:colcon.colcon_core.environment:checking '/github/racademy_ws/install/racademy_cpp_examples/lib/pkgconfig/racademy_cpp_examples.pc'
[2.063s] Level 1:colcon.colcon_core.environment:checking '/github/racademy_ws/install/racademy_cpp_examples/lib/python3.10/site-packages'
[2.065s] Level 1:colcon.colcon_core.environment:checking '/github/racademy_ws/install/racademy_cpp_examples/bin'
[2.067s] INFO:colcon.colcon_core.shell:Creating package script '/github/racademy_ws/install/racademy_cpp_examples/share/racademy_cpp_examples/package.ps1'
[2.071s] INFO:colcon.colcon_core.shell:Creating package descriptor '/github/racademy_ws/install/racademy_cpp_examples/share/racademy_cpp_examples/package.dsv'
[2.074s] INFO:colcon.colcon_core.shell:Creating package script '/github/racademy_ws/install/racademy_cpp_examples/share/racademy_cpp_examples/package.sh'
[2.077s] INFO:colcon.colcon_core.shell:Creating package script '/github/racademy_ws/install/racademy_cpp_examples/share/racademy_cpp_examples/package.bash'
[2.083s] INFO:colcon.colcon_core.shell:Creating package script '/github/racademy_ws/install/racademy_cpp_examples/share/racademy_cpp_examples/package.zsh'
[2.087s] Level 1:colcon.colcon_core.environment:create_file_with_runtime_dependencies(/github/racademy_ws/install/racademy_cpp_examples/share/colcon-core/packages/racademy_cpp_examples)
[2.141s] Level 1:colcon.colcon_core.environment:create_environment_scripts_only(racademy_description)
[2.142s] Level 1:colcon.colcon_core.environment:checking '/github/racademy_ws/install/racademy_description' for CMake module files
[2.153s] Level 1:colcon.colcon_core.environment:checking '/github/racademy_ws/install/racademy_description' for CMake config files
[2.163s] DEBUG:colcon.colcon_core.event_handler.log_command:Invoked command in '/github/racademy_ws/build/racademy_description' returned '0': CMAKE_PREFIX_PATH=${CMAKE_PREFIX_PATH}:/github/racademy_ws/install/racademy_py_examples:/github/racademy_ws/install/learning_tf2_py:/opt/ros/humble /usr/bin/cmake --install /github/racademy_ws/build/racademy_description
[2.170s] Level 1:colcon.colcon_core.shell:create_environment_hook('racademy_description', 'cmake_prefix_path')
[2.171s] INFO:colcon.colcon_core.shell:Creating environment hook '/github/racademy_ws/install/racademy_description/share/racademy_description/hook/cmake_prefix_path.ps1'
[2.177s] INFO:colcon.colcon_core.shell:Creating environment descriptor '/github/racademy_ws/install/racademy_description/share/racademy_description/hook/cmake_prefix_path.dsv'
[2.179s] INFO:colcon.colcon_core.shell:Creating environment hook '/github/racademy_ws/install/racademy_description/share/racademy_description/hook/cmake_prefix_path.sh'
[2.181s] Level 1:colcon.colcon_core.environment:checking '/github/racademy_ws/install/racademy_description/bin'
[2.182s] Level 1:colcon.colcon_core.environment:checking '/github/racademy_ws/install/racademy_description/lib/pkgconfig/racademy_description.pc'
[2.182s] Level 1:colcon.colcon_core.environment:checking '/github/racademy_ws/install/racademy_description/lib/python3.10/site-packages'
[2.183s] Level 1:colcon.colcon_core.environment:checking '/github/racademy_ws/install/racademy_description/bin'
[2.185s] INFO:colcon.colcon_core.shell:Creating package script '/github/racademy_ws/install/racademy_description/share/racademy_description/package.ps1'
[2.194s] INFO:colcon.colcon_core.shell:Creating package descriptor '/github/racademy_ws/install/racademy_description/share/racademy_description/package.dsv'
[2.200s] INFO:colcon.colcon_core.shell:Creating package script '/github/racademy_ws/install/racademy_description/share/racademy_description/package.sh'
[2.203s] INFO:colcon.colcon_core.shell:Creating package script '/github/racademy_ws/install/racademy_description/share/racademy_description/package.bash'
[2.205s] INFO:colcon.colcon_core.shell:Creating package script '/github/racademy_ws/install/racademy_description/share/racademy_description/package.zsh'
[2.211s] Level 1:colcon.colcon_core.environment:create_file_with_runtime_dependencies(/github/racademy_ws/install/racademy_description/share/colcon-core/packages/racademy_description)
[2.214s] Level 1:colcon.colcon_core.environment:create_environment_scripts_only(racademy_description)
[2.215s] Level 1:colcon.colcon_core.environment:checking '/github/racademy_ws/install/racademy_description' for CMake module files
[2.225s] Level 1:colcon.colcon_core.environment:checking '/github/racademy_ws/install/racademy_description' for CMake config files
[2.238s] Level 1:colcon.colcon_core.shell:create_environment_hook('racademy_description', 'cmake_prefix_path')
[2.240s] INFO:colcon.colcon_core.shell:Creating environment hook '/github/racademy_ws/install/racademy_description/share/racademy_description/hook/cmake_prefix_path.ps1'
[2.243s] INFO:colcon.colcon_core.shell:Creating environment descriptor '/github/racademy_ws/install/racademy_description/share/racademy_description/hook/cmake_prefix_path.dsv'
[2.251s] INFO:colcon.colcon_core.shell:Creating environment hook '/github/racademy_ws/install/racademy_description/share/racademy_description/hook/cmake_prefix_path.sh'
[2.256s] Level 1:colcon.colcon_core.environment:checking '/github/racademy_ws/install/racademy_description/bin'
[2.258s] Level 1:colcon.colcon_core.environment:checking '/github/racademy_ws/install/racademy_description/lib/pkgconfig/racademy_description.pc'
[2.258s] Level 1:colcon.colcon_core.environment:checking '/github/racademy_ws/install/racademy_description/lib/python3.10/site-packages'
[2.260s] Level 1:colcon.colcon_core.environment:checking '/github/racademy_ws/install/racademy_description/bin'
[2.264s] INFO:colcon.colcon_core.shell:Creating package script '/github/racademy_ws/install/racademy_description/share/racademy_description/package.ps1'
[2.267s] INFO:colcon.colcon_core.shell:Creating package descriptor '/github/racademy_ws/install/racademy_description/share/racademy_description/package.dsv'
[2.270s] INFO:colcon.colcon_core.shell:Creating package script '/github/racademy_ws/install/racademy_description/share/racademy_description/package.sh'
[2.274s] INFO:colcon.colcon_core.shell:Creating package script '/github/racademy_ws/install/racademy_description/share/racademy_description/package.bash'
[2.276s] INFO:colcon.colcon_core.shell:Creating package script '/github/racademy_ws/install/racademy_description/share/racademy_description/package.zsh'
[2.279s] Level 1:colcon.colcon_core.environment:create_file_with_runtime_dependencies(/github/racademy_ws/install/racademy_description/share/colcon-core/packages/racademy_description)
[2.458s] DEBUG:colcon.colcon_core.event_handler.log_command:Invoking command in '/github/racademy_ws/build/learning_tf2_py': PYTHONPATH=/github/racademy_ws/build/learning_tf2_py/prefix_override:/usr/lib/python3/dist-packages/colcon_core/task/python/colcon_distutils_commands:/github/racademy_ws/install/learning_tf2_py/lib/python3.10/site-packages:${PYTHONPATH} /usr/bin/python3 -W ignore:setup.py install is deprecated -W ignore:easy_install command is deprecated setup.py develop --editable --build-directory /github/racademy_ws/build/learning_tf2_py/build --no-deps symlink_data
[2.506s] DEBUG:colcon.colcon_core.event_handler.log_command:Invoking command in '/github/racademy_ws/build/racademy_py_examples': PYTHONPATH=/github/racademy_ws/build/racademy_py_examples/prefix_override:/usr/lib/python3/dist-packages/colcon_core/task/python/colcon_distutils_commands:/github/racademy_ws/install/racademy_py_examples/lib/python3.10/site-packages:${PYTHONPATH} /usr/bin/python3 -W ignore:setup.py install is deprecated -W ignore:easy_install command is deprecated setup.py develop --editable --build-directory /github/racademy_ws/build/racademy_py_examples/build --no-deps symlink_data
[3.369s] Level 1:colcon.colcon_core.shell:create_environment_hook('learning_tf2_py', 'pythonpath_develop')
[3.372s] INFO:colcon.colcon_core.shell:Creating environment hook '/github/racademy_ws/build/learning_tf2_py/share/learning_tf2_py/hook/pythonpath_develop.ps1'
[3.373s] DEBUG:colcon.colcon_core.event_handler.log_command:Invoked command in '/github/racademy_ws/build/learning_tf2_py' returned '0': PYTHONPATH=/github/racademy_ws/build/learning_tf2_py/prefix_override:/usr/lib/python3/dist-packages/colcon_core/task/python/colcon_distutils_commands:/github/racademy_ws/install/learning_tf2_py/lib/python3.10/site-packages:${PYTHONPATH} /usr/bin/python3 -W ignore:setup.py install is deprecated -W ignore:easy_install command is deprecated setup.py develop --editable --build-directory /github/racademy_ws/build/learning_tf2_py/build --no-deps symlink_data
[3.376s] INFO:colcon.colcon_core.shell:Creating environment descriptor '/github/racademy_ws/build/learning_tf2_py/share/learning_tf2_py/hook/pythonpath_develop.dsv'
[3.379s] INFO:colcon.colcon_core.shell:Creating environment hook '/github/racademy_ws/build/learning_tf2_py/share/learning_tf2_py/hook/pythonpath_develop.sh'
[3.382s] Level 1:colcon.colcon_core.environment:checking '/github/racademy_ws/install/learning_tf2_py' for CMake module files
[3.385s] Level 1:colcon.colcon_core.environment:checking '/github/racademy_ws/install/learning_tf2_py' for CMake config files
[3.389s] Level 1:colcon.colcon_core.environment:checking '/github/racademy_ws/install/learning_tf2_py/lib'
[3.390s] Level 1:colcon.colcon_core.environment:checking '/github/racademy_ws/install/learning_tf2_py/bin'
[3.391s] Level 1:colcon.colcon_core.environment:checking '/github/racademy_ws/install/learning_tf2_py/lib/pkgconfig/learning_tf2_py.pc'
[3.392s] Level 1:colcon.colcon_core.environment:checking '/github/racademy_ws/install/learning_tf2_py/lib/python3.10/site-packages'
[3.392s] Level 1:colcon.colcon_core.shell:create_environment_hook('learning_tf2_py', 'pythonpath')
[3.393s] INFO:colcon.colcon_core.shell:Creating environment hook '/github/racademy_ws/install/learning_tf2_py/share/learning_tf2_py/hook/pythonpath.ps1'
[3.395s] INFO:colcon.colcon_core.shell:Creating environment descriptor '/github/racademy_ws/install/learning_tf2_py/share/learning_tf2_py/hook/pythonpath.dsv'
[3.397s] INFO:colcon.colcon_core.shell:Creating environment hook '/github/racademy_ws/install/learning_tf2_py/share/learning_tf2_py/hook/pythonpath.sh'
[3.399s] Level 1:colcon.colcon_core.environment:checking '/github/racademy_ws/install/learning_tf2_py/bin'
[3.399s] Level 1:colcon.colcon_core.environment:create_environment_scripts_only(learning_tf2_py)
[3.400s] INFO:colcon.colcon_core.shell:Creating package script '/github/racademy_ws/install/learning_tf2_py/share/learning_tf2_py/package.ps1'
[3.404s] INFO:colcon.colcon_core.shell:Creating package descriptor '/github/racademy_ws/install/learning_tf2_py/share/learning_tf2_py/package.dsv'
[3.406s] INFO:colcon.colcon_core.shell:Creating package script '/github/racademy_ws/install/learning_tf2_py/share/learning_tf2_py/package.sh'
[3.408s] INFO:colcon.colcon_core.shell:Creating package script '/github/racademy_ws/install/learning_tf2_py/share/learning_tf2_py/package.bash'
[3.410s] INFO:colcon.colcon_core.shell:Creating package script '/github/racademy_ws/install/learning_tf2_py/share/learning_tf2_py/package.zsh'
[3.411s] Level 1:colcon.colcon_core.environment:create_file_with_runtime_dependencies(/github/racademy_ws/install/learning_tf2_py/share/colcon-core/packages/learning_tf2_py)
[3.414s] Level 1:colcon.colcon_core.shell:create_environment_hook('racademy_py_examples', 'pythonpath_develop')
[3.415s] INFO:colcon.colcon_core.shell:Creating environment hook '/github/racademy_ws/build/racademy_py_examples/share/racademy_py_examples/hook/pythonpath_develop.ps1'
[3.418s] INFO:colcon.colcon_core.shell:Creating environment descriptor '/github/racademy_ws/build/racademy_py_examples/share/racademy_py_examples/hook/pythonpath_develop.dsv'
[3.419s] DEBUG:colcon.colcon_core.event_handler.log_command:Invoked command in '/github/racademy_ws/build/racademy_py_examples' returned '0': PYTHONPATH=/github/racademy_ws/build/racademy_py_examples/prefix_override:/usr/lib/python3/dist-packages/colcon_core/task/python/colcon_distutils_commands:/github/racademy_ws/install/racademy_py_examples/lib/python3.10/site-packages:${PYTHONPATH} /usr/bin/python3 -W ignore:setup.py install is deprecated -W ignore:easy_install command is deprecated setup.py develop --editable --build-directory /github/racademy_ws/build/racademy_py_examples/build --no-deps symlink_data
[3.420s] INFO:colcon.colcon_core.shell:Creating environment hook '/github/racademy_ws/build/racademy_py_examples/share/racademy_py_examples/hook/pythonpath_develop.sh'
[3.422s] Level 1:colcon.colcon_core.environment:checking '/github/racademy_ws/install/racademy_py_examples' for CMake module files
[3.426s] Level 1:colcon.colcon_core.environment:checking '/github/racademy_ws/install/racademy_py_examples' for CMake config files
[3.431s] Level 1:colcon.colcon_core.environment:checking '/github/racademy_ws/install/racademy_py_examples/lib'
[3.431s] Level 1:colcon.colcon_core.environment:checking '/github/racademy_ws/install/racademy_py_examples/bin'
[3.431s] Level 1:colcon.colcon_core.environment:checking '/github/racademy_ws/install/racademy_py_examples/lib/pkgconfig/racademy_py_examples.pc'
[3.432s] Level 1:colcon.colcon_core.environment:checking '/github/racademy_ws/install/racademy_py_examples/lib/python3.10/site-packages'
[3.432s] Level 1:colcon.colcon_core.shell:create_environment_hook('racademy_py_examples', 'pythonpath')
[3.433s] INFO:colcon.colcon_core.shell:Creating environment hook '/github/racademy_ws/install/racademy_py_examples/share/racademy_py_examples/hook/pythonpath.ps1'
[3.434s] INFO:colcon.colcon_core.shell:Creating environment descriptor '/github/racademy_ws/install/racademy_py_examples/share/racademy_py_examples/hook/pythonpath.dsv'
[3.435s] INFO:colcon.colcon_core.shell:Creating environment hook '/github/racademy_ws/install/racademy_py_examples/share/racademy_py_examples/hook/pythonpath.sh'
[3.437s] Level 1:colcon.colcon_core.environment:checking '/github/racademy_ws/install/racademy_py_examples/bin'
[3.438s] Level 1:colcon.colcon_core.environment:create_environment_scripts_only(racademy_py_examples)
[3.439s] INFO:colcon.colcon_core.shell:Creating package script '/github/racademy_ws/install/racademy_py_examples/share/racademy_py_examples/package.ps1'
[3.441s] INFO:colcon.colcon_core.shell:Creating package descriptor '/github/racademy_ws/install/racademy_py_examples/share/racademy_py_examples/package.dsv'
[3.443s] INFO:colcon.colcon_core.shell:Creating package script '/github/racademy_ws/install/racademy_py_examples/share/racademy_py_examples/package.sh'
[3.444s] INFO:colcon.colcon_core.shell:Creating package script '/github/racademy_ws/install/racademy_py_examples/share/racademy_py_examples/package.bash'
[3.446s] INFO:colcon.colcon_core.shell:Creating package script '/github/racademy_ws/install/racademy_py_examples/share/racademy_py_examples/package.zsh'
[3.447s] Level 1:colcon.colcon_core.environment:create_file_with_runtime_dependencies(/github/racademy_ws/install/racademy_py_examples/share/colcon-core/packages/racademy_py_examples)
[3.449s] DEBUG:colcon.colcon_parallel_executor.executor.parallel:closing loop
[3.449s] DEBUG:colcon.colcon_parallel_executor.executor.parallel:loop closed
[3.450s] DEBUG:colcon.colcon_parallel_executor.executor.parallel:run_until_complete finished with '0'
[3.450s] DEBUG:colcon.colcon_core.event_reactor:joining thread
[3.463s] INFO:colcon.colcon_core.plugin_system:Skipping extension 'colcon_notification.desktop_notification.terminal_notifier': Not used on non-Darwin systems
[3.464s] INFO:colcon.colcon_core.plugin_system:Skipping extension 'colcon_notification.desktop_notification.win32': Not used on non-Windows systems
[3.464s] INFO:colcon.colcon_notification.desktop_notification:Sending desktop notification using 'notify2'
[3.694s] DEBUG:colcon.colcon_core.event_reactor:joined thread
[3.695s] INFO:colcon.colcon_core.shell:Creating prefix script '/github/racademy_ws/install/local_setup.ps1'
[3.699s] INFO:colcon.colcon_core.shell:Creating prefix util module '/github/racademy_ws/install/_local_setup_util_ps1.py'
[3.704s] INFO:colcon.colcon_core.shell:Creating prefix chain script '/github/racademy_ws/install/setup.ps1'
[3.711s] INFO:colcon.colcon_core.shell:Creating prefix script '/github/racademy_ws/install/local_setup.sh'
[3.714s] INFO:colcon.colcon_core.shell:Creating prefix util module '/github/racademy_ws/install/_local_setup_util_sh.py'
[3.716s] INFO:colcon.colcon_core.shell:Creating prefix chain script '/github/racademy_ws/install/setup.sh'
[3.720s] INFO:colcon.colcon_core.shell:Creating prefix script '/github/racademy_ws/install/local_setup.bash'
[3.721s] INFO:colcon.colcon_core.shell:Creating prefix chain script '/github/racademy_ws/install/setup.bash'
[3.729s] INFO:colcon.colcon_core.shell:Creating prefix script '/github/racademy_ws/install/local_setup.zsh'
[3.731s] INFO:colcon.colcon_core.shell:Creating prefix chain script '/github/racademy_ws/install/setup.zsh'
