running egg_info
writing ../../build/racademy_py_examples/racademy_py_examples.egg-info/PKG-INFO
writing dependency_links to ../../build/racademy_py_examples/racademy_py_examples.egg-info/dependency_links.txt
writing entry points to ../../build/racademy_py_examples/racademy_py_examples.egg-info/entry_points.txt
writing requirements to ../../build/racademy_py_examples/racademy_py_examples.egg-info/requires.txt
writing top-level names to ../../build/racademy_py_examples/racademy_py_examples.egg-info/top_level.txt
reading manifest file '../../build/racademy_py_examples/racademy_py_examples.egg-info/SOURCES.txt'
writing manifest file '../../build/racademy_py_examples/racademy_py_examples.egg-info/SOURCES.txt'
running build
running build_py
running install
running install_lib
running install_data
running install_egg_info
removing '/github/racademy_ws/install/racademy_py_examples/lib/python3.10/site-packages/racademy_py_examples-0.0.0-py3.10.egg-info' (and everything under it)
Copying ../../build/racademy_py_examples/racademy_py_examples.egg-info to /github/racademy_ws/install/racademy_py_examples/lib/python3.10/site-packages/racademy_py_examples-0.0.0-py3.10.egg-info
running install_scripts
Installing simple_publisher script to /github/racademy_ws/install/racademy_py_examples/lib/racademy_py_examples
Installing simple_subscriber script to /github/racademy_ws/install/racademy_py_examples/lib/racademy_py_examples
writing list of installed files to '/github/racademy_ws/build/racademy_py_examples/install.log'
