[0.167s] DEBUG:colcon:Command line arguments: ['/usr/bin/colcon', 'build']
[0.167s] DEBUG:colcon:Parsed command line arguments: Namespace(log_base=None, log_level=None, verb_name='build', build_base='build', install_base='install', merge_install=False, symlink_install=False, test_result_base=None, continue_on_error=False, executor='parallel', parallel_workers=8, event_handlers=None, ignore_user_meta=False, metas=['./colcon.meta'], base_paths=['.'], packages_ignore=None, packages_ignore_regex=None, paths=None, packages_up_to=None, packages_up_to_regex=None, packages_above=None, packages_above_and_dependencies=None, packages_above_depth=None, packages_select_by_dep=None, packages_skip_by_dep=None, packages_skip_up_to=None, packages_select_build_failed=False, packages_skip_build_finished=False, packages_select_test_failures=False, packages_skip_test_passed=False, packages_select=None, packages_skip=None, packages_select_regex=None, packages_skip_regex=None, packages_start=None, packages_end=None, allow_overriding=[], cmake_args=None, cmake_target=None, cmake_target_skip_unavailable=False, cmake_clean_cache=False, cmake_clean_first=False, cmake_force_configure=False, ament_cmake_args=None, catkin_cmake_args=None, catkin_skip_building_tests=False, verb_parser=<colcon_defaults.argument_parser.defaults.DefaultArgumentsDecorator object at 0x7f7d3bae80a0>, verb_extension=<colcon_core.verb.build.BuildVerb object at 0x7f7d3bc71540>, main=<bound method BuildVerb.main of <colcon_core.verb.build.BuildVerb object at 0x7f7d3bc71540>>)
[0.414s] Level 1:colcon.colcon_core.package_discovery:discover_packages(colcon_meta) check parameters
[0.415s] Level 1:colcon.colcon_core.package_discovery:discover_packages(recursive) check parameters
[0.415s] Level 1:colcon.colcon_core.package_discovery:discover_packages(ignore) check parameters
[0.415s] Level 1:colcon.colcon_core.package_discovery:discover_packages(path) check parameters
[0.415s] Level 1:colcon.colcon_core.package_discovery:discover_packages(colcon_meta) discover
[0.416s] Level 1:colcon.colcon_core.package_discovery:discover_packages(recursive) discover
[0.416s] INFO:colcon.colcon_core.package_discovery:Crawling recursively for packages in '/github/racademy_ws'
[0.417s] Level 1:colcon.colcon_core.package_identification:_identify(.) by extensions ['ignore', 'ignore_ament_install']
[0.417s] Level 1:colcon.colcon_core.package_identification:_identify(.) by extension 'ignore'
[0.417s] Level 1:colcon.colcon_core.package_identification:_identify(.) by extension 'ignore_ament_install'
[0.419s] Level 1:colcon.colcon_core.package_identification:_identify(.) by extensions ['colcon_pkg']
[0.420s] Level 1:colcon.colcon_core.package_identification:_identify(.) by extension 'colcon_pkg'
[0.421s] Level 1:colcon.colcon_core.package_identification:_identify(.) by extensions ['colcon_meta']
[0.421s] Level 1:colcon.colcon_core.package_identification:_identify(.) by extension 'colcon_meta'
[0.421s] Level 1:colcon.colcon_core.package_identification:_identify(.) by extensions ['ros']
[0.421s] Level 1:colcon.colcon_core.package_identification:_identify(.) by extension 'ros'
[0.437s] Level 1:colcon.colcon_core.package_identification:_identify(.) by extensions ['cmake', 'python']
[0.437s] Level 1:colcon.colcon_core.package_identification:_identify(.) by extension 'cmake'
[0.438s] Level 1:colcon.colcon_core.package_identification:_identify(.) by extension 'python'
[0.438s] Level 1:colcon.colcon_core.package_identification:_identify(.) by extensions ['python_setup_py']
[0.438s] Level 1:colcon.colcon_core.package_identification:_identify(.) by extension 'python_setup_py'
[0.439s] Level 1:colcon.colcon_core.package_identification:_identify(build) by extensions ['ignore', 'ignore_ament_install']
[0.439s] Level 1:colcon.colcon_core.package_identification:_identify(build) by extension 'ignore'
[0.439s] Level 1:colcon.colcon_core.package_identification:_identify(build) ignored
[0.440s] Level 1:colcon.colcon_core.package_identification:_identify(install) by extensions ['ignore', 'ignore_ament_install']
[0.441s] Level 1:colcon.colcon_core.package_identification:_identify(install) by extension 'ignore'
[0.442s] Level 1:colcon.colcon_core.package_identification:_identify(install) ignored
[0.443s] Level 1:colcon.colcon_core.package_identification:_identify(log) by extensions ['ignore', 'ignore_ament_install']
[0.444s] Level 1:colcon.colcon_core.package_identification:_identify(log) by extension 'ignore'
[0.444s] Level 1:colcon.colcon_core.package_identification:_identify(log) ignored
[0.445s] Level 1:colcon.colcon_core.package_identification:_identify(src) by extensions ['ignore', 'ignore_ament_install']
[0.445s] Level 1:colcon.colcon_core.package_identification:_identify(src) by extension 'ignore'
[0.446s] Level 1:colcon.colcon_core.package_identification:_identify(src) by extension 'ignore_ament_install'
[0.446s] Level 1:colcon.colcon_core.package_identification:_identify(src) by extensions ['colcon_pkg']
[0.446s] Level 1:colcon.colcon_core.package_identification:_identify(src) by extension 'colcon_pkg'
[0.447s] Level 1:colcon.colcon_core.package_identification:_identify(src) by extensions ['colcon_meta']
[0.447s] Level 1:colcon.colcon_core.package_identification:_identify(src) by extension 'colcon_meta'
[0.447s] Level 1:colcon.colcon_core.package_identification:_identify(src) by extensions ['ros']
[0.447s] Level 1:colcon.colcon_core.package_identification:_identify(src) by extension 'ros'
[0.447s] Level 1:colcon.colcon_core.package_identification:_identify(src) by extensions ['cmake', 'python']
[0.447s] Level 1:colcon.colcon_core.package_identification:_identify(src) by extension 'cmake'
[0.448s] Level 1:colcon.colcon_core.package_identification:_identify(src) by extension 'python'
[0.448s] Level 1:colcon.colcon_core.package_identification:_identify(src) by extensions ['python_setup_py']
[0.448s] Level 1:colcon.colcon_core.package_identification:_identify(src) by extension 'python_setup_py'
[0.449s] Level 1:colcon.colcon_core.package_identification:_identify(src/racademy_cpp_examples) by extensions ['ignore', 'ignore_ament_install']
[0.449s] Level 1:colcon.colcon_core.package_identification:_identify(src/racademy_cpp_examples) by extension 'ignore'
[0.449s] Level 1:colcon.colcon_core.package_identification:_identify(src/racademy_cpp_examples) by extension 'ignore_ament_install'
[0.450s] Level 1:colcon.colcon_core.package_identification:_identify(src/racademy_cpp_examples) by extensions ['colcon_pkg']
[0.450s] Level 1:colcon.colcon_core.package_identification:_identify(src/racademy_cpp_examples) by extension 'colcon_pkg'
[0.451s] Level 1:colcon.colcon_core.package_identification:_identify(src/racademy_cpp_examples) by extensions ['colcon_meta']
[0.451s] Level 1:colcon.colcon_core.package_identification:_identify(src/racademy_cpp_examples) by extension 'colcon_meta'
[0.452s] Level 1:colcon.colcon_core.package_identification:_identify(src/racademy_cpp_examples) by extensions ['ros']
[0.452s] Level 1:colcon.colcon_core.package_identification:_identify(src/racademy_cpp_examples) by extension 'ros'
[0.458s] DEBUG:colcon.colcon_core.package_identification:Package 'src/racademy_cpp_examples' with type 'ros.ament_cmake' and name 'racademy_cpp_examples'
[0.459s] Level 1:colcon.colcon_core.package_identification:_identify(src/racademy_description) by extensions ['ignore', 'ignore_ament_install']
[0.460s] Level 1:colcon.colcon_core.package_identification:_identify(src/racademy_description) by extension 'ignore'
[0.460s] Level 1:colcon.colcon_core.package_identification:_identify(src/racademy_description) by extension 'ignore_ament_install'
[0.461s] Level 1:colcon.colcon_core.package_identification:_identify(src/racademy_description) by extensions ['colcon_pkg']
[0.461s] Level 1:colcon.colcon_core.package_identification:_identify(src/racademy_description) by extension 'colcon_pkg'
[0.461s] Level 1:colcon.colcon_core.package_identification:_identify(src/racademy_description) by extensions ['colcon_meta']
[0.461s] Level 1:colcon.colcon_core.package_identification:_identify(src/racademy_description) by extension 'colcon_meta'
[0.461s] Level 1:colcon.colcon_core.package_identification:_identify(src/racademy_description) by extensions ['ros']
[0.462s] Level 1:colcon.colcon_core.package_identification:_identify(src/racademy_description) by extension 'ros'
[0.463s] DEBUG:colcon.colcon_core.package_identification:Package 'src/racademy_description' with type 'ros.ament_cmake' and name 'racademy_description'
[0.464s] Level 1:colcon.colcon_core.package_identification:_identify(src/racademy_py_examples) by extensions ['ignore', 'ignore_ament_install']
[0.465s] Level 1:colcon.colcon_core.package_identification:_identify(src/racademy_py_examples) by extension 'ignore'
[0.465s] Level 1:colcon.colcon_core.package_identification:_identify(src/racademy_py_examples) by extension 'ignore_ament_install'
[0.465s] Level 1:colcon.colcon_core.package_identification:_identify(src/racademy_py_examples) by extensions ['colcon_pkg']
[0.465s] Level 1:colcon.colcon_core.package_identification:_identify(src/racademy_py_examples) by extension 'colcon_pkg'
[0.466s] Level 1:colcon.colcon_core.package_identification:_identify(src/racademy_py_examples) by extensions ['colcon_meta']
[0.466s] Level 1:colcon.colcon_core.package_identification:_identify(src/racademy_py_examples) by extension 'colcon_meta'
[0.466s] Level 1:colcon.colcon_core.package_identification:_identify(src/racademy_py_examples) by extensions ['ros']
[0.466s] Level 1:colcon.colcon_core.package_identification:_identify(src/racademy_py_examples) by extension 'ros'
[0.468s] DEBUG:colcon.colcon_core.package_identification:Package 'src/racademy_py_examples' with type 'ros.ament_python' and name 'racademy_py_examples'
[0.469s] Level 1:colcon.colcon_core.package_discovery:discover_packages(recursive) using defaults
[0.469s] Level 1:colcon.colcon_core.package_discovery:discover_packages(ignore) discover
[0.469s] Level 1:colcon.colcon_core.package_discovery:discover_packages(ignore) using defaults
[0.469s] Level 1:colcon.colcon_core.package_discovery:discover_packages(path) discover
[0.470s] Level 1:colcon.colcon_core.package_discovery:discover_packages(path) using defaults
[0.517s] Level 1:colcon.colcon_core.package_discovery:discover_packages(prefix_path) check parameters
[0.517s] Level 1:colcon.colcon_core.package_discovery:discover_packages(prefix_path) discover
[0.524s] DEBUG:colcon.colcon_installed_package_information.package_discovery:Found 3 installed packages in /github/racademy_ws/install
[0.527s] DEBUG:colcon.colcon_installed_package_information.package_discovery:Found 393 installed packages in /opt/ros/humble
[0.530s] Level 1:colcon.colcon_core.package_discovery:discover_packages(prefix_path) using defaults
[0.600s] Level 5:colcon.colcon_core.verb:set package 'racademy_cpp_examples' build argument 'cmake_args' from command line to 'None'
[0.601s] Level 5:colcon.colcon_core.verb:set package 'racademy_cpp_examples' build argument 'cmake_target' from command line to 'None'
[0.602s] Level 5:colcon.colcon_core.verb:set package 'racademy_cpp_examples' build argument 'cmake_target_skip_unavailable' from command line to 'False'
[0.603s] Level 5:colcon.colcon_core.verb:set package 'racademy_cpp_examples' build argument 'cmake_clean_cache' from command line to 'False'
[0.603s] Level 5:colcon.colcon_core.verb:set package 'racademy_cpp_examples' build argument 'cmake_clean_first' from command line to 'False'
[0.603s] Level 5:colcon.colcon_core.verb:set package 'racademy_cpp_examples' build argument 'cmake_force_configure' from command line to 'False'
[0.604s] Level 5:colcon.colcon_core.verb:set package 'racademy_cpp_examples' build argument 'ament_cmake_args' from command line to 'None'
[0.604s] Level 5:colcon.colcon_core.verb:set package 'racademy_cpp_examples' build argument 'catkin_cmake_args' from command line to 'None'
[0.604s] Level 5:colcon.colcon_core.verb:set package 'racademy_cpp_examples' build argument 'catkin_skip_building_tests' from command line to 'False'
[0.605s] DEBUG:colcon.colcon_core.verb:Building package 'racademy_cpp_examples' with the following arguments: {'ament_cmake_args': None, 'build_base': '/github/racademy_ws/build/racademy_cpp_examples', 'catkin_cmake_args': None, 'catkin_skip_building_tests': False, 'cmake_args': None, 'cmake_clean_cache': False, 'cmake_clean_first': False, 'cmake_force_configure': False, 'cmake_target': None, 'cmake_target_skip_unavailable': False, 'install_base': '/github/racademy_ws/install/racademy_cpp_examples', 'merge_install': False, 'path': '/github/racademy_ws/src/racademy_cpp_examples', 'symlink_install': False, 'test_result_base': None}
[0.606s] Level 5:colcon.colcon_core.verb:set package 'racademy_description' build argument 'cmake_args' from command line to 'None'
[0.606s] Level 5:colcon.colcon_core.verb:set package 'racademy_description' build argument 'cmake_target' from command line to 'None'
[0.607s] Level 5:colcon.colcon_core.verb:set package 'racademy_description' build argument 'cmake_target_skip_unavailable' from command line to 'False'
[0.607s] Level 5:colcon.colcon_core.verb:set package 'racademy_description' build argument 'cmake_clean_cache' from command line to 'False'
[0.607s] Level 5:colcon.colcon_core.verb:set package 'racademy_description' build argument 'cmake_clean_first' from command line to 'False'
[0.607s] Level 5:colcon.colcon_core.verb:set package 'racademy_description' build argument 'cmake_force_configure' from command line to 'False'
[0.607s] Level 5:colcon.colcon_core.verb:set package 'racademy_description' build argument 'ament_cmake_args' from command line to 'None'
[0.608s] Level 5:colcon.colcon_core.verb:set package 'racademy_description' build argument 'catkin_cmake_args' from command line to 'None'
[0.608s] Level 5:colcon.colcon_core.verb:set package 'racademy_description' build argument 'catkin_skip_building_tests' from command line to 'False'
[0.608s] DEBUG:colcon.colcon_core.verb:Building package 'racademy_description' with the following arguments: {'ament_cmake_args': None, 'build_base': '/github/racademy_ws/build/racademy_description', 'catkin_cmake_args': None, 'catkin_skip_building_tests': False, 'cmake_args': None, 'cmake_clean_cache': False, 'cmake_clean_first': False, 'cmake_force_configure': False, 'cmake_target': None, 'cmake_target_skip_unavailable': False, 'install_base': '/github/racademy_ws/install/racademy_description', 'merge_install': False, 'path': '/github/racademy_ws/src/racademy_description', 'symlink_install': False, 'test_result_base': None}
[0.609s] Level 5:colcon.colcon_core.verb:set package 'racademy_py_examples' build argument 'cmake_args' from command line to 'None'
[0.610s] Level 5:colcon.colcon_core.verb:set package 'racademy_py_examples' build argument 'cmake_target' from command line to 'None'
[0.610s] Level 5:colcon.colcon_core.verb:set package 'racademy_py_examples' build argument 'cmake_target_skip_unavailable' from command line to 'False'
[0.611s] Level 5:colcon.colcon_core.verb:set package 'racademy_py_examples' build argument 'cmake_clean_cache' from command line to 'False'
[0.611s] Level 5:colcon.colcon_core.verb:set package 'racademy_py_examples' build argument 'cmake_clean_first' from command line to 'False'
[0.611s] Level 5:colcon.colcon_core.verb:set package 'racademy_py_examples' build argument 'cmake_force_configure' from command line to 'False'
[0.611s] Level 5:colcon.colcon_core.verb:set package 'racademy_py_examples' build argument 'ament_cmake_args' from command line to 'None'
[0.611s] Level 5:colcon.colcon_core.verb:set package 'racademy_py_examples' build argument 'catkin_cmake_args' from command line to 'None'
[0.612s] Level 5:colcon.colcon_core.verb:set package 'racademy_py_examples' build argument 'catkin_skip_building_tests' from command line to 'False'
[0.612s] DEBUG:colcon.colcon_core.verb:Building package 'racademy_py_examples' with the following arguments: {'ament_cmake_args': None, 'build_base': '/github/racademy_ws/build/racademy_py_examples', 'catkin_cmake_args': None, 'catkin_skip_building_tests': False, 'cmake_args': None, 'cmake_clean_cache': False, 'cmake_clean_first': False, 'cmake_force_configure': False, 'cmake_target': None, 'cmake_target_skip_unavailable': False, 'install_base': '/github/racademy_ws/install/racademy_py_examples', 'merge_install': False, 'path': '/github/racademy_ws/src/racademy_py_examples', 'symlink_install': False, 'test_result_base': None}
[0.613s] INFO:colcon.colcon_core.executor:Executing jobs using 'parallel' executor
[0.614s] DEBUG:colcon.colcon_parallel_executor.executor.parallel:run_until_complete
[0.615s] INFO:colcon.colcon_ros.task.ament_cmake.build:Building ROS package in '/github/racademy_ws/src/racademy_cpp_examples' with build type 'ament_cmake'
[0.616s] INFO:colcon.colcon_cmake.task.cmake.build:Building CMake package in '/github/racademy_ws/src/racademy_cpp_examples'
[0.618s] INFO:colcon.colcon_core.plugin_system:Skipping extension 'colcon_core.shell.bat': Not used on non-Windows systems
[0.619s] INFO:colcon.colcon_core.shell:Skip shell extension 'powershell' for command environment: Not usable outside of PowerShell
[0.621s] DEBUG:colcon.colcon_core.shell:Skip shell extension 'dsv' for command environment
[0.632s] INFO:colcon.colcon_ros.task.ament_cmake.build:Building ROS package in '/github/racademy_ws/src/racademy_description' with build type 'ament_cmake'
[0.633s] INFO:colcon.colcon_cmake.task.cmake.build:Building CMake package in '/github/racademy_ws/src/racademy_description'
[0.634s] INFO:colcon.colcon_core.shell:Skip shell extension 'powershell' for command environment: Not usable outside of PowerShell
[0.634s] DEBUG:colcon.colcon_core.shell:Skip shell extension 'dsv' for command environment
[0.644s] INFO:colcon.colcon_ros.task.ament_python.build:Building ROS package in '/github/racademy_ws/src/racademy_py_examples' with build type 'ament_python'
[0.644s] Level 1:colcon.colcon_core.shell:create_environment_hook('racademy_py_examples', 'ament_prefix_path')
[0.645s] INFO:colcon.colcon_core.shell:Creating environment hook '/github/racademy_ws/install/racademy_py_examples/share/racademy_py_examples/hook/ament_prefix_path.ps1'
[0.650s] INFO:colcon.colcon_core.shell:Creating environment descriptor '/github/racademy_ws/install/racademy_py_examples/share/racademy_py_examples/hook/ament_prefix_path.dsv'
[0.652s] INFO:colcon.colcon_core.shell:Creating environment hook '/github/racademy_ws/install/racademy_py_examples/share/racademy_py_examples/hook/ament_prefix_path.sh'
[0.655s] INFO:colcon.colcon_core.shell:Skip shell extension 'powershell' for command environment: Not usable outside of PowerShell
[0.655s] DEBUG:colcon.colcon_core.shell:Skip shell extension 'dsv' for command environment
[0.684s] DEBUG:colcon.colcon_core.event_handler.log_command:Invoking command in '/github/racademy_ws/build/racademy_cpp_examples': CMAKE_PREFIX_PATH=${CMAKE_PREFIX_PATH}:/github/racademy_ws/install/racademy_py_examples:/opt/ros/humble /usr/bin/cmake --build /github/racademy_ws/build/racademy_cpp_examples -- -j8 -l8
[0.703s] DEBUG:colcon.colcon_core.event_handler.log_command:Invoking command in '/github/racademy_ws/build/racademy_description': CMAKE_PREFIX_PATH=${CMAKE_PREFIX_PATH}:/github/racademy_ws/install/racademy_py_examples:/opt/ros/humble /usr/bin/cmake --build /github/racademy_ws/build/racademy_description -- -j8 -l8
[1.082s] INFO:colcon.colcon_core.task.python.build:Building Python package in '/github/racademy_ws/src/racademy_py_examples'
[1.082s] INFO:colcon.colcon_core.shell:Skip shell extension 'powershell' for command environment: Not usable outside of PowerShell
[1.083s] DEBUG:colcon.colcon_core.shell:Skip shell extension 'dsv' for command environment
[1.099s] DEBUG:colcon.colcon_core.event_handler.log_command:Invoked command in '/github/racademy_ws/build/racademy_description' returned '0': CMAKE_PREFIX_PATH=${CMAKE_PREFIX_PATH}:/github/racademy_ws/install/racademy_py_examples:/opt/ros/humble /usr/bin/cmake --build /github/racademy_ws/build/racademy_description -- -j8 -l8
[1.131s] DEBUG:colcon.colcon_core.event_handler.log_command:Invoking command in '/github/racademy_ws/build/racademy_description': CMAKE_PREFIX_PATH=${CMAKE_PREFIX_PATH}:/github/racademy_ws/install/racademy_py_examples:/opt/ros/humble /usr/bin/cmake --install /github/racademy_ws/build/racademy_description
[1.132s] DEBUG:colcon.colcon_core.event_handler.log_command:Invoked command in '/github/racademy_ws/build/racademy_cpp_examples' returned '0': CMAKE_PREFIX_PATH=${CMAKE_PREFIX_PATH}:/github/racademy_ws/install/racademy_py_examples:/opt/ros/humble /usr/bin/cmake --build /github/racademy_ws/build/racademy_cpp_examples -- -j8 -l8
[1.144s] DEBUG:colcon.colcon_core.event_handler.log_command:Invoking command in '/github/racademy_ws/build/racademy_cpp_examples': CMAKE_PREFIX_PATH=${CMAKE_PREFIX_PATH}:/github/racademy_ws/install/racademy_py_examples:/opt/ros/humble /usr/bin/cmake --install /github/racademy_ws/build/racademy_cpp_examples
[1.198s] Level 1:colcon.colcon_core.environment:create_environment_scripts_only(racademy_description)
[1.204s] Level 1:colcon.colcon_core.environment:checking '/github/racademy_ws/install/racademy_description' for CMake module files
[1.210s] Level 1:colcon.colcon_core.environment:checking '/github/racademy_ws/install/racademy_description' for CMake config files
[1.221s] DEBUG:colcon.colcon_core.event_handler.log_command:Invoked command in '/github/racademy_ws/build/racademy_description' returned '0': CMAKE_PREFIX_PATH=${CMAKE_PREFIX_PATH}:/github/racademy_ws/install/racademy_py_examples:/opt/ros/humble /usr/bin/cmake --install /github/racademy_ws/build/racademy_description
[1.230s] Level 1:colcon.colcon_core.shell:create_environment_hook('racademy_description', 'cmake_prefix_path')
[1.231s] INFO:colcon.colcon_core.shell:Creating environment hook '/github/racademy_ws/install/racademy_description/share/racademy_description/hook/cmake_prefix_path.ps1'
[1.233s] INFO:colcon.colcon_core.shell:Creating environment descriptor '/github/racademy_ws/install/racademy_description/share/racademy_description/hook/cmake_prefix_path.dsv'
[1.235s] INFO:colcon.colcon_core.shell:Creating environment hook '/github/racademy_ws/install/racademy_description/share/racademy_description/hook/cmake_prefix_path.sh'
[1.237s] Level 1:colcon.colcon_core.environment:checking '/github/racademy_ws/install/racademy_description/bin'
[1.238s] Level 1:colcon.colcon_core.environment:checking '/github/racademy_ws/install/racademy_description/lib/pkgconfig/racademy_description.pc'
[1.239s] Level 1:colcon.colcon_core.environment:checking '/github/racademy_ws/install/racademy_description/lib/python3.10/site-packages'
[1.240s] Level 1:colcon.colcon_core.environment:checking '/github/racademy_ws/install/racademy_description/bin'
[1.241s] INFO:colcon.colcon_core.shell:Creating package script '/github/racademy_ws/install/racademy_description/share/racademy_description/package.ps1'
[1.243s] INFO:colcon.colcon_core.shell:Creating package descriptor '/github/racademy_ws/install/racademy_description/share/racademy_description/package.dsv'
[1.245s] INFO:colcon.colcon_core.shell:Creating package script '/github/racademy_ws/install/racademy_description/share/racademy_description/package.sh'
[1.247s] INFO:colcon.colcon_core.shell:Creating package script '/github/racademy_ws/install/racademy_description/share/racademy_description/package.bash'
[1.249s] INFO:colcon.colcon_core.shell:Creating package script '/github/racademy_ws/install/racademy_description/share/racademy_description/package.zsh'
[1.254s] Level 1:colcon.colcon_core.environment:create_file_with_runtime_dependencies(/github/racademy_ws/install/racademy_description/share/colcon-core/packages/racademy_description)
[1.258s] Level 1:colcon.colcon_core.environment:create_environment_scripts_only(racademy_description)
[1.258s] Level 1:colcon.colcon_core.environment:checking '/github/racademy_ws/install/racademy_description' for CMake module files
[1.262s] Level 1:colcon.colcon_core.environment:checking '/github/racademy_ws/install/racademy_description' for CMake config files
[1.265s] Level 1:colcon.colcon_core.shell:create_environment_hook('racademy_description', 'cmake_prefix_path')
[1.265s] INFO:colcon.colcon_core.shell:Creating environment hook '/github/racademy_ws/install/racademy_description/share/racademy_description/hook/cmake_prefix_path.ps1'
[1.268s] INFO:colcon.colcon_core.shell:Creating environment descriptor '/github/racademy_ws/install/racademy_description/share/racademy_description/hook/cmake_prefix_path.dsv'
[1.270s] INFO:colcon.colcon_core.shell:Creating environment hook '/github/racademy_ws/install/racademy_description/share/racademy_description/hook/cmake_prefix_path.sh'
[1.273s] Level 1:colcon.colcon_core.environment:checking '/github/racademy_ws/install/racademy_description/bin'
[1.274s] Level 1:colcon.colcon_core.environment:checking '/github/racademy_ws/install/racademy_description/lib/pkgconfig/racademy_description.pc'
[1.274s] Level 1:colcon.colcon_core.environment:checking '/github/racademy_ws/install/racademy_description/lib/python3.10/site-packages'
[1.275s] Level 1:colcon.colcon_core.environment:checking '/github/racademy_ws/install/racademy_description/bin'
[1.277s] INFO:colcon.colcon_core.shell:Creating package script '/github/racademy_ws/install/racademy_description/share/racademy_description/package.ps1'
[1.279s] INFO:colcon.colcon_core.shell:Creating package descriptor '/github/racademy_ws/install/racademy_description/share/racademy_description/package.dsv'
[1.281s] INFO:colcon.colcon_core.shell:Creating package script '/github/racademy_ws/install/racademy_description/share/racademy_description/package.sh'
[1.284s] INFO:colcon.colcon_core.shell:Creating package script '/github/racademy_ws/install/racademy_description/share/racademy_description/package.bash'
[1.286s] INFO:colcon.colcon_core.shell:Creating package script '/github/racademy_ws/install/racademy_description/share/racademy_description/package.zsh'
[1.288s] Level 1:colcon.colcon_core.environment:create_file_with_runtime_dependencies(/github/racademy_ws/install/racademy_description/share/colcon-core/packages/racademy_description)
[1.291s] Level 1:colcon.colcon_core.environment:create_environment_scripts_only(racademy_cpp_examples)
[1.292s] Level 1:colcon.colcon_core.environment:checking '/github/racademy_ws/install/racademy_cpp_examples' for CMake module files
[1.293s] DEBUG:colcon.colcon_core.event_handler.log_command:Invoked command in '/github/racademy_ws/build/racademy_cpp_examples' returned '0': CMAKE_PREFIX_PATH=${CMAKE_PREFIX_PATH}:/github/racademy_ws/install/racademy_py_examples:/opt/ros/humble /usr/bin/cmake --install /github/racademy_ws/build/racademy_cpp_examples
[1.297s] Level 1:colcon.colcon_core.environment:checking '/github/racademy_ws/install/racademy_cpp_examples' for CMake config files
[1.305s] Level 1:colcon.colcon_core.shell:create_environment_hook('racademy_cpp_examples', 'cmake_prefix_path')
[1.306s] INFO:colcon.colcon_core.shell:Creating environment hook '/github/racademy_ws/install/racademy_cpp_examples/share/racademy_cpp_examples/hook/cmake_prefix_path.ps1'
[1.307s] INFO:colcon.colcon_core.shell:Creating environment descriptor '/github/racademy_ws/install/racademy_cpp_examples/share/racademy_cpp_examples/hook/cmake_prefix_path.dsv'
[1.308s] INFO:colcon.colcon_core.shell:Creating environment hook '/github/racademy_ws/install/racademy_cpp_examples/share/racademy_cpp_examples/hook/cmake_prefix_path.sh'
[1.310s] Level 1:colcon.colcon_core.environment:checking '/github/racademy_ws/install/racademy_cpp_examples/bin'
[1.311s] Level 1:colcon.colcon_core.environment:checking '/github/racademy_ws/install/racademy_cpp_examples/lib/pkgconfig/racademy_cpp_examples.pc'
[1.312s] Level 1:colcon.colcon_core.environment:checking '/github/racademy_ws/install/racademy_cpp_examples/lib/python3.10/site-packages'
[1.313s] Level 1:colcon.colcon_core.environment:checking '/github/racademy_ws/install/racademy_cpp_examples/bin'
[1.314s] INFO:colcon.colcon_core.shell:Creating package script '/github/racademy_ws/install/racademy_cpp_examples/share/racademy_cpp_examples/package.ps1'
[1.315s] INFO:colcon.colcon_core.shell:Creating package descriptor '/github/racademy_ws/install/racademy_cpp_examples/share/racademy_cpp_examples/package.dsv'
[1.323s] INFO:colcon.colcon_core.shell:Creating package script '/github/racademy_ws/install/racademy_cpp_examples/share/racademy_cpp_examples/package.sh'
[1.325s] INFO:colcon.colcon_core.shell:Creating package script '/github/racademy_ws/install/racademy_cpp_examples/share/racademy_cpp_examples/package.bash'
[1.327s] INFO:colcon.colcon_core.shell:Creating package script '/github/racademy_ws/install/racademy_cpp_examples/share/racademy_cpp_examples/package.zsh'
[1.329s] Level 1:colcon.colcon_core.environment:create_file_with_runtime_dependencies(/github/racademy_ws/install/racademy_cpp_examples/share/colcon-core/packages/racademy_cpp_examples)
[1.332s] Level 1:colcon.colcon_core.environment:create_environment_scripts_only(racademy_cpp_examples)
[1.333s] Level 1:colcon.colcon_core.environment:checking '/github/racademy_ws/install/racademy_cpp_examples' for CMake module files
[1.341s] Level 1:colcon.colcon_core.environment:checking '/github/racademy_ws/install/racademy_cpp_examples' for CMake config files
[1.348s] Level 1:colcon.colcon_core.shell:create_environment_hook('racademy_cpp_examples', 'cmake_prefix_path')
[1.350s] INFO:colcon.colcon_core.shell:Creating environment hook '/github/racademy_ws/install/racademy_cpp_examples/share/racademy_cpp_examples/hook/cmake_prefix_path.ps1'
[1.355s] INFO:colcon.colcon_core.shell:Creating environment descriptor '/github/racademy_ws/install/racademy_cpp_examples/share/racademy_cpp_examples/hook/cmake_prefix_path.dsv'
[1.358s] INFO:colcon.colcon_core.shell:Creating environment hook '/github/racademy_ws/install/racademy_cpp_examples/share/racademy_cpp_examples/hook/cmake_prefix_path.sh'
[1.367s] Level 1:colcon.colcon_core.environment:checking '/github/racademy_ws/install/racademy_cpp_examples/bin'
[1.368s] Level 1:colcon.colcon_core.environment:checking '/github/racademy_ws/install/racademy_cpp_examples/lib/pkgconfig/racademy_cpp_examples.pc'
[1.369s] Level 1:colcon.colcon_core.environment:checking '/github/racademy_ws/install/racademy_cpp_examples/lib/python3.10/site-packages'
[1.370s] Level 1:colcon.colcon_core.environment:checking '/github/racademy_ws/install/racademy_cpp_examples/bin'
[1.371s] INFO:colcon.colcon_core.shell:Creating package script '/github/racademy_ws/install/racademy_cpp_examples/share/racademy_cpp_examples/package.ps1'
[1.374s] INFO:colcon.colcon_core.shell:Creating package descriptor '/github/racademy_ws/install/racademy_cpp_examples/share/racademy_cpp_examples/package.dsv'
[1.375s] INFO:colcon.colcon_core.shell:Creating package script '/github/racademy_ws/install/racademy_cpp_examples/share/racademy_cpp_examples/package.sh'
[1.378s] INFO:colcon.colcon_core.shell:Creating package script '/github/racademy_ws/install/racademy_cpp_examples/share/racademy_cpp_examples/package.bash'
[1.379s] INFO:colcon.colcon_core.shell:Creating package script '/github/racademy_ws/install/racademy_cpp_examples/share/racademy_cpp_examples/package.zsh'
[1.381s] Level 1:colcon.colcon_core.environment:create_file_with_runtime_dependencies(/github/racademy_ws/install/racademy_cpp_examples/share/colcon-core/packages/racademy_cpp_examples)
[1.746s] DEBUG:colcon.colcon_core.event_handler.log_command:Invoking command in '/github/racademy_ws/src/racademy_py_examples': PYTHONPATH=/github/racademy_ws/build/racademy_py_examples/prefix_override:/usr/lib/python3/dist-packages/colcon_core/task/python/colcon_distutils_commands:/github/racademy_ws/install/racademy_py_examples/lib/python3.10/site-packages:${PYTHONPATH} /usr/bin/python3 -W ignore:setup.py install is deprecated -W ignore:easy_install command is deprecated setup.py egg_info --egg-base ../../build/racademy_py_examples build --build-base /github/racademy_ws/build/racademy_py_examples/build install --record /github/racademy_ws/build/racademy_py_examples/install.log --single-version-externally-managed install_data
[2.241s] Level 1:colcon.colcon_core.environment:checking '/github/racademy_ws/install/racademy_py_examples' for CMake module files
[2.243s] DEBUG:colcon.colcon_core.event_handler.log_command:Invoked command in '/github/racademy_ws/src/racademy_py_examples' returned '0': PYTHONPATH=/github/racademy_ws/build/racademy_py_examples/prefix_override:/usr/lib/python3/dist-packages/colcon_core/task/python/colcon_distutils_commands:/github/racademy_ws/install/racademy_py_examples/lib/python3.10/site-packages:${PYTHONPATH} /usr/bin/python3 -W ignore:setup.py install is deprecated -W ignore:easy_install command is deprecated setup.py egg_info --egg-base ../../build/racademy_py_examples build --build-base /github/racademy_ws/build/racademy_py_examples/build install --record /github/racademy_ws/build/racademy_py_examples/install.log --single-version-externally-managed install_data
[2.245s] Level 1:colcon.colcon_core.environment:checking '/github/racademy_ws/install/racademy_py_examples' for CMake config files
[2.251s] Level 1:colcon.colcon_core.environment:checking '/github/racademy_ws/install/racademy_py_examples/lib'
[2.253s] Level 1:colcon.colcon_core.environment:checking '/github/racademy_ws/install/racademy_py_examples/bin'
[2.254s] Level 1:colcon.colcon_core.environment:checking '/github/racademy_ws/install/racademy_py_examples/lib/pkgconfig/racademy_py_examples.pc'
[2.254s] Level 1:colcon.colcon_core.environment:checking '/github/racademy_ws/install/racademy_py_examples/lib/python3.10/site-packages'
[2.255s] Level 1:colcon.colcon_core.shell:create_environment_hook('racademy_py_examples', 'pythonpath')
[2.256s] INFO:colcon.colcon_core.shell:Creating environment hook '/github/racademy_ws/install/racademy_py_examples/share/racademy_py_examples/hook/pythonpath.ps1'
[2.258s] INFO:colcon.colcon_core.shell:Creating environment descriptor '/github/racademy_ws/install/racademy_py_examples/share/racademy_py_examples/hook/pythonpath.dsv'
[2.259s] INFO:colcon.colcon_core.shell:Creating environment hook '/github/racademy_ws/install/racademy_py_examples/share/racademy_py_examples/hook/pythonpath.sh'
[2.262s] Level 1:colcon.colcon_core.environment:checking '/github/racademy_ws/install/racademy_py_examples/bin'
[2.262s] Level 1:colcon.colcon_core.environment:create_environment_scripts_only(racademy_py_examples)
[2.263s] INFO:colcon.colcon_core.shell:Creating package script '/github/racademy_ws/install/racademy_py_examples/share/racademy_py_examples/package.ps1'
[2.266s] INFO:colcon.colcon_core.shell:Creating package descriptor '/github/racademy_ws/install/racademy_py_examples/share/racademy_py_examples/package.dsv'
[2.268s] INFO:colcon.colcon_core.shell:Creating package script '/github/racademy_ws/install/racademy_py_examples/share/racademy_py_examples/package.sh'
[2.271s] INFO:colcon.colcon_core.shell:Creating package script '/github/racademy_ws/install/racademy_py_examples/share/racademy_py_examples/package.bash'
[2.272s] INFO:colcon.colcon_core.shell:Creating package script '/github/racademy_ws/install/racademy_py_examples/share/racademy_py_examples/package.zsh'
[2.274s] Level 1:colcon.colcon_core.environment:create_file_with_runtime_dependencies(/github/racademy_ws/install/racademy_py_examples/share/colcon-core/packages/racademy_py_examples)
[2.276s] DEBUG:colcon.colcon_parallel_executor.executor.parallel:closing loop
[2.277s] DEBUG:colcon.colcon_parallel_executor.executor.parallel:loop closed
[2.277s] DEBUG:colcon.colcon_parallel_executor.executor.parallel:run_until_complete finished with '0'
[2.278s] DEBUG:colcon.colcon_core.event_reactor:joining thread
[2.288s] INFO:colcon.colcon_core.plugin_system:Skipping extension 'colcon_notification.desktop_notification.terminal_notifier': Not used on non-Darwin systems
[2.288s] INFO:colcon.colcon_core.plugin_system:Skipping extension 'colcon_notification.desktop_notification.win32': Not used on non-Windows systems
[2.289s] INFO:colcon.colcon_notification.desktop_notification:Sending desktop notification using 'notify2'
[2.491s] DEBUG:colcon.colcon_core.event_reactor:joined thread
[2.492s] INFO:colcon.colcon_core.shell:Creating prefix script '/github/racademy_ws/install/local_setup.ps1'
[2.494s] INFO:colcon.colcon_core.shell:Creating prefix util module '/github/racademy_ws/install/_local_setup_util_ps1.py'
[2.498s] INFO:colcon.colcon_core.shell:Creating prefix chain script '/github/racademy_ws/install/setup.ps1'
[2.503s] INFO:colcon.colcon_core.shell:Creating prefix script '/github/racademy_ws/install/local_setup.sh'
[2.505s] INFO:colcon.colcon_core.shell:Creating prefix util module '/github/racademy_ws/install/_local_setup_util_sh.py'
[2.506s] INFO:colcon.colcon_core.shell:Creating prefix chain script '/github/racademy_ws/install/setup.sh'
[2.510s] INFO:colcon.colcon_core.shell:Creating prefix script '/github/racademy_ws/install/local_setup.bash'
[2.513s] INFO:colcon.colcon_core.shell:Creating prefix chain script '/github/racademy_ws/install/setup.bash'
[2.518s] INFO:colcon.colcon_core.shell:Creating prefix script '/github/racademy_ws/install/local_setup.zsh'
[2.520s] INFO:colcon.colcon_core.shell:Creating prefix chain script '/github/racademy_ws/install/setup.zsh'
