[0.092s] Invoking command in '/github/racademy_ws/build/learning_tf2_cpp': CMAKE_PREFIX_PATH=/opt/ros/humble /usr/bin/cmake /github/racademy_ws/src/learning_tf2_cpp -DAMENT_CMAKE_SYMLINK_INSTALL=1 -DCMAKE_INSTALL_PREFIX=/github/racademy_ws/install/learning_tf2_cpp
[0.574s] -- The C compiler identification is GNU 11.4.0
[0.620s] -- The CXX compiler identification is GNU 11.4.0
[0.640s] -- Detecting C compiler ABI info
[0.855s] -- Detecting C compiler ABI info - done
[0.876s] -- Check for working C compiler: /usr/bin/cc - skipped
[0.877s] -- Detecting C compile features
[0.879s] -- Detecting C compile features - done
[0.896s] -- Detecting CXX compiler ABI info
[1.161s] -- Detecting CXX compiler ABI info - done
[1.184s] -- Check for working CXX compiler: /usr/bin/c++ - skipped
[1.189s] -- Detecting CXX compile features
[1.191s] -- Detecting CXX compile features - done
[1.220s] -- Found ament_cmake: 1.3.14 (/opt/ros/humble/share/ament_cmake/cmake)
[1.477s] -- Found Python3: /usr/bin/python3 (found version "3.10.12") found components: Interpreter 
[1.625s] -- Override CMake install command with custom implementation using symlinks instead of copying resources
[1.745s] -- Found rclcpp: 16.0.19 (/opt/ros/humble/share/rclcpp/cmake)
[1.899s] -- Found rosidl_generator_c: 3.1.8 (/opt/ros/humble/share/rosidl_generator_c/cmake)
[1.914s] -- Found rosidl_adapter: 3.1.8 (/opt/ros/humble/share/rosidl_adapter/cmake)
[1.948s] -- Found rosidl_generator_cpp: 3.1.8 (/opt/ros/humble/share/rosidl_generator_cpp/cmake)
[1.985s] -- Using all available rosidl_typesupport_c: rosidl_typesupport_fastrtps_c;rosidl_typesupport_introspection_c
[2.028s] -- Using all available rosidl_typesupport_cpp: rosidl_typesupport_fastrtps_cpp;rosidl_typesupport_introspection_cpp
[2.154s] -- Found rmw_implementation_cmake: 6.1.2 (/opt/ros/humble/share/rmw_implementation_cmake/cmake)
[2.166s] -- Found rmw_fastrtps_cpp: 6.2.10 (/opt/ros/humble/share/rmw_fastrtps_cpp/cmake)
[2.403s] -- Found OpenSSL: /usr/lib/x86_64-linux-gnu/libcrypto.so (found version "3.0.2")  
[2.480s] -- Found FastRTPS: /opt/ros/humble/include  
[2.579s] -- Using RMW implementation 'rmw_fastrtps_cpp' as default
[2.612s] -- Looking for pthread.h
[2.827s] -- Looking for pthread.h - found
[2.829s] -- Performing Test CMAKE_HAVE_LIBC_PTHREAD
[3.008s] -- Performing Test CMAKE_HAVE_LIBC_PTHREAD - Success
[3.011s] -- Found Threads: TRUE  
[3.151s] -- Found geometry_msgs: 4.9.1 (/opt/ros/humble/share/geometry_msgs/cmake)
[3.187s] -- Found tf2: 0.25.20 (/opt/ros/humble/share/tf2/cmake)
[3.227s] -- Found tf2_ros: 0.25.20 (/opt/ros/humble/share/tf2_ros/cmake)
[3.447s] -- Found ament_lint_auto: 0.12.15 (/opt/ros/humble/share/ament_lint_auto/cmake)
[3.647s] -- Added test 'cppcheck' to perform static code analysis on C / C++ code
[3.650s] -- Configured cppcheck include dirs: 
[3.651s] -- Configured cppcheck exclude dirs and/or files: 
[3.653s] -- Added test 'lint_cmake' to check CMake code style
[3.660s] -- Added test 'uncrustify' to check C / C++ code style
[3.662s] -- Configured uncrustify additional arguments: 
[3.663s] -- Added test 'xmllint' to check XML markup files
[3.675s] -- Configuring done
[3.724s] -- Generating done
[3.751s] -- Build files have been written to: /github/racademy_ws/build/learning_tf2_cpp
