[0.126s] Invoking command in '/github/racademy_ws/build/learning_tf2_cpp': CMAKE_PREFIX_PATH=${CMAKE_PREFIX_PATH}:/github/racademy_ws/install/racademy_py_examples:/github/racademy_ws/install/learning_tf2_py:/opt/ros/humble /usr/bin/cmake --build /github/racademy_ws/build/learning_tf2_cpp -- -j8 -l8
[1.020s] Invoked command in '/github/racademy_ws/build/learning_tf2_cpp' returned '0': CMAKE_PREFIX_PATH=${CMAKE_PREFIX_PATH}:/github/racademy_ws/install/racademy_py_examples:/github/racademy_ws/install/learning_tf2_py:/opt/ros/humble /usr/bin/cmake --build /github/racademy_ws/build/learning_tf2_cpp -- -j8 -l8
[1.047s] Invoking command in '/github/racademy_ws/build/learning_tf2_cpp': CMAKE_PREFIX_PATH=${CMAKE_PREFIX_PATH}:/github/racademy_ws/install/racademy_py_examples:/github/racademy_ws/install/learning_tf2_py:/opt/ros/humble /usr/bin/cmake --install /github/racademy_ws/build/learning_tf2_cpp
[1.064s] -- Install configuration: ""
[1.080s] -- Execute custom install script
[1.080s] -- Up-to-date symlink: /github/racademy_ws/install/learning_tf2_cpp/share/ament_index/resource_index/package_run_dependencies/learning_tf2_cpp
[1.081s] -- Up-to-date symlink: /github/racademy_ws/install/learning_tf2_cpp/share/ament_index/resource_index/parent_prefix_path/learning_tf2_cpp
[1.094s] -- Up-to-date symlink: /github/racademy_ws/install/learning_tf2_cpp/share/learning_tf2_cpp/environment/ament_prefix_path.sh
[1.101s] -- Up-to-date symlink: /github/racademy_ws/install/learning_tf2_cpp/share/learning_tf2_cpp/environment/ament_prefix_path.dsv
[1.104s] -- Up-to-date symlink: /github/racademy_ws/install/learning_tf2_cpp/share/learning_tf2_cpp/environment/path.sh
[1.107s] -- Up-to-date symlink: /github/racademy_ws/install/learning_tf2_cpp/share/learning_tf2_cpp/environment/path.dsv
[1.112s] -- Up-to-date symlink: /github/racademy_ws/install/learning_tf2_cpp/share/learning_tf2_cpp/local_setup.bash
[1.116s] -- Up-to-date symlink: /github/racademy_ws/install/learning_tf2_cpp/share/learning_tf2_cpp/local_setup.sh
[1.119s] -- Up-to-date symlink: /github/racademy_ws/install/learning_tf2_cpp/share/learning_tf2_cpp/local_setup.zsh
[1.121s] -- Up-to-date symlink: /github/racademy_ws/install/learning_tf2_cpp/share/learning_tf2_cpp/local_setup.dsv
[1.123s] -- Symlinking: /github/racademy_ws/install/learning_tf2_cpp/share/learning_tf2_cpp/package.dsv
[1.160s] -- Up-to-date symlink: /github/racademy_ws/install/learning_tf2_cpp/share/ament_index/resource_index/packages/learning_tf2_cpp
[1.166s] -- Up-to-date symlink: /github/racademy_ws/install/learning_tf2_cpp/share/learning_tf2_cpp/cmake/learning_tf2_cppConfig.cmake
[1.180s] -- Up-to-date symlink: /github/racademy_ws/install/learning_tf2_cpp/share/learning_tf2_cpp/cmake/learning_tf2_cppConfig-version.cmake
[1.197s] -- Up-to-date symlink: /github/racademy_ws/install/learning_tf2_cpp/share/learning_tf2_cpp/package.xml
[1.210s] Invoked command in '/github/racademy_ws/build/learning_tf2_cpp' returned '0': CMAKE_PREFIX_PATH=${CMAKE_PREFIX_PATH}:/github/racademy_ws/install/racademy_py_examples:/github/racademy_ws/install/learning_tf2_py:/opt/ros/humble /usr/bin/cmake --install /github/racademy_ws/build/learning_tf2_cpp
