[1.676s] Invoking command in '/github/racademy_ws/build/learning_tf2_py': PYTHONPATH=/github/racademy_ws/build/learning_tf2_py/prefix_override:/usr/lib/python3/dist-packages/colcon_core/task/python/colcon_distutils_commands:/github/racademy_ws/install/learning_tf2_py/lib/python3.10/site-packages:${PYTHONPATH} /usr/bin/python3 -W ignore:setup.py install is deprecated -W ignore:easy_install command is deprecated setup.py develop --editable --build-directory /github/racademy_ws/build/learning_tf2_py/build --no-deps symlink_data --force
[2.086s] running develop
[2.332s] running egg_info
[2.334s] writing learning_tf2_py.egg-info/PKG-INFO
[2.336s] writing dependency_links to learning_tf2_py.egg-info/dependency_links.txt
[2.337s] writing entry points to learning_tf2_py.egg-info/entry_points.txt
[2.339s] writing requirements to learning_tf2_py.egg-info/requires.txt
[2.341s] writing top-level names to learning_tf2_py.egg-info/top_level.txt
[2.364s] reading manifest file 'learning_tf2_py.egg-info/SOURCES.txt'
[2.375s] writing manifest file 'learning_tf2_py.egg-info/SOURCES.txt'
[2.385s] running build_ext
[2.387s] Creating /github/racademy_ws/install/learning_tf2_py/lib/python3.10/site-packages/learning-tf2-py.egg-link (link to .)
[2.390s] Installing static_turtle_tf2_broadcaster script to /github/racademy_ws/install/learning_tf2_py/lib/learning_tf2_py
[2.390s] Installing turtle_tf2_broadcaster script to /github/racademy_ws/install/learning_tf2_py/lib/learning_tf2_py
[2.392s] 
[2.393s] Installed /github/racademy_ws/build/learning_tf2_py
[2.394s] running symlink_data
[2.397s] symbolically linking /github/racademy_ws/build/learning_tf2_py/resource/learning_tf2_py -> /github/racademy_ws/install/learning_tf2_py/share/ament_index/resource_index/packages
[2.399s] symbolically linking /github/racademy_ws/build/learning_tf2_py/package.xml -> /github/racademy_ws/install/learning_tf2_py/share/learning_tf2_py
[2.403s] symbolically linking /github/racademy_ws/build/learning_tf2_py/launch/turtle_tf2_demo_launch.py -> /github/racademy_ws/install/learning_tf2_py/share/learning_tf2_py/launch
[2.459s] Invoked command in '/github/racademy_ws/build/learning_tf2_py' returned '0': PYTHONPATH=/github/racademy_ws/build/learning_tf2_py/prefix_override:/usr/lib/python3/dist-packages/colcon_core/task/python/colcon_distutils_commands:/github/racademy_ws/install/learning_tf2_py/lib/python3.10/site-packages:${PYTHONPATH} /usr/bin/python3 -W ignore:setup.py install is deprecated -W ignore:easy_install command is deprecated setup.py develop --editable --build-directory /github/racademy_ws/build/learning_tf2_py/build --no-deps symlink_data --force
