[0.285s] DEBUG:colcon:Command line arguments: ['/usr/bin/colcon', 'build', '--packages-select', 'learning_tf2_py']
[0.285s] DEBUG:colcon:Parsed command line arguments: Namespace(log_base=None, log_level=None, verb_name='build', build_base='build', install_base='install', merge_install=False, symlink_install=False, test_result_base=None, continue_on_error=False, executor='parallel', parallel_workers=8, event_handlers=None, ignore_user_meta=False, metas=['./colcon.meta'], base_paths=['.'], packages_ignore=None, packages_ignore_regex=None, paths=None, packages_up_to=None, packages_up_to_regex=None, packages_above=None, packages_above_and_dependencies=None, packages_above_depth=None, packages_select_by_dep=None, packages_skip_by_dep=None, packages_skip_up_to=None, packages_select_build_failed=False, packages_skip_build_finished=False, packages_select_test_failures=False, packages_skip_test_passed=False, packages_select=['learning_tf2_py'], packages_skip=None, packages_select_regex=None, packages_skip_regex=None, packages_start=None, packages_end=None, allow_overriding=[], cmake_args=None, cmake_target=None, cmake_target_skip_unavailable=False, cmake_clean_cache=False, cmake_clean_first=False, cmake_force_configure=False, ament_cmake_args=None, catkin_cmake_args=None, catkin_skip_building_tests=False, verb_parser=<colcon_defaults.argument_parser.defaults.DefaultArgumentsDecorator object at 0x7f3462c49060>, verb_extension=<colcon_core.verb.build.BuildVerb object at 0x7f3462c48a90>, main=<bound method BuildVerb.main of <colcon_core.verb.build.BuildVerb object at 0x7f3462c48a90>>)
[0.726s] Level 1:colcon.colcon_core.package_discovery:discover_packages(colcon_meta) check parameters
[0.727s] Level 1:colcon.colcon_core.package_discovery:discover_packages(recursive) check parameters
[0.727s] Level 1:colcon.colcon_core.package_discovery:discover_packages(ignore) check parameters
[0.728s] Level 1:colcon.colcon_core.package_discovery:discover_packages(path) check parameters
[0.728s] Level 1:colcon.colcon_core.package_discovery:discover_packages(colcon_meta) discover
[0.728s] Level 1:colcon.colcon_core.package_discovery:discover_packages(recursive) discover
[0.729s] INFO:colcon.colcon_core.package_discovery:Crawling recursively for packages in '/github/racademy_ws'
[0.730s] Level 1:colcon.colcon_core.package_identification:_identify(.) by extensions ['ignore', 'ignore_ament_install']
[0.730s] Level 1:colcon.colcon_core.package_identification:_identify(.) by extension 'ignore'
[0.730s] Level 1:colcon.colcon_core.package_identification:_identify(.) by extension 'ignore_ament_install'
[0.731s] Level 1:colcon.colcon_core.package_identification:_identify(.) by extensions ['colcon_pkg']
[0.731s] Level 1:colcon.colcon_core.package_identification:_identify(.) by extension 'colcon_pkg'
[0.731s] Level 1:colcon.colcon_core.package_identification:_identify(.) by extensions ['colcon_meta']
[0.731s] Level 1:colcon.colcon_core.package_identification:_identify(.) by extension 'colcon_meta'
[0.732s] Level 1:colcon.colcon_core.package_identification:_identify(.) by extensions ['ros']
[0.732s] Level 1:colcon.colcon_core.package_identification:_identify(.) by extension 'ros'
[0.752s] Level 1:colcon.colcon_core.package_identification:_identify(.) by extensions ['cmake', 'python']
[0.753s] Level 1:colcon.colcon_core.package_identification:_identify(.) by extension 'cmake'
[0.754s] Level 1:colcon.colcon_core.package_identification:_identify(.) by extension 'python'
[0.755s] Level 1:colcon.colcon_core.package_identification:_identify(.) by extensions ['python_setup_py']
[0.755s] Level 1:colcon.colcon_core.package_identification:_identify(.) by extension 'python_setup_py'
[0.756s] Level 1:colcon.colcon_core.package_identification:_identify(build) by extensions ['ignore', 'ignore_ament_install']
[0.756s] Level 1:colcon.colcon_core.package_identification:_identify(build) by extension 'ignore'
[0.757s] Level 1:colcon.colcon_core.package_identification:_identify(build) ignored
[0.759s] Level 1:colcon.colcon_core.package_identification:_identify(install) by extensions ['ignore', 'ignore_ament_install']
[0.760s] Level 1:colcon.colcon_core.package_identification:_identify(install) by extension 'ignore'
[0.760s] Level 1:colcon.colcon_core.package_identification:_identify(install) ignored
[0.762s] Level 1:colcon.colcon_core.package_identification:_identify(log) by extensions ['ignore', 'ignore_ament_install']
[0.762s] Level 1:colcon.colcon_core.package_identification:_identify(log) by extension 'ignore'
[0.763s] Level 1:colcon.colcon_core.package_identification:_identify(log) ignored
[0.763s] Level 1:colcon.colcon_core.package_identification:_identify(src) by extensions ['ignore', 'ignore_ament_install']
[0.764s] Level 1:colcon.colcon_core.package_identification:_identify(src) by extension 'ignore'
[0.764s] Level 1:colcon.colcon_core.package_identification:_identify(src) by extension 'ignore_ament_install'
[0.764s] Level 1:colcon.colcon_core.package_identification:_identify(src) by extensions ['colcon_pkg']
[0.765s] Level 1:colcon.colcon_core.package_identification:_identify(src) by extension 'colcon_pkg'
[0.765s] Level 1:colcon.colcon_core.package_identification:_identify(src) by extensions ['colcon_meta']
[0.765s] Level 1:colcon.colcon_core.package_identification:_identify(src) by extension 'colcon_meta'
[0.765s] Level 1:colcon.colcon_core.package_identification:_identify(src) by extensions ['ros']
[0.766s] Level 1:colcon.colcon_core.package_identification:_identify(src) by extension 'ros'
[0.766s] Level 1:colcon.colcon_core.package_identification:_identify(src) by extensions ['cmake', 'python']
[0.766s] Level 1:colcon.colcon_core.package_identification:_identify(src) by extension 'cmake'
[0.766s] Level 1:colcon.colcon_core.package_identification:_identify(src) by extension 'python'
[0.767s] Level 1:colcon.colcon_core.package_identification:_identify(src) by extensions ['python_setup_py']
[0.767s] Level 1:colcon.colcon_core.package_identification:_identify(src) by extension 'python_setup_py'
[0.767s] Level 1:colcon.colcon_core.package_identification:_identify(src/learning_tf2_cpp) by extensions ['ignore', 'ignore_ament_install']
[0.768s] Level 1:colcon.colcon_core.package_identification:_identify(src/learning_tf2_cpp) by extension 'ignore'
[0.768s] Level 1:colcon.colcon_core.package_identification:_identify(src/learning_tf2_cpp) by extension 'ignore_ament_install'
[0.768s] Level 1:colcon.colcon_core.package_identification:_identify(src/learning_tf2_cpp) by extensions ['colcon_pkg']
[0.768s] Level 1:colcon.colcon_core.package_identification:_identify(src/learning_tf2_cpp) by extension 'colcon_pkg'
[0.769s] Level 1:colcon.colcon_core.package_identification:_identify(src/learning_tf2_cpp) by extensions ['colcon_meta']
[0.769s] Level 1:colcon.colcon_core.package_identification:_identify(src/learning_tf2_cpp) by extension 'colcon_meta'
[0.770s] Level 1:colcon.colcon_core.package_identification:_identify(src/learning_tf2_cpp) by extensions ['ros']
[0.770s] Level 1:colcon.colcon_core.package_identification:_identify(src/learning_tf2_cpp) by extension 'ros'
[0.778s] DEBUG:colcon.colcon_core.package_identification:Package 'src/learning_tf2_cpp' with type 'ros.ament_cmake' and name 'learning_tf2_cpp'
[0.779s] Level 1:colcon.colcon_core.package_identification:_identify(src/learning_tf2_py) by extensions ['ignore', 'ignore_ament_install']
[0.779s] Level 1:colcon.colcon_core.package_identification:_identify(src/learning_tf2_py) by extension 'ignore'
[0.780s] Level 1:colcon.colcon_core.package_identification:_identify(src/learning_tf2_py) by extension 'ignore_ament_install'
[0.781s] Level 1:colcon.colcon_core.package_identification:_identify(src/learning_tf2_py) by extensions ['colcon_pkg']
[0.781s] Level 1:colcon.colcon_core.package_identification:_identify(src/learning_tf2_py) by extension 'colcon_pkg'
[0.782s] Level 1:colcon.colcon_core.package_identification:_identify(src/learning_tf2_py) by extensions ['colcon_meta']
[0.782s] Level 1:colcon.colcon_core.package_identification:_identify(src/learning_tf2_py) by extension 'colcon_meta'
[0.782s] Level 1:colcon.colcon_core.package_identification:_identify(src/learning_tf2_py) by extensions ['ros']
[0.783s] Level 1:colcon.colcon_core.package_identification:_identify(src/learning_tf2_py) by extension 'ros'
[0.785s] DEBUG:colcon.colcon_core.package_identification:Package 'src/learning_tf2_py' with type 'ros.ament_python' and name 'learning_tf2_py'
[0.786s] Level 1:colcon.colcon_core.package_identification:_identify(src/racademy_cpp_examples) by extensions ['ignore', 'ignore_ament_install']
[0.786s] Level 1:colcon.colcon_core.package_identification:_identify(src/racademy_cpp_examples) by extension 'ignore'
[0.787s] Level 1:colcon.colcon_core.package_identification:_identify(src/racademy_cpp_examples) by extension 'ignore_ament_install'
[0.787s] Level 1:colcon.colcon_core.package_identification:_identify(src/racademy_cpp_examples) by extensions ['colcon_pkg']
[0.787s] Level 1:colcon.colcon_core.package_identification:_identify(src/racademy_cpp_examples) by extension 'colcon_pkg'
[0.787s] Level 1:colcon.colcon_core.package_identification:_identify(src/racademy_cpp_examples) by extensions ['colcon_meta']
[0.788s] Level 1:colcon.colcon_core.package_identification:_identify(src/racademy_cpp_examples) by extension 'colcon_meta'
[0.788s] Level 1:colcon.colcon_core.package_identification:_identify(src/racademy_cpp_examples) by extensions ['ros']
[0.788s] Level 1:colcon.colcon_core.package_identification:_identify(src/racademy_cpp_examples) by extension 'ros'
[0.789s] DEBUG:colcon.colcon_core.package_identification:Package 'src/racademy_cpp_examples' with type 'ros.ament_cmake' and name 'racademy_cpp_examples'
[0.791s] Level 1:colcon.colcon_core.package_identification:_identify(src/racademy_description) by extensions ['ignore', 'ignore_ament_install']
[0.791s] Level 1:colcon.colcon_core.package_identification:_identify(src/racademy_description) by extension 'ignore'
[0.792s] Level 1:colcon.colcon_core.package_identification:_identify(src/racademy_description) by extension 'ignore_ament_install'
[0.793s] Level 1:colcon.colcon_core.package_identification:_identify(src/racademy_description) by extensions ['colcon_pkg']
[0.793s] Level 1:colcon.colcon_core.package_identification:_identify(src/racademy_description) by extension 'colcon_pkg'
[0.793s] Level 1:colcon.colcon_core.package_identification:_identify(src/racademy_description) by extensions ['colcon_meta']
[0.793s] Level 1:colcon.colcon_core.package_identification:_identify(src/racademy_description) by extension 'colcon_meta'
[0.793s] Level 1:colcon.colcon_core.package_identification:_identify(src/racademy_description) by extensions ['ros']
[0.793s] Level 1:colcon.colcon_core.package_identification:_identify(src/racademy_description) by extension 'ros'
[0.795s] DEBUG:colcon.colcon_core.package_identification:Package 'src/racademy_description' with type 'ros.ament_cmake' and name 'racademy_description'
[0.795s] Level 1:colcon.colcon_core.package_identification:_identify(src/racademy_py_examples) by extensions ['ignore', 'ignore_ament_install']
[0.796s] Level 1:colcon.colcon_core.package_identification:_identify(src/racademy_py_examples) by extension 'ignore'
[0.796s] Level 1:colcon.colcon_core.package_identification:_identify(src/racademy_py_examples) by extension 'ignore_ament_install'
[0.797s] Level 1:colcon.colcon_core.package_identification:_identify(src/racademy_py_examples) by extensions ['colcon_pkg']
[0.797s] Level 1:colcon.colcon_core.package_identification:_identify(src/racademy_py_examples) by extension 'colcon_pkg'
[0.797s] Level 1:colcon.colcon_core.package_identification:_identify(src/racademy_py_examples) by extensions ['colcon_meta']
[0.798s] Level 1:colcon.colcon_core.package_identification:_identify(src/racademy_py_examples) by extension 'colcon_meta'
[0.798s] Level 1:colcon.colcon_core.package_identification:_identify(src/racademy_py_examples) by extensions ['ros']
[0.798s] Level 1:colcon.colcon_core.package_identification:_identify(src/racademy_py_examples) by extension 'ros'
[0.800s] DEBUG:colcon.colcon_core.package_identification:Package 'src/racademy_py_examples' with type 'ros.ament_python' and name 'racademy_py_examples'
[0.800s] Level 1:colcon.colcon_core.package_discovery:discover_packages(recursive) using defaults
[0.800s] Level 1:colcon.colcon_core.package_discovery:discover_packages(ignore) discover
[0.801s] Level 1:colcon.colcon_core.package_discovery:discover_packages(ignore) using defaults
[0.801s] Level 1:colcon.colcon_core.package_discovery:discover_packages(path) discover
[0.801s] Level 1:colcon.colcon_core.package_discovery:discover_packages(path) using defaults
[0.860s] INFO:colcon.colcon_core.package_selection:Skipping not selected package 'learning_tf2_cpp' in 'src/learning_tf2_cpp'
[0.860s] INFO:colcon.colcon_core.package_selection:Skipping not selected package 'racademy_cpp_examples' in 'src/racademy_cpp_examples'
[0.860s] INFO:colcon.colcon_core.package_selection:Skipping not selected package 'racademy_description' in 'src/racademy_description'
[0.860s] INFO:colcon.colcon_core.package_selection:Skipping not selected package 'racademy_py_examples' in 'src/racademy_py_examples'
[0.862s] Level 1:colcon.colcon_core.package_discovery:discover_packages(prefix_path) check parameters
[0.863s] Level 1:colcon.colcon_core.package_discovery:discover_packages(prefix_path) discover
[0.873s] DEBUG:colcon.colcon_installed_package_information.package_discovery:Found 4 installed packages in /github/racademy_ws/install
[0.876s] DEBUG:colcon.colcon_installed_package_information.package_discovery:Found 394 installed packages in /opt/ros/humble
[0.880s] Level 1:colcon.colcon_core.package_discovery:discover_packages(prefix_path) using defaults
[0.953s] Level 5:colcon.colcon_core.verb:set package 'learning_tf2_py' build argument 'cmake_args' from command line to 'None'
[0.953s] Level 5:colcon.colcon_core.verb:set package 'learning_tf2_py' build argument 'cmake_target' from command line to 'None'
[0.953s] Level 5:colcon.colcon_core.verb:set package 'learning_tf2_py' build argument 'cmake_target_skip_unavailable' from command line to 'False'
[0.954s] Level 5:colcon.colcon_core.verb:set package 'learning_tf2_py' build argument 'cmake_clean_cache' from command line to 'False'
[0.954s] Level 5:colcon.colcon_core.verb:set package 'learning_tf2_py' build argument 'cmake_clean_first' from command line to 'False'
[0.954s] Level 5:colcon.colcon_core.verb:set package 'learning_tf2_py' build argument 'cmake_force_configure' from command line to 'False'
[0.954s] Level 5:colcon.colcon_core.verb:set package 'learning_tf2_py' build argument 'ament_cmake_args' from command line to 'None'
[0.954s] Level 5:colcon.colcon_core.verb:set package 'learning_tf2_py' build argument 'catkin_cmake_args' from command line to 'None'
[0.955s] Level 5:colcon.colcon_core.verb:set package 'learning_tf2_py' build argument 'catkin_skip_building_tests' from command line to 'False'
[0.955s] DEBUG:colcon.colcon_core.verb:Building package 'learning_tf2_py' with the following arguments: {'ament_cmake_args': None, 'build_base': '/github/racademy_ws/build/learning_tf2_py', 'catkin_cmake_args': None, 'catkin_skip_building_tests': False, 'cmake_args': None, 'cmake_clean_cache': False, 'cmake_clean_first': False, 'cmake_force_configure': False, 'cmake_target': None, 'cmake_target_skip_unavailable': False, 'install_base': '/github/racademy_ws/install/learning_tf2_py', 'merge_install': False, 'path': '/github/racademy_ws/src/learning_tf2_py', 'symlink_install': False, 'test_result_base': None}
[0.955s] INFO:colcon.colcon_core.executor:Executing jobs using 'parallel' executor
[0.957s] DEBUG:colcon.colcon_parallel_executor.executor.parallel:run_until_complete
[0.957s] INFO:colcon.colcon_ros.task.ament_python.build:Building ROS package in '/github/racademy_ws/src/learning_tf2_py' with build type 'ament_python'
[0.958s] Level 1:colcon.colcon_core.shell:create_environment_hook('learning_tf2_py', 'ament_prefix_path')
[0.969s] INFO:colcon.colcon_core.plugin_system:Skipping extension 'colcon_core.shell.bat': Not used on non-Windows systems
[0.969s] INFO:colcon.colcon_core.shell:Creating environment hook '/github/racademy_ws/install/learning_tf2_py/share/learning_tf2_py/hook/ament_prefix_path.ps1'
[0.973s] INFO:colcon.colcon_core.shell:Creating environment descriptor '/github/racademy_ws/install/learning_tf2_py/share/learning_tf2_py/hook/ament_prefix_path.dsv'
[0.975s] INFO:colcon.colcon_core.shell:Creating environment hook '/github/racademy_ws/install/learning_tf2_py/share/learning_tf2_py/hook/ament_prefix_path.sh'
[0.978s] INFO:colcon.colcon_core.shell:Skip shell extension 'powershell' for command environment: Not usable outside of PowerShell
[0.979s] DEBUG:colcon.colcon_core.shell:Skip shell extension 'dsv' for command environment
[1.440s] INFO:colcon.colcon_core.task.python.build:Building Python package in '/github/racademy_ws/src/learning_tf2_py'
[1.441s] INFO:colcon.colcon_core.shell:Skip shell extension 'powershell' for command environment: Not usable outside of PowerShell
[1.441s] DEBUG:colcon.colcon_core.shell:Skip shell extension 'dsv' for command environment
[2.287s] DEBUG:colcon.colcon_core.event_handler.log_command:Invoking command in '/github/racademy_ws/src/learning_tf2_py': PYTHONPATH=/github/racademy_ws/build/learning_tf2_py/prefix_override:/usr/lib/python3/dist-packages/colcon_core/task/python/colcon_distutils_commands:/github/racademy_ws/install/learning_tf2_py/lib/python3.10/site-packages:${PYTHONPATH} /usr/bin/python3 -W ignore:setup.py install is deprecated -W ignore:easy_install command is deprecated setup.py egg_info --egg-base ../../build/learning_tf2_py build --build-base /github/racademy_ws/build/learning_tf2_py/build install --record /github/racademy_ws/build/learning_tf2_py/install.log --single-version-externally-managed install_data
[2.823s] DEBUG:colcon.colcon_core.event_handler.log_command:Invoked command in '/github/racademy_ws/src/learning_tf2_py' returned '0': PYTHONPATH=/github/racademy_ws/build/learning_tf2_py/prefix_override:/usr/lib/python3/dist-packages/colcon_core/task/python/colcon_distutils_commands:/github/racademy_ws/install/learning_tf2_py/lib/python3.10/site-packages:${PYTHONPATH} /usr/bin/python3 -W ignore:setup.py install is deprecated -W ignore:easy_install command is deprecated setup.py egg_info --egg-base ../../build/learning_tf2_py build --build-base /github/racademy_ws/build/learning_tf2_py/build install --record /github/racademy_ws/build/learning_tf2_py/install.log --single-version-externally-managed install_data
[2.837s] Level 1:colcon.colcon_core.environment:checking '/github/racademy_ws/install/learning_tf2_py' for CMake module files
[2.842s] Level 1:colcon.colcon_core.environment:checking '/github/racademy_ws/install/learning_tf2_py' for CMake config files
[2.848s] Level 1:colcon.colcon_core.environment:checking '/github/racademy_ws/install/learning_tf2_py/lib'
[2.848s] Level 1:colcon.colcon_core.environment:checking '/github/racademy_ws/install/learning_tf2_py/bin'
[2.848s] Level 1:colcon.colcon_core.environment:checking '/github/racademy_ws/install/learning_tf2_py/lib/pkgconfig/learning_tf2_py.pc'
[2.849s] Level 1:colcon.colcon_core.environment:checking '/github/racademy_ws/install/learning_tf2_py/lib/python3.10/site-packages'
[2.849s] Level 1:colcon.colcon_core.shell:create_environment_hook('learning_tf2_py', 'pythonpath')
[2.850s] INFO:colcon.colcon_core.shell:Creating environment hook '/github/racademy_ws/install/learning_tf2_py/share/learning_tf2_py/hook/pythonpath.ps1'
[2.852s] INFO:colcon.colcon_core.shell:Creating environment descriptor '/github/racademy_ws/install/learning_tf2_py/share/learning_tf2_py/hook/pythonpath.dsv'
[2.854s] INFO:colcon.colcon_core.shell:Creating environment hook '/github/racademy_ws/install/learning_tf2_py/share/learning_tf2_py/hook/pythonpath.sh'
[2.855s] Level 1:colcon.colcon_core.environment:checking '/github/racademy_ws/install/learning_tf2_py/bin'
[2.856s] Level 1:colcon.colcon_core.environment:create_environment_scripts_only(learning_tf2_py)
[2.856s] INFO:colcon.colcon_core.shell:Creating package script '/github/racademy_ws/install/learning_tf2_py/share/learning_tf2_py/package.ps1'
[2.860s] INFO:colcon.colcon_core.shell:Creating package descriptor '/github/racademy_ws/install/learning_tf2_py/share/learning_tf2_py/package.dsv'
[2.864s] INFO:colcon.colcon_core.shell:Creating package script '/github/racademy_ws/install/learning_tf2_py/share/learning_tf2_py/package.sh'
[2.866s] INFO:colcon.colcon_core.shell:Creating package script '/github/racademy_ws/install/learning_tf2_py/share/learning_tf2_py/package.bash'
[2.870s] INFO:colcon.colcon_core.shell:Creating package script '/github/racademy_ws/install/learning_tf2_py/share/learning_tf2_py/package.zsh'
[2.872s] Level 1:colcon.colcon_core.environment:create_file_with_runtime_dependencies(/github/racademy_ws/install/learning_tf2_py/share/colcon-core/packages/learning_tf2_py)
[2.875s] DEBUG:colcon.colcon_parallel_executor.executor.parallel:closing loop
[2.875s] DEBUG:colcon.colcon_parallel_executor.executor.parallel:loop closed
[2.876s] DEBUG:colcon.colcon_parallel_executor.executor.parallel:run_until_complete finished with '0'
[2.876s] DEBUG:colcon.colcon_core.event_reactor:joining thread
[2.890s] INFO:colcon.colcon_core.plugin_system:Skipping extension 'colcon_notification.desktop_notification.terminal_notifier': Not used on non-Darwin systems
[2.891s] INFO:colcon.colcon_core.plugin_system:Skipping extension 'colcon_notification.desktop_notification.win32': Not used on non-Windows systems
[2.891s] INFO:colcon.colcon_notification.desktop_notification:Sending desktop notification using 'notify2'
[3.162s] DEBUG:colcon.colcon_core.event_reactor:joined thread
[3.163s] INFO:colcon.colcon_core.shell:Creating prefix script '/github/racademy_ws/install/local_setup.ps1'
[3.167s] INFO:colcon.colcon_core.shell:Creating prefix util module '/github/racademy_ws/install/_local_setup_util_ps1.py'
[3.176s] INFO:colcon.colcon_core.shell:Creating prefix chain script '/github/racademy_ws/install/setup.ps1'
[3.184s] INFO:colcon.colcon_core.shell:Creating prefix script '/github/racademy_ws/install/local_setup.sh'
[3.190s] INFO:colcon.colcon_core.shell:Creating prefix util module '/github/racademy_ws/install/_local_setup_util_sh.py'
[3.194s] INFO:colcon.colcon_core.shell:Creating prefix chain script '/github/racademy_ws/install/setup.sh'
[3.200s] INFO:colcon.colcon_core.shell:Creating prefix script '/github/racademy_ws/install/local_setup.bash'
[3.202s] INFO:colcon.colcon_core.shell:Creating prefix chain script '/github/racademy_ws/install/setup.bash'
[3.207s] INFO:colcon.colcon_core.shell:Creating prefix script '/github/racademy_ws/install/local_setup.zsh'
[3.211s] INFO:colcon.colcon_core.shell:Creating prefix chain script '/github/racademy_ws/install/setup.zsh'
