[1.459s] Invoking command in '/github/racademy_ws/build/racademy_py_examples': PYTHONPATH=/github/racademy_ws/build/racademy_py_examples/prefix_override:/usr/lib/python3/dist-packages/colcon_core/task/python/colcon_distutils_commands:/github/racademy_ws/install/racademy_py_examples/lib/python3.10/site-packages:${PYTHONPATH} /usr/bin/python3 -W ignore:setup.py install is deprecated -W ignore:easy_install command is deprecated setup.py develop --editable --build-directory /github/racademy_ws/build/racademy_py_examples/build --no-deps symlink_data --force
[1.841s] running develop
[2.088s] running egg_info
[2.094s] writing racademy_py_examples.egg-info/PKG-INFO
[2.095s] writing dependency_links to racademy_py_examples.egg-info/dependency_links.txt
[2.098s] writing entry points to racademy_py_examples.egg-info/entry_points.txt
[2.101s] writing requirements to racademy_py_examples.egg-info/requires.txt
[2.104s] writing top-level names to racademy_py_examples.egg-info/top_level.txt
[2.122s] reading manifest file 'racademy_py_examples.egg-info/SOURCES.txt'
[2.130s] writing manifest file 'racademy_py_examples.egg-info/SOURCES.txt'
[2.134s] running build_ext
[2.135s] Creating /github/racademy_ws/install/racademy_py_examples/lib/python3.10/site-packages/racademy-py-examples.egg-link (link to .)
[2.141s] Installing simple_parameter script to /github/racademy_ws/install/racademy_py_examples/lib/racademy_py_examples
[2.145s] Installing simple_publisher script to /github/racademy_ws/install/racademy_py_examples/lib/racademy_py_examples
[2.148s] Installing simple_subscriber script to /github/racademy_ws/install/racademy_py_examples/lib/racademy_py_examples
[2.151s] 
[2.153s] Installed /github/racademy_ws/build/racademy_py_examples
[2.155s] running symlink_data
[2.156s] symbolically linking /github/racademy_ws/build/racademy_py_examples/resource/racademy_py_examples -> /github/racademy_ws/install/racademy_py_examples/share/ament_index/resource_index/packages
[2.158s] symbolically linking /github/racademy_ws/build/racademy_py_examples/package.xml -> /github/racademy_ws/install/racademy_py_examples/share/racademy_py_examples
[2.203s] Invoked command in '/github/racademy_ws/build/racademy_py_examples' returned '0': PYTHONPATH=/github/racademy_ws/build/racademy_py_examples/prefix_override:/usr/lib/python3/dist-packages/colcon_core/task/python/colcon_distutils_commands:/github/racademy_ws/install/racademy_py_examples/lib/python3.10/site-packages:${PYTHONPATH} /usr/bin/python3 -W ignore:setup.py install is deprecated -W ignore:easy_install command is deprecated setup.py develop --editable --build-directory /github/racademy_ws/build/racademy_py_examples/build --no-deps symlink_data --force
