[0.066s] Invoking command in '/github/racademy_ws/build/racademy_description': CMAKE_PREFIX_PATH=${CMAKE_PREFIX_PATH}:/github/racademy_ws/install/racademy_py_examples:/opt/ros/humble /usr/bin/cmake --build /github/racademy_ws/build/racademy_description -- -j8 -l8
[0.466s] Invoked command in '/github/racademy_ws/build/racademy_description' returned '0': CMAKE_PREFIX_PATH=${CMAKE_PREFIX_PATH}:/github/racademy_ws/install/racademy_py_examples:/opt/ros/humble /usr/bin/cmake --build /github/racademy_ws/build/racademy_description -- -j8 -l8
[0.497s] Invoking command in '/github/racademy_ws/build/racademy_description': CMAKE_PREFIX_PATH=${CMAKE_PREFIX_PATH}:/github/racademy_ws/install/racademy_py_examples:/opt/ros/humble /usr/bin/cmake --install /github/racademy_ws/build/racademy_description
[0.515s] -- Install configuration: ""
[0.517s] -- Up-to-date: /github/racademy_ws/install/racademy_description/share/racademy_description/meshes
[0.520s] -- Up-to-date: /github/racademy_ws/install/racademy_description/share/racademy_description/urdf
[0.528s] -- Installing: /github/racademy_ws/install/racademy_description/share/racademy_description/urdf/racademy.urdf.xacro
[0.533s] -- Up-to-date: /github/racademy_ws/install/racademy_description/share/ament_index/resource_index/package_run_dependencies/racademy_description
[0.534s] -- Up-to-date: /github/racademy_ws/install/racademy_description/share/ament_index/resource_index/parent_prefix_path/racademy_description
[0.538s] -- Up-to-date: /github/racademy_ws/install/racademy_description/share/racademy_description/environment/ament_prefix_path.sh
[0.541s] -- Up-to-date: /github/racademy_ws/install/racademy_description/share/racademy_description/environment/ament_prefix_path.dsv
[0.544s] -- Up-to-date: /github/racademy_ws/install/racademy_description/share/racademy_description/environment/path.sh
[0.546s] -- Up-to-date: /github/racademy_ws/install/racademy_description/share/racademy_description/environment/path.dsv
[0.547s] -- Up-to-date: /github/racademy_ws/install/racademy_description/share/racademy_description/local_setup.bash
[0.550s] -- Up-to-date: /github/racademy_ws/install/racademy_description/share/racademy_description/local_setup.sh
[0.555s] -- Up-to-date: /github/racademy_ws/install/racademy_description/share/racademy_description/local_setup.zsh
[0.557s] -- Up-to-date: /github/racademy_ws/install/racademy_description/share/racademy_description/local_setup.dsv
[0.559s] -- Installing: /github/racademy_ws/install/racademy_description/share/racademy_description/package.dsv
[0.572s] -- Up-to-date: /github/racademy_ws/install/racademy_description/share/ament_index/resource_index/packages/racademy_description
[0.577s] -- Up-to-date: /github/racademy_ws/install/racademy_description/share/racademy_description/cmake/racademy_descriptionConfig.cmake
[0.579s] -- Up-to-date: /github/racademy_ws/install/racademy_description/share/racademy_description/cmake/racademy_descriptionConfig-version.cmake
[0.581s] -- Up-to-date: /github/racademy_ws/install/racademy_description/share/racademy_description/package.xml
[0.588s] Invoked command in '/github/racademy_ws/build/racademy_description' returned '0': CMAKE_PREFIX_PATH=${CMAKE_PREFIX_PATH}:/github/racademy_ws/install/racademy_py_examples:/opt/ros/humble /usr/bin/cmake --install /github/racademy_ws/build/racademy_description
