-- Found ament_cmake: 1.3.14 (/opt/ros/humble/share/ament_cmake/cmake)
-- Override CMake install command with custom implementation using symlinks instead of copying resources
-- Found ament_lint_auto: 0.12.15 (/opt/ros/humble/share/ament_lint_auto/cmake)
-- Added test 'lint_cmake' to check CMake code style
-- Added test 'xmllint' to check XML markup files
-- Configuring done
-- Generating done
-- Build files have been written to: /github/racademy_ws/build/racademy_cpp_examples
-- Install configuration: ""
-- Execute custom install script
-- Symlinking: /github/racademy_ws/install/racademy_cpp_examples/share/ament_index/resource_index/package_run_dependencies/racademy_cpp_examples
-- Symlinking: /github/racademy_ws/install/racademy_cpp_examples/share/ament_index/resource_index/parent_prefix_path/racademy_cpp_examples
-- Symlinking: /github/racademy_ws/install/racademy_cpp_examples/share/racademy_cpp_examples/environment/ament_prefix_path.sh
-- Symlinking: /github/racademy_ws/install/racademy_cpp_examples/share/racademy_cpp_examples/environment/ament_prefix_path.dsv
-- Symlinking: /github/racademy_ws/install/racademy_cpp_examples/share/racademy_cpp_examples/environment/path.sh
-- Symlinking: /github/racademy_ws/install/racademy_cpp_examples/share/racademy_cpp_examples/environment/path.dsv
-- Symlinking: /github/racademy_ws/install/racademy_cpp_examples/share/racademy_cpp_examples/local_setup.bash
-- Symlinking: /github/racademy_ws/install/racademy_cpp_examples/share/racademy_cpp_examples/local_setup.sh
-- Symlinking: /github/racademy_ws/install/racademy_cpp_examples/share/racademy_cpp_examples/local_setup.zsh
-- Symlinking: /github/racademy_ws/install/racademy_cpp_examples/share/racademy_cpp_examples/local_setup.dsv
-- Symlinking: /github/racademy_ws/install/racademy_cpp_examples/share/racademy_cpp_examples/package.dsv
-- Symlinking: /github/racademy_ws/install/racademy_cpp_examples/share/ament_index/resource_index/packages/racademy_cpp_examples
-- Symlinking: /github/racademy_ws/install/racademy_cpp_examples/share/racademy_cpp_examples/cmake/racademy_cpp_examplesConfig.cmake
-- Symlinking: /github/racademy_ws/install/racademy_cpp_examples/share/racademy_cpp_examples/cmake/racademy_cpp_examplesConfig-version.cmake
-- Symlinking: /github/racademy_ws/install/racademy_cpp_examples/share/racademy_cpp_examples/package.xml
