[0.130s] Invoking command in '/github/racademy_ws/build/learning_tf2_cpp': CMAKE_PREFIX_PATH=/opt/ros/humble /usr/bin/cmake --build /github/racademy_ws/build/learning_tf2_cpp -- -j8 -l8
[1.005s] Invoked command in '/github/racademy_ws/build/learning_tf2_cpp' returned '0': CMAKE_PREFIX_PATH=/opt/ros/humble /usr/bin/cmake --build /github/racademy_ws/build/learning_tf2_cpp -- -j8 -l8
[1.029s] Invoking command in '/github/racademy_ws/build/learning_tf2_cpp': CMAKE_PREFIX_PATH=/opt/ros/humble /usr/bin/cmake --install /github/racademy_ws/build/learning_tf2_cpp
[1.049s] -- Install configuration: ""
[1.055s] -- Execute custom install script
[1.058s] -- Up-to-date symlink: /github/racademy_ws/install/learning_tf2_cpp/share/ament_index/resource_index/package_run_dependencies/learning_tf2_cpp
[1.062s] -- Up-to-date symlink: /github/racademy_ws/install/learning_tf2_cpp/share/ament_index/resource_index/parent_prefix_path/learning_tf2_cpp
[1.069s] -- Up-to-date symlink: /github/racademy_ws/install/learning_tf2_cpp/share/learning_tf2_cpp/environment/ament_prefix_path.sh
[1.073s] -- Up-to-date symlink: /github/racademy_ws/install/learning_tf2_cpp/share/learning_tf2_cpp/environment/ament_prefix_path.dsv
[1.081s] -- Up-to-date symlink: /github/racademy_ws/install/learning_tf2_cpp/share/learning_tf2_cpp/environment/path.sh
[1.095s] -- Up-to-date symlink: /github/racademy_ws/install/learning_tf2_cpp/share/learning_tf2_cpp/environment/path.dsv
[1.099s] -- Up-to-date symlink: /github/racademy_ws/install/learning_tf2_cpp/share/learning_tf2_cpp/local_setup.bash
[1.103s] -- Up-to-date symlink: /github/racademy_ws/install/learning_tf2_cpp/share/learning_tf2_cpp/local_setup.sh
[1.105s] -- Up-to-date symlink: /github/racademy_ws/install/learning_tf2_cpp/share/learning_tf2_cpp/local_setup.zsh
[1.113s] -- Up-to-date symlink: /github/racademy_ws/install/learning_tf2_cpp/share/learning_tf2_cpp/local_setup.dsv
[1.116s] -- Up-to-date symlink: /github/racademy_ws/install/learning_tf2_cpp/share/learning_tf2_cpp/package.dsv
[1.120s] -- Up-to-date symlink: /github/racademy_ws/install/learning_tf2_cpp/share/ament_index/resource_index/packages/learning_tf2_cpp
[1.124s] -- Up-to-date symlink: /github/racademy_ws/install/learning_tf2_cpp/share/learning_tf2_cpp/cmake/learning_tf2_cppConfig.cmake
[1.138s] -- Up-to-date symlink: /github/racademy_ws/install/learning_tf2_cpp/share/learning_tf2_cpp/cmake/learning_tf2_cppConfig-version.cmake
[1.147s] -- Up-to-date symlink: /github/racademy_ws/install/learning_tf2_cpp/share/learning_tf2_cpp/package.xml
[1.149s] Invoked command in '/github/racademy_ws/build/learning_tf2_cpp' returned '0': CMAKE_PREFIX_PATH=/opt/ros/humble /usr/bin/cmake --install /github/racademy_ws/build/learning_tf2_cpp
