[0.149s] DEBUG:colcon:Command line arguments: ['/usr/bin/colcon', 'build']
[0.150s] DEBUG:colcon:Parsed command line arguments: Namespace(log_base=None, log_level=None, verb_name='build', build_base='build', install_base='install', merge_install=False, symlink_install=False, test_result_base=None, continue_on_error=False, executor='parallel', parallel_workers=8, event_handlers=None, ignore_user_meta=False, metas=['./colcon.meta'], base_paths=['.'], packages_ignore=None, packages_ignore_regex=None, paths=None, packages_up_to=None, packages_up_to_regex=None, packages_above=None, packages_above_and_dependencies=None, packages_above_depth=None, packages_select_by_dep=None, packages_skip_by_dep=None, packages_skip_up_to=None, packages_select_build_failed=False, packages_skip_build_finished=False, packages_select_test_failures=False, packages_skip_test_passed=False, packages_select=None, packages_skip=None, packages_select_regex=None, packages_skip_regex=None, packages_start=None, packages_end=None, allow_overriding=[], cmake_args=None, cmake_target=None, cmake_target_skip_unavailable=False, cmake_clean_cache=False, cmake_clean_first=False, cmake_force_configure=False, ament_cmake_args=None, catkin_cmake_args=None, catkin_skip_building_tests=False, verb_parser=<colcon_defaults.argument_parser.defaults.DefaultArgumentsDecorator object at 0x7fa1ce97fd60>, verb_extension=<colcon_core.verb.build.BuildVerb object at 0x7fa1ceb45240>, main=<bound method BuildVerb.main of <colcon_core.verb.build.BuildVerb object at 0x7fa1ceb45240>>)
[0.406s] Level 1:colcon.colcon_core.package_discovery:discover_packages(colcon_meta) check parameters
[0.406s] Level 1:colcon.colcon_core.package_discovery:discover_packages(recursive) check parameters
[0.407s] Level 1:colcon.colcon_core.package_discovery:discover_packages(ignore) check parameters
[0.407s] Level 1:colcon.colcon_core.package_discovery:discover_packages(path) check parameters
[0.407s] Level 1:colcon.colcon_core.package_discovery:discover_packages(colcon_meta) discover
[0.407s] Level 1:colcon.colcon_core.package_discovery:discover_packages(recursive) discover
[0.408s] INFO:colcon.colcon_core.package_discovery:Crawling recursively for packages in '/github/racademy_ws'
[0.409s] Level 1:colcon.colcon_core.package_identification:_identify(.) by extensions ['ignore', 'ignore_ament_install']
[0.409s] Level 1:colcon.colcon_core.package_identification:_identify(.) by extension 'ignore'
[0.410s] Level 1:colcon.colcon_core.package_identification:_identify(.) by extension 'ignore_ament_install'
[0.411s] Level 1:colcon.colcon_core.package_identification:_identify(.) by extensions ['colcon_pkg']
[0.411s] Level 1:colcon.colcon_core.package_identification:_identify(.) by extension 'colcon_pkg'
[0.411s] Level 1:colcon.colcon_core.package_identification:_identify(.) by extensions ['colcon_meta']
[0.412s] Level 1:colcon.colcon_core.package_identification:_identify(.) by extension 'colcon_meta'
[0.412s] Level 1:colcon.colcon_core.package_identification:_identify(.) by extensions ['ros']
[0.413s] Level 1:colcon.colcon_core.package_identification:_identify(.) by extension 'ros'
[0.428s] Level 1:colcon.colcon_core.package_identification:_identify(.) by extensions ['cmake', 'python']
[0.428s] Level 1:colcon.colcon_core.package_identification:_identify(.) by extension 'cmake'
[0.429s] Level 1:colcon.colcon_core.package_identification:_identify(.) by extension 'python'
[0.429s] Level 1:colcon.colcon_core.package_identification:_identify(.) by extensions ['python_setup_py']
[0.429s] Level 1:colcon.colcon_core.package_identification:_identify(.) by extension 'python_setup_py'
[0.430s] Level 1:colcon.colcon_core.package_identification:_identify(build) by extensions ['ignore', 'ignore_ament_install']
[0.430s] Level 1:colcon.colcon_core.package_identification:_identify(build) by extension 'ignore'
[0.430s] Level 1:colcon.colcon_core.package_identification:_identify(build) ignored
[0.431s] Level 1:colcon.colcon_core.package_identification:_identify(install) by extensions ['ignore', 'ignore_ament_install']
[0.432s] Level 1:colcon.colcon_core.package_identification:_identify(install) by extension 'ignore'
[0.432s] Level 1:colcon.colcon_core.package_identification:_identify(install) ignored
[0.433s] Level 1:colcon.colcon_core.package_identification:_identify(log) by extensions ['ignore', 'ignore_ament_install']
[0.433s] Level 1:colcon.colcon_core.package_identification:_identify(log) by extension 'ignore'
[0.433s] Level 1:colcon.colcon_core.package_identification:_identify(log) ignored
[0.434s] Level 1:colcon.colcon_core.package_identification:_identify(src) by extensions ['ignore', 'ignore_ament_install']
[0.434s] Level 1:colcon.colcon_core.package_identification:_identify(src) by extension 'ignore'
[0.434s] Level 1:colcon.colcon_core.package_identification:_identify(src) by extension 'ignore_ament_install'
[0.435s] Level 1:colcon.colcon_core.package_identification:_identify(src) by extensions ['colcon_pkg']
[0.435s] Level 1:colcon.colcon_core.package_identification:_identify(src) by extension 'colcon_pkg'
[0.435s] Level 1:colcon.colcon_core.package_identification:_identify(src) by extensions ['colcon_meta']
[0.435s] Level 1:colcon.colcon_core.package_identification:_identify(src) by extension 'colcon_meta'
[0.436s] Level 1:colcon.colcon_core.package_identification:_identify(src) by extensions ['ros']
[0.436s] Level 1:colcon.colcon_core.package_identification:_identify(src) by extension 'ros'
[0.438s] Level 1:colcon.colcon_core.package_identification:_identify(src) by extensions ['cmake', 'python']
[0.438s] Level 1:colcon.colcon_core.package_identification:_identify(src) by extension 'cmake'
[0.439s] Level 1:colcon.colcon_core.package_identification:_identify(src) by extension 'python'
[0.439s] Level 1:colcon.colcon_core.package_identification:_identify(src) by extensions ['python_setup_py']
[0.440s] Level 1:colcon.colcon_core.package_identification:_identify(src) by extension 'python_setup_py'
[0.441s] Level 1:colcon.colcon_core.package_identification:_identify(src/racademy_cpp_examples) by extensions ['ignore', 'ignore_ament_install']
[0.441s] Level 1:colcon.colcon_core.package_identification:_identify(src/racademy_cpp_examples) by extension 'ignore'
[0.441s] Level 1:colcon.colcon_core.package_identification:_identify(src/racademy_cpp_examples) by extension 'ignore_ament_install'
[0.443s] Level 1:colcon.colcon_core.package_identification:_identify(src/racademy_cpp_examples) by extensions ['colcon_pkg']
[0.443s] Level 1:colcon.colcon_core.package_identification:_identify(src/racademy_cpp_examples) by extension 'colcon_pkg'
[0.444s] Level 1:colcon.colcon_core.package_identification:_identify(src/racademy_cpp_examples) by extensions ['colcon_meta']
[0.445s] Level 1:colcon.colcon_core.package_identification:_identify(src/racademy_cpp_examples) by extension 'colcon_meta'
[0.445s] Level 1:colcon.colcon_core.package_identification:_identify(src/racademy_cpp_examples) by extensions ['ros']
[0.446s] Level 1:colcon.colcon_core.package_identification:_identify(src/racademy_cpp_examples) by extension 'ros'
[0.450s] DEBUG:colcon.colcon_core.package_identification:Package 'src/racademy_cpp_examples' with type 'ros.ament_cmake' and name 'racademy_cpp_examples'
[0.451s] Level 1:colcon.colcon_core.package_identification:_identify(src/racademy_description) by extensions ['ignore', 'ignore_ament_install']
[0.451s] Level 1:colcon.colcon_core.package_identification:_identify(src/racademy_description) by extension 'ignore'
[0.451s] Level 1:colcon.colcon_core.package_identification:_identify(src/racademy_description) by extension 'ignore_ament_install'
[0.452s] Level 1:colcon.colcon_core.package_identification:_identify(src/racademy_description) by extensions ['colcon_pkg']
[0.452s] Level 1:colcon.colcon_core.package_identification:_identify(src/racademy_description) by extension 'colcon_pkg'
[0.452s] Level 1:colcon.colcon_core.package_identification:_identify(src/racademy_description) by extensions ['colcon_meta']
[0.452s] Level 1:colcon.colcon_core.package_identification:_identify(src/racademy_description) by extension 'colcon_meta'
[0.453s] Level 1:colcon.colcon_core.package_identification:_identify(src/racademy_description) by extensions ['ros']
[0.456s] Level 1:colcon.colcon_core.package_identification:_identify(src/racademy_description) by extension 'ros'
[0.458s] DEBUG:colcon.colcon_core.package_identification:Package 'src/racademy_description' with type 'ros.ament_cmake' and name 'racademy_description'
[0.460s] Level 1:colcon.colcon_core.package_identification:_identify(src/racademy_py_examples) by extensions ['ignore', 'ignore_ament_install']
[0.461s] Level 1:colcon.colcon_core.package_identification:_identify(src/racademy_py_examples) by extension 'ignore'
[0.461s] Level 1:colcon.colcon_core.package_identification:_identify(src/racademy_py_examples) by extension 'ignore_ament_install'
[0.461s] Level 1:colcon.colcon_core.package_identification:_identify(src/racademy_py_examples) by extensions ['colcon_pkg']
[0.461s] Level 1:colcon.colcon_core.package_identification:_identify(src/racademy_py_examples) by extension 'colcon_pkg'
[0.462s] Level 1:colcon.colcon_core.package_identification:_identify(src/racademy_py_examples) by extensions ['colcon_meta']
[0.462s] Level 1:colcon.colcon_core.package_identification:_identify(src/racademy_py_examples) by extension 'colcon_meta'
[0.462s] Level 1:colcon.colcon_core.package_identification:_identify(src/racademy_py_examples) by extensions ['ros']
[0.462s] Level 1:colcon.colcon_core.package_identification:_identify(src/racademy_py_examples) by extension 'ros'
[0.464s] DEBUG:colcon.colcon_core.package_identification:Package 'src/racademy_py_examples' with type 'ros.ament_python' and name 'racademy_py_examples'
[0.464s] Level 1:colcon.colcon_core.package_discovery:discover_packages(recursive) using defaults
[0.464s] Level 1:colcon.colcon_core.package_discovery:discover_packages(ignore) discover
[0.464s] Level 1:colcon.colcon_core.package_discovery:discover_packages(ignore) using defaults
[0.464s] Level 1:colcon.colcon_core.package_discovery:discover_packages(path) discover
[0.464s] Level 1:colcon.colcon_core.package_discovery:discover_packages(path) using defaults
[0.509s] Level 1:colcon.colcon_core.package_discovery:discover_packages(prefix_path) check parameters
[0.509s] Level 1:colcon.colcon_core.package_discovery:discover_packages(prefix_path) discover
[0.514s] DEBUG:colcon.colcon_installed_package_information.package_discovery:Found 393 installed packages in /opt/ros/humble
[0.517s] Level 1:colcon.colcon_core.package_discovery:discover_packages(prefix_path) using defaults
[0.584s] Level 5:colcon.colcon_core.verb:set package 'racademy_cpp_examples' build argument 'cmake_args' from command line to 'None'
[0.584s] Level 5:colcon.colcon_core.verb:set package 'racademy_cpp_examples' build argument 'cmake_target' from command line to 'None'
[0.585s] Level 5:colcon.colcon_core.verb:set package 'racademy_cpp_examples' build argument 'cmake_target_skip_unavailable' from command line to 'False'
[0.585s] Level 5:colcon.colcon_core.verb:set package 'racademy_cpp_examples' build argument 'cmake_clean_cache' from command line to 'False'
[0.585s] Level 5:colcon.colcon_core.verb:set package 'racademy_cpp_examples' build argument 'cmake_clean_first' from command line to 'False'
[0.585s] Level 5:colcon.colcon_core.verb:set package 'racademy_cpp_examples' build argument 'cmake_force_configure' from command line to 'False'
[0.586s] Level 5:colcon.colcon_core.verb:set package 'racademy_cpp_examples' build argument 'ament_cmake_args' from command line to 'None'
[0.586s] Level 5:colcon.colcon_core.verb:set package 'racademy_cpp_examples' build argument 'catkin_cmake_args' from command line to 'None'
[0.586s] Level 5:colcon.colcon_core.verb:set package 'racademy_cpp_examples' build argument 'catkin_skip_building_tests' from command line to 'False'
[0.587s] DEBUG:colcon.colcon_core.verb:Building package 'racademy_cpp_examples' with the following arguments: {'ament_cmake_args': None, 'build_base': '/github/racademy_ws/build/racademy_cpp_examples', 'catkin_cmake_args': None, 'catkin_skip_building_tests': False, 'cmake_args': None, 'cmake_clean_cache': False, 'cmake_clean_first': False, 'cmake_force_configure': False, 'cmake_target': None, 'cmake_target_skip_unavailable': False, 'install_base': '/github/racademy_ws/install/racademy_cpp_examples', 'merge_install': False, 'path': '/github/racademy_ws/src/racademy_cpp_examples', 'symlink_install': False, 'test_result_base': None}
[0.588s] Level 5:colcon.colcon_core.verb:set package 'racademy_description' build argument 'cmake_args' from command line to 'None'
[0.588s] Level 5:colcon.colcon_core.verb:set package 'racademy_description' build argument 'cmake_target' from command line to 'None'
[0.588s] Level 5:colcon.colcon_core.verb:set package 'racademy_description' build argument 'cmake_target_skip_unavailable' from command line to 'False'
[0.588s] Level 5:colcon.colcon_core.verb:set package 'racademy_description' build argument 'cmake_clean_cache' from command line to 'False'
[0.589s] Level 5:colcon.colcon_core.verb:set package 'racademy_description' build argument 'cmake_clean_first' from command line to 'False'
[0.589s] Level 5:colcon.colcon_core.verb:set package 'racademy_description' build argument 'cmake_force_configure' from command line to 'False'
[0.589s] Level 5:colcon.colcon_core.verb:set package 'racademy_description' build argument 'ament_cmake_args' from command line to 'None'
[0.589s] Level 5:colcon.colcon_core.verb:set package 'racademy_description' build argument 'catkin_cmake_args' from command line to 'None'
[0.590s] Level 5:colcon.colcon_core.verb:set package 'racademy_description' build argument 'catkin_skip_building_tests' from command line to 'False'
[0.590s] DEBUG:colcon.colcon_core.verb:Building package 'racademy_description' with the following arguments: {'ament_cmake_args': None, 'build_base': '/github/racademy_ws/build/racademy_description', 'catkin_cmake_args': None, 'catkin_skip_building_tests': False, 'cmake_args': None, 'cmake_clean_cache': False, 'cmake_clean_first': False, 'cmake_force_configure': False, 'cmake_target': None, 'cmake_target_skip_unavailable': False, 'install_base': '/github/racademy_ws/install/racademy_description', 'merge_install': False, 'path': '/github/racademy_ws/src/racademy_description', 'symlink_install': False, 'test_result_base': None}
[0.590s] Level 5:colcon.colcon_core.verb:set package 'racademy_py_examples' build argument 'cmake_args' from command line to 'None'
[0.591s] Level 5:colcon.colcon_core.verb:set package 'racademy_py_examples' build argument 'cmake_target' from command line to 'None'
[0.591s] Level 5:colcon.colcon_core.verb:set package 'racademy_py_examples' build argument 'cmake_target_skip_unavailable' from command line to 'False'
[0.591s] Level 5:colcon.colcon_core.verb:set package 'racademy_py_examples' build argument 'cmake_clean_cache' from command line to 'False'
[0.591s] Level 5:colcon.colcon_core.verb:set package 'racademy_py_examples' build argument 'cmake_clean_first' from command line to 'False'
[0.592s] Level 5:colcon.colcon_core.verb:set package 'racademy_py_examples' build argument 'cmake_force_configure' from command line to 'False'
[0.592s] Level 5:colcon.colcon_core.verb:set package 'racademy_py_examples' build argument 'ament_cmake_args' from command line to 'None'
[0.592s] Level 5:colcon.colcon_core.verb:set package 'racademy_py_examples' build argument 'catkin_cmake_args' from command line to 'None'
[0.592s] Level 5:colcon.colcon_core.verb:set package 'racademy_py_examples' build argument 'catkin_skip_building_tests' from command line to 'False'
[0.592s] DEBUG:colcon.colcon_core.verb:Building package 'racademy_py_examples' with the following arguments: {'ament_cmake_args': None, 'build_base': '/github/racademy_ws/build/racademy_py_examples', 'catkin_cmake_args': None, 'catkin_skip_building_tests': False, 'cmake_args': None, 'cmake_clean_cache': False, 'cmake_clean_first': False, 'cmake_force_configure': False, 'cmake_target': None, 'cmake_target_skip_unavailable': False, 'install_base': '/github/racademy_ws/install/racademy_py_examples', 'merge_install': False, 'path': '/github/racademy_ws/src/racademy_py_examples', 'symlink_install': False, 'test_result_base': None}
[0.594s] INFO:colcon.colcon_core.executor:Executing jobs using 'parallel' executor
[0.596s] DEBUG:colcon.colcon_parallel_executor.executor.parallel:run_until_complete
[0.597s] INFO:colcon.colcon_ros.task.ament_cmake.build:Building ROS package in '/github/racademy_ws/src/racademy_cpp_examples' with build type 'ament_cmake'
[0.597s] INFO:colcon.colcon_cmake.task.cmake.build:Building CMake package in '/github/racademy_ws/src/racademy_cpp_examples'
[0.603s] INFO:colcon.colcon_core.plugin_system:Skipping extension 'colcon_core.shell.bat': Not used on non-Windows systems
[0.604s] INFO:colcon.colcon_core.shell:Skip shell extension 'powershell' for command environment: Not usable outside of PowerShell
[0.604s] DEBUG:colcon.colcon_core.shell:Skip shell extension 'dsv' for command environment
[0.613s] INFO:colcon.colcon_ros.task.ament_cmake.build:Building ROS package in '/github/racademy_ws/src/racademy_description' with build type 'ament_cmake'
[0.613s] INFO:colcon.colcon_cmake.task.cmake.build:Building CMake package in '/github/racademy_ws/src/racademy_description'
[0.614s] INFO:colcon.colcon_core.shell:Skip shell extension 'powershell' for command environment: Not usable outside of PowerShell
[0.614s] DEBUG:colcon.colcon_core.shell:Skip shell extension 'dsv' for command environment
[0.620s] INFO:colcon.colcon_ros.task.ament_python.build:Building ROS package in '/github/racademy_ws/src/racademy_py_examples' with build type 'ament_python'
[0.620s] Level 1:colcon.colcon_core.shell:create_environment_hook('racademy_py_examples', 'ament_prefix_path')
[0.621s] INFO:colcon.colcon_core.shell:Creating environment hook '/github/racademy_ws/install/racademy_py_examples/share/racademy_py_examples/hook/ament_prefix_path.ps1'
[0.623s] INFO:colcon.colcon_core.shell:Creating environment descriptor '/github/racademy_ws/install/racademy_py_examples/share/racademy_py_examples/hook/ament_prefix_path.dsv'
[0.626s] INFO:colcon.colcon_core.shell:Creating environment hook '/github/racademy_ws/install/racademy_py_examples/share/racademy_py_examples/hook/ament_prefix_path.sh'
[0.629s] INFO:colcon.colcon_core.shell:Skip shell extension 'powershell' for command environment: Not usable outside of PowerShell
[0.629s] DEBUG:colcon.colcon_core.shell:Skip shell extension 'dsv' for command environment
[0.651s] DEBUG:colcon.colcon_core.event_handler.log_command:Invoking command in '/github/racademy_ws/build/racademy_cpp_examples': CMAKE_PREFIX_PATH=/opt/ros/humble /usr/bin/cmake --build /github/racademy_ws/build/racademy_cpp_examples -- -j8 -l8
[0.667s] DEBUG:colcon.colcon_core.event_handler.log_command:Invoking command in '/github/racademy_ws/build/racademy_description': CMAKE_PREFIX_PATH=/opt/ros/humble /usr/bin/cmake --build /github/racademy_ws/build/racademy_description -- -j8 -l8
[1.074s] INFO:colcon.colcon_core.task.python.build:Building Python package in '/github/racademy_ws/src/racademy_py_examples'
[1.076s] INFO:colcon.colcon_core.shell:Skip shell extension 'powershell' for command environment: Not usable outside of PowerShell
[1.077s] DEBUG:colcon.colcon_core.shell:Skip shell extension 'dsv' for command environment
[1.089s] DEBUG:colcon.colcon_core.event_handler.log_command:Invoked command in '/github/racademy_ws/build/racademy_cpp_examples' returned '0': CMAKE_PREFIX_PATH=/opt/ros/humble /usr/bin/cmake --build /github/racademy_ws/build/racademy_cpp_examples -- -j8 -l8
[1.112s] DEBUG:colcon.colcon_core.event_handler.log_command:Invoking command in '/github/racademy_ws/build/racademy_cpp_examples': CMAKE_PREFIX_PATH=/opt/ros/humble /usr/bin/cmake --install /github/racademy_ws/build/racademy_cpp_examples
[1.114s] DEBUG:colcon.colcon_core.event_handler.log_command:Invoked command in '/github/racademy_ws/build/racademy_description' returned '0': CMAKE_PREFIX_PATH=/opt/ros/humble /usr/bin/cmake --build /github/racademy_ws/build/racademy_description -- -j8 -l8
[1.121s] DEBUG:colcon.colcon_core.event_handler.log_command:Invoking command in '/github/racademy_ws/build/racademy_description': CMAKE_PREFIX_PATH=/opt/ros/humble /usr/bin/cmake --install /github/racademy_ws/build/racademy_description
[1.188s] Level 1:colcon.colcon_core.environment:create_environment_scripts_only(racademy_description)
[1.194s] Level 1:colcon.colcon_core.environment:checking '/github/racademy_ws/install/racademy_description' for CMake module files
[1.199s] DEBUG:colcon.colcon_core.event_handler.log_command:Invoked command in '/github/racademy_ws/build/racademy_description' returned '0': CMAKE_PREFIX_PATH=/opt/ros/humble /usr/bin/cmake --install /github/racademy_ws/build/racademy_description
[1.200s] Level 1:colcon.colcon_core.environment:checking '/github/racademy_ws/install/racademy_description' for CMake config files
[1.204s] Level 1:colcon.colcon_core.shell:create_environment_hook('racademy_description', 'cmake_prefix_path')
[1.205s] INFO:colcon.colcon_core.shell:Creating environment hook '/github/racademy_ws/install/racademy_description/share/racademy_description/hook/cmake_prefix_path.ps1'
[1.206s] INFO:colcon.colcon_core.shell:Creating environment descriptor '/github/racademy_ws/install/racademy_description/share/racademy_description/hook/cmake_prefix_path.dsv'
[1.208s] INFO:colcon.colcon_core.shell:Creating environment hook '/github/racademy_ws/install/racademy_description/share/racademy_description/hook/cmake_prefix_path.sh'
[1.212s] Level 1:colcon.colcon_core.environment:checking '/github/racademy_ws/install/racademy_description/bin'
[1.213s] Level 1:colcon.colcon_core.environment:checking '/github/racademy_ws/install/racademy_description/lib/pkgconfig/racademy_description.pc'
[1.214s] Level 1:colcon.colcon_core.environment:checking '/github/racademy_ws/install/racademy_description/lib/python3.10/site-packages'
[1.215s] Level 1:colcon.colcon_core.environment:checking '/github/racademy_ws/install/racademy_description/bin'
[1.215s] INFO:colcon.colcon_core.shell:Creating package script '/github/racademy_ws/install/racademy_description/share/racademy_description/package.ps1'
[1.217s] INFO:colcon.colcon_core.shell:Creating package descriptor '/github/racademy_ws/install/racademy_description/share/racademy_description/package.dsv'
[1.219s] INFO:colcon.colcon_core.shell:Creating package script '/github/racademy_ws/install/racademy_description/share/racademy_description/package.sh'
[1.221s] INFO:colcon.colcon_core.shell:Creating package script '/github/racademy_ws/install/racademy_description/share/racademy_description/package.bash'
[1.223s] INFO:colcon.colcon_core.shell:Creating package script '/github/racademy_ws/install/racademy_description/share/racademy_description/package.zsh'
[1.225s] Level 1:colcon.colcon_core.environment:create_file_with_runtime_dependencies(/github/racademy_ws/install/racademy_description/share/colcon-core/packages/racademy_description)
[1.228s] Level 1:colcon.colcon_core.environment:create_environment_scripts_only(racademy_description)
[1.228s] Level 1:colcon.colcon_core.environment:checking '/github/racademy_ws/install/racademy_description' for CMake module files
[1.231s] Level 1:colcon.colcon_core.environment:checking '/github/racademy_ws/install/racademy_description' for CMake config files
[1.235s] Level 1:colcon.colcon_core.shell:create_environment_hook('racademy_description', 'cmake_prefix_path')
[1.235s] INFO:colcon.colcon_core.shell:Creating environment hook '/github/racademy_ws/install/racademy_description/share/racademy_description/hook/cmake_prefix_path.ps1'
[1.236s] INFO:colcon.colcon_core.shell:Creating environment descriptor '/github/racademy_ws/install/racademy_description/share/racademy_description/hook/cmake_prefix_path.dsv'
[1.237s] INFO:colcon.colcon_core.shell:Creating environment hook '/github/racademy_ws/install/racademy_description/share/racademy_description/hook/cmake_prefix_path.sh'
[1.239s] Level 1:colcon.colcon_core.environment:checking '/github/racademy_ws/install/racademy_description/bin'
[1.239s] Level 1:colcon.colcon_core.environment:checking '/github/racademy_ws/install/racademy_description/lib/pkgconfig/racademy_description.pc'
[1.239s] Level 1:colcon.colcon_core.environment:checking '/github/racademy_ws/install/racademy_description/lib/python3.10/site-packages'
[1.241s] Level 1:colcon.colcon_core.environment:checking '/github/racademy_ws/install/racademy_description/bin'
[1.242s] INFO:colcon.colcon_core.shell:Creating package script '/github/racademy_ws/install/racademy_description/share/racademy_description/package.ps1'
[1.243s] INFO:colcon.colcon_core.shell:Creating package descriptor '/github/racademy_ws/install/racademy_description/share/racademy_description/package.dsv'
[1.245s] INFO:colcon.colcon_core.shell:Creating package script '/github/racademy_ws/install/racademy_description/share/racademy_description/package.sh'
[1.247s] INFO:colcon.colcon_core.shell:Creating package script '/github/racademy_ws/install/racademy_description/share/racademy_description/package.bash'
[1.248s] INFO:colcon.colcon_core.shell:Creating package script '/github/racademy_ws/install/racademy_description/share/racademy_description/package.zsh'
[1.250s] Level 1:colcon.colcon_core.environment:create_file_with_runtime_dependencies(/github/racademy_ws/install/racademy_description/share/colcon-core/packages/racademy_description)
[1.252s] Level 1:colcon.colcon_core.environment:create_environment_scripts_only(racademy_cpp_examples)
[1.252s] Level 1:colcon.colcon_core.environment:checking '/github/racademy_ws/install/racademy_cpp_examples' for CMake module files
[1.255s] DEBUG:colcon.colcon_core.event_handler.log_command:Invoked command in '/github/racademy_ws/build/racademy_cpp_examples' returned '0': CMAKE_PREFIX_PATH=/opt/ros/humble /usr/bin/cmake --install /github/racademy_ws/build/racademy_cpp_examples
[1.260s] Level 1:colcon.colcon_core.environment:checking '/github/racademy_ws/install/racademy_cpp_examples' for CMake config files
[1.264s] Level 1:colcon.colcon_core.shell:create_environment_hook('racademy_cpp_examples', 'cmake_prefix_path')
[1.264s] INFO:colcon.colcon_core.shell:Creating environment hook '/github/racademy_ws/install/racademy_cpp_examples/share/racademy_cpp_examples/hook/cmake_prefix_path.ps1'
[1.267s] INFO:colcon.colcon_core.shell:Creating environment descriptor '/github/racademy_ws/install/racademy_cpp_examples/share/racademy_cpp_examples/hook/cmake_prefix_path.dsv'
[1.270s] INFO:colcon.colcon_core.shell:Creating environment hook '/github/racademy_ws/install/racademy_cpp_examples/share/racademy_cpp_examples/hook/cmake_prefix_path.sh'
[1.274s] Level 1:colcon.colcon_core.environment:checking '/github/racademy_ws/install/racademy_cpp_examples/bin'
[1.275s] Level 1:colcon.colcon_core.environment:checking '/github/racademy_ws/install/racademy_cpp_examples/lib/pkgconfig/racademy_cpp_examples.pc'
[1.275s] Level 1:colcon.colcon_core.environment:checking '/github/racademy_ws/install/racademy_cpp_examples/lib/python3.10/site-packages'
[1.276s] Level 1:colcon.colcon_core.environment:checking '/github/racademy_ws/install/racademy_cpp_examples/bin'
[1.277s] INFO:colcon.colcon_core.shell:Creating package script '/github/racademy_ws/install/racademy_cpp_examples/share/racademy_cpp_examples/package.ps1'
[1.279s] INFO:colcon.colcon_core.shell:Creating package descriptor '/github/racademy_ws/install/racademy_cpp_examples/share/racademy_cpp_examples/package.dsv'
[1.281s] INFO:colcon.colcon_core.shell:Creating package script '/github/racademy_ws/install/racademy_cpp_examples/share/racademy_cpp_examples/package.sh'
[1.283s] INFO:colcon.colcon_core.shell:Creating package script '/github/racademy_ws/install/racademy_cpp_examples/share/racademy_cpp_examples/package.bash'
[1.284s] INFO:colcon.colcon_core.shell:Creating package script '/github/racademy_ws/install/racademy_cpp_examples/share/racademy_cpp_examples/package.zsh'
[1.285s] Level 1:colcon.colcon_core.environment:create_file_with_runtime_dependencies(/github/racademy_ws/install/racademy_cpp_examples/share/colcon-core/packages/racademy_cpp_examples)
[1.287s] Level 1:colcon.colcon_core.environment:create_environment_scripts_only(racademy_cpp_examples)
[1.288s] Level 1:colcon.colcon_core.environment:checking '/github/racademy_ws/install/racademy_cpp_examples' for CMake module files
[1.290s] Level 1:colcon.colcon_core.environment:checking '/github/racademy_ws/install/racademy_cpp_examples' for CMake config files
[1.296s] Level 1:colcon.colcon_core.shell:create_environment_hook('racademy_cpp_examples', 'cmake_prefix_path')
[1.297s] INFO:colcon.colcon_core.shell:Creating environment hook '/github/racademy_ws/install/racademy_cpp_examples/share/racademy_cpp_examples/hook/cmake_prefix_path.ps1'
[1.299s] INFO:colcon.colcon_core.shell:Creating environment descriptor '/github/racademy_ws/install/racademy_cpp_examples/share/racademy_cpp_examples/hook/cmake_prefix_path.dsv'
[1.305s] INFO:colcon.colcon_core.shell:Creating environment hook '/github/racademy_ws/install/racademy_cpp_examples/share/racademy_cpp_examples/hook/cmake_prefix_path.sh'
[1.312s] Level 1:colcon.colcon_core.environment:checking '/github/racademy_ws/install/racademy_cpp_examples/bin'
[1.313s] Level 1:colcon.colcon_core.environment:checking '/github/racademy_ws/install/racademy_cpp_examples/lib/pkgconfig/racademy_cpp_examples.pc'
[1.313s] Level 1:colcon.colcon_core.environment:checking '/github/racademy_ws/install/racademy_cpp_examples/lib/python3.10/site-packages'
[1.314s] Level 1:colcon.colcon_core.environment:checking '/github/racademy_ws/install/racademy_cpp_examples/bin'
[1.315s] INFO:colcon.colcon_core.shell:Creating package script '/github/racademy_ws/install/racademy_cpp_examples/share/racademy_cpp_examples/package.ps1'
[1.317s] INFO:colcon.colcon_core.shell:Creating package descriptor '/github/racademy_ws/install/racademy_cpp_examples/share/racademy_cpp_examples/package.dsv'
[1.319s] INFO:colcon.colcon_core.shell:Creating package script '/github/racademy_ws/install/racademy_cpp_examples/share/racademy_cpp_examples/package.sh'
[1.321s] INFO:colcon.colcon_core.shell:Creating package script '/github/racademy_ws/install/racademy_cpp_examples/share/racademy_cpp_examples/package.bash'
[1.323s] INFO:colcon.colcon_core.shell:Creating package script '/github/racademy_ws/install/racademy_cpp_examples/share/racademy_cpp_examples/package.zsh'
[1.327s] Level 1:colcon.colcon_core.environment:create_file_with_runtime_dependencies(/github/racademy_ws/install/racademy_cpp_examples/share/colcon-core/packages/racademy_cpp_examples)
[1.712s] DEBUG:colcon.colcon_core.event_handler.log_command:Invoking command in '/github/racademy_ws/src/racademy_py_examples': PYTHONPATH=/github/racademy_ws/build/racademy_py_examples/prefix_override:/usr/lib/python3/dist-packages/colcon_core/task/python/colcon_distutils_commands:/github/racademy_ws/install/racademy_py_examples/lib/python3.10/site-packages:${PYTHONPATH} /usr/bin/python3 -W ignore:setup.py install is deprecated -W ignore:easy_install command is deprecated setup.py egg_info --egg-base ../../build/racademy_py_examples build --build-base /github/racademy_ws/build/racademy_py_examples/build install --record /github/racademy_ws/build/racademy_py_examples/install.log --single-version-externally-managed install_data
[2.196s] Level 1:colcon.colcon_core.environment:checking '/github/racademy_ws/install/racademy_py_examples' for CMake module files
[2.198s] DEBUG:colcon.colcon_core.event_handler.log_command:Invoked command in '/github/racademy_ws/src/racademy_py_examples' returned '0': PYTHONPATH=/github/racademy_ws/build/racademy_py_examples/prefix_override:/usr/lib/python3/dist-packages/colcon_core/task/python/colcon_distutils_commands:/github/racademy_ws/install/racademy_py_examples/lib/python3.10/site-packages:${PYTHONPATH} /usr/bin/python3 -W ignore:setup.py install is deprecated -W ignore:easy_install command is deprecated setup.py egg_info --egg-base ../../build/racademy_py_examples build --build-base /github/racademy_ws/build/racademy_py_examples/build install --record /github/racademy_ws/build/racademy_py_examples/install.log --single-version-externally-managed install_data
[2.201s] Level 1:colcon.colcon_core.environment:checking '/github/racademy_ws/install/racademy_py_examples' for CMake config files
[2.206s] Level 1:colcon.colcon_core.environment:checking '/github/racademy_ws/install/racademy_py_examples/lib'
[2.207s] Level 1:colcon.colcon_core.environment:checking '/github/racademy_ws/install/racademy_py_examples/bin'
[2.207s] Level 1:colcon.colcon_core.environment:checking '/github/racademy_ws/install/racademy_py_examples/lib/pkgconfig/racademy_py_examples.pc'
[2.208s] Level 1:colcon.colcon_core.environment:checking '/github/racademy_ws/install/racademy_py_examples/lib/python3.10/site-packages'
[2.208s] Level 1:colcon.colcon_core.shell:create_environment_hook('racademy_py_examples', 'pythonpath')
[2.209s] INFO:colcon.colcon_core.shell:Creating environment hook '/github/racademy_ws/install/racademy_py_examples/share/racademy_py_examples/hook/pythonpath.ps1'
[2.211s] INFO:colcon.colcon_core.shell:Creating environment descriptor '/github/racademy_ws/install/racademy_py_examples/share/racademy_py_examples/hook/pythonpath.dsv'
[2.213s] INFO:colcon.colcon_core.shell:Creating environment hook '/github/racademy_ws/install/racademy_py_examples/share/racademy_py_examples/hook/pythonpath.sh'
[2.214s] Level 1:colcon.colcon_core.environment:checking '/github/racademy_ws/install/racademy_py_examples/bin'
[2.215s] Level 1:colcon.colcon_core.environment:create_environment_scripts_only(racademy_py_examples)
[2.215s] INFO:colcon.colcon_core.shell:Creating package script '/github/racademy_ws/install/racademy_py_examples/share/racademy_py_examples/package.ps1'
[2.216s] INFO:colcon.colcon_core.shell:Creating package descriptor '/github/racademy_ws/install/racademy_py_examples/share/racademy_py_examples/package.dsv'
[2.217s] INFO:colcon.colcon_core.shell:Creating package script '/github/racademy_ws/install/racademy_py_examples/share/racademy_py_examples/package.sh'
[2.218s] INFO:colcon.colcon_core.shell:Creating package script '/github/racademy_ws/install/racademy_py_examples/share/racademy_py_examples/package.bash'
[2.219s] INFO:colcon.colcon_core.shell:Creating package script '/github/racademy_ws/install/racademy_py_examples/share/racademy_py_examples/package.zsh'
[2.221s] Level 1:colcon.colcon_core.environment:create_file_with_runtime_dependencies(/github/racademy_ws/install/racademy_py_examples/share/colcon-core/packages/racademy_py_examples)
[2.222s] DEBUG:colcon.colcon_parallel_executor.executor.parallel:closing loop
[2.223s] DEBUG:colcon.colcon_parallel_executor.executor.parallel:loop closed
[2.223s] DEBUG:colcon.colcon_parallel_executor.executor.parallel:run_until_complete finished with '0'
[2.223s] DEBUG:colcon.colcon_core.event_reactor:joining thread
[2.232s] INFO:colcon.colcon_core.plugin_system:Skipping extension 'colcon_notification.desktop_notification.terminal_notifier': Not used on non-Darwin systems
[2.233s] INFO:colcon.colcon_core.plugin_system:Skipping extension 'colcon_notification.desktop_notification.win32': Not used on non-Windows systems
[2.233s] INFO:colcon.colcon_notification.desktop_notification:Sending desktop notification using 'notify2'
[2.428s] DEBUG:colcon.colcon_core.event_reactor:joined thread
[2.429s] INFO:colcon.colcon_core.shell:Creating prefix script '/github/racademy_ws/install/local_setup.ps1'
[2.433s] INFO:colcon.colcon_core.shell:Creating prefix util module '/github/racademy_ws/install/_local_setup_util_ps1.py'
[2.437s] INFO:colcon.colcon_core.shell:Creating prefix chain script '/github/racademy_ws/install/setup.ps1'
[2.441s] INFO:colcon.colcon_core.shell:Creating prefix script '/github/racademy_ws/install/local_setup.sh'
[2.443s] INFO:colcon.colcon_core.shell:Creating prefix util module '/github/racademy_ws/install/_local_setup_util_sh.py'
[2.445s] INFO:colcon.colcon_core.shell:Creating prefix chain script '/github/racademy_ws/install/setup.sh'
[2.448s] INFO:colcon.colcon_core.shell:Creating prefix script '/github/racademy_ws/install/local_setup.bash'
[2.449s] INFO:colcon.colcon_core.shell:Creating prefix chain script '/github/racademy_ws/install/setup.bash'
[2.453s] INFO:colcon.colcon_core.shell:Creating prefix script '/github/racademy_ws/install/local_setup.zsh'
[2.456s] INFO:colcon.colcon_core.shell:Creating prefix chain script '/github/racademy_ws/install/setup.zsh'
