[0.524s] Invoking command in '/github/racademy_ws/build/racademy_description': CMAKE_PREFIX_PATH=/opt/ros/humble /usr/bin/cmake --build /github/racademy_ws/build/racademy_description -- -j8 -l8
[0.584s] -- Found ament_cmake: 1.3.14 (/opt/ros/humble/share/ament_cmake/cmake)
[0.828s] -- Override CMake install command with custom implementation using symlinks instead of copying resources
[0.898s] -- Found ament_lint_auto: 0.12.15 (/opt/ros/humble/share/ament_lint_auto/cmake)
[1.161s] -- Added test 'flake8' to check Python code syntax and style conventions
[1.176s] -- Added test 'lint_cmake' to check CMake code style
[1.180s] -- Added test 'pep257' to check Python code against some of the docstring style conventions in PEP 257
[1.229s] -- Added test 'xmllint' to check XML markup files
[1.249s] -- Configuring done
[1.294s] -- Generating done
[1.331s] -- Build files have been written to: /github/racademy_ws/build/racademy_description
[1.368s] Invoked command in '/github/racademy_ws/build/racademy_description' returned '0': CMAKE_PREFIX_PATH=/opt/ros/humble /usr/bin/cmake --build /github/racademy_ws/build/racademy_description -- -j8 -l8
[1.386s] Invoking command in '/github/racademy_ws/build/racademy_description': CMAKE_PREFIX_PATH=/opt/ros/humble /usr/bin/cmake --install /github/racademy_ws/build/racademy_description
[1.396s] -- Install configuration: ""
[1.398s] -- Execute custom install script
[1.402s] -- Up-to-date symlink: /github/racademy_ws/install/racademy_description/share/racademy_description/meshes/README.MD
[1.407s] -- Up-to-date symlink: /github/racademy_ws/install/racademy_description/share/racademy_description/meshes/duckiebotFrame.dae
[1.413s] -- Up-to-date symlink: /github/racademy_ws/install/racademy_description/share/racademy_description/meshes/duckiebot_camera.dae
[1.414s] -- Up-to-date symlink: /github/racademy_ws/install/racademy_description/share/racademy_description/meshes/duckiebot_computer.dae
[1.416s] -- Up-to-date symlink: /github/racademy_ws/install/racademy_description/share/racademy_description/meshes/duckiebot_frame_full.dae
[1.418s] -- Up-to-date symlink: /github/racademy_ws/install/racademy_description/share/racademy_description/meshes/duckiebot_frame_only.dae
[1.420s] -- Up-to-date symlink: /github/racademy_ws/install/racademy_description/share/racademy_description/meshes/duckiebot_leftwheel.dae
[1.423s] -- Up-to-date symlink: /github/racademy_ws/install/racademy_description/share/racademy_description/meshes/duckiebot_rightwheel.dae
[1.426s] -- Up-to-date symlink: /github/racademy_ws/install/racademy_description/share/racademy_description/urdf/racademy.urdf.xacro
[1.429s] -- Symlinking: /github/racademy_ws/install/racademy_description/share/racademy_description/launch/display.launch.py
[1.449s] [31mCMake Error at ament_cmake_symlink_install/ament_cmake_symlink_install.cmake:105 (message):
[1.453s]   ament_cmake_symlink_install_directory() can't find
[1.458s]   '/github/racademy_ws/src/racademy_description/rviz'
[1.461s] Call Stack (most recent call first):
[1.467s]   ament_cmake_symlink_install/ament_cmake_symlink_install.cmake:319 (ament_cmake_symlink_install_directory)
[1.469s]   cmake_install.cmake:46 (include)
[1.473s] 
[1.476s] [0m
[1.481s] Invoked command in '/github/racademy_ws/build/racademy_description' returned '1': CMAKE_PREFIX_PATH=/opt/ros/humble /usr/bin/cmake --install /github/racademy_ws/build/racademy_description
