[0.133s] Invoking command in '/github/racademy_ws/build/learning_tf2_cpp': CMAKE_PREFIX_PATH=${CMAKE_PREFIX_PATH}:/github/racademy_ws/install/racademy_py_examples:/github/racademy_ws/install/learning_tf2_py:/opt/ros/humble /usr/bin/cmake --build /github/racademy_ws/build/learning_tf2_cpp -- -j8 -l8
[1.026s] Invoked command in '/github/racademy_ws/build/learning_tf2_cpp' returned '0': CMAKE_PREFIX_PATH=${CMAKE_PREFIX_PATH}:/github/racademy_ws/install/racademy_py_examples:/github/racademy_ws/install/learning_tf2_py:/opt/ros/humble /usr/bin/cmake --build /github/racademy_ws/build/learning_tf2_cpp -- -j8 -l8
[1.051s] Invoking command in '/github/racademy_ws/build/learning_tf2_cpp': CMAKE_PREFIX_PATH=${CMAKE_PREFIX_PATH}:/github/racademy_ws/install/racademy_py_examples:/github/racademy_ws/install/learning_tf2_py:/opt/ros/humble /usr/bin/cmake --install /github/racademy_ws/build/learning_tf2_cpp
[1.066s] -- Install configuration: ""
[1.071s] -- Execute custom install script
[1.077s] -- Up-to-date symlink: /github/racademy_ws/install/learning_tf2_cpp/share/ament_index/resource_index/package_run_dependencies/learning_tf2_cpp
[1.096s] -- Up-to-date symlink: /github/racademy_ws/install/learning_tf2_cpp/share/ament_index/resource_index/parent_prefix_path/learning_tf2_cpp
[1.101s] -- Up-to-date symlink: /github/racademy_ws/install/learning_tf2_cpp/share/learning_tf2_cpp/environment/ament_prefix_path.sh
[1.104s] -- Up-to-date symlink: /github/racademy_ws/install/learning_tf2_cpp/share/learning_tf2_cpp/environment/ament_prefix_path.dsv
[1.108s] -- Up-to-date symlink: /github/racademy_ws/install/learning_tf2_cpp/share/learning_tf2_cpp/environment/path.sh
[1.109s] -- Up-to-date symlink: /github/racademy_ws/install/learning_tf2_cpp/share/learning_tf2_cpp/environment/path.dsv
[1.113s] -- Up-to-date symlink: /github/racademy_ws/install/learning_tf2_cpp/share/learning_tf2_cpp/local_setup.bash
[1.116s] -- Up-to-date symlink: /github/racademy_ws/install/learning_tf2_cpp/share/learning_tf2_cpp/local_setup.sh
[1.122s] -- Up-to-date symlink: /github/racademy_ws/install/learning_tf2_cpp/share/learning_tf2_cpp/local_setup.zsh
[1.123s] -- Up-to-date symlink: /github/racademy_ws/install/learning_tf2_cpp/share/learning_tf2_cpp/local_setup.dsv
[1.124s] -- Symlinking: /github/racademy_ws/install/learning_tf2_cpp/share/learning_tf2_cpp/package.dsv
[1.169s] -- Up-to-date symlink: /github/racademy_ws/install/learning_tf2_cpp/share/ament_index/resource_index/packages/learning_tf2_cpp
[1.172s] -- Up-to-date symlink: /github/racademy_ws/install/learning_tf2_cpp/share/learning_tf2_cpp/cmake/learning_tf2_cppConfig.cmake
[1.174s] -- Up-to-date symlink: /github/racademy_ws/install/learning_tf2_cpp/share/learning_tf2_cpp/cmake/learning_tf2_cppConfig-version.cmake
[1.191s] -- Up-to-date symlink: /github/racademy_ws/install/learning_tf2_cpp/share/learning_tf2_cpp/package.xml
[1.197s] Invoked command in '/github/racademy_ws/build/learning_tf2_cpp' returned '0': CMAKE_PREFIX_PATH=${CMAKE_PREFIX_PATH}:/github/racademy_ws/install/racademy_py_examples:/github/racademy_ws/install/learning_tf2_py:/opt/ros/humble /usr/bin/cmake --install /github/racademy_ws/build/learning_tf2_cpp
