[0.818s] Invoking command in '/github/racademy_ws/src/learning_tf2_py': PYTHONPATH=/github/racademy_ws/build/learning_tf2_py/prefix_override:/usr/lib/python3/dist-packages/colcon_core/task/python/colcon_distutils_commands:/github/racademy_ws/install/learning_tf2_py/lib/python3.10/site-packages:${PYTHONPATH} /usr/bin/python3 -W ignore:setup.py install is deprecated -W ignore:easy_install command is deprecated setup.py egg_info --egg-base ../../build/learning_tf2_py build --build-base /github/racademy_ws/build/learning_tf2_py/build install --record /github/racademy_ws/build/learning_tf2_py/install.log --single-version-externally-managed install_data
[1.036s] running egg_info
[1.038s] creating ../../build/learning_tf2_py/learning_tf2_py.egg-info
[1.040s] writing ../../build/learning_tf2_py/learning_tf2_py.egg-info/PKG-INFO
[1.042s] writing dependency_links to ../../build/learning_tf2_py/learning_tf2_py.egg-info/dependency_links.txt
[1.043s] writing entry points to ../../build/learning_tf2_py/learning_tf2_py.egg-info/entry_points.txt
[1.044s] writing requirements to ../../build/learning_tf2_py/learning_tf2_py.egg-info/requires.txt
[1.044s] writing top-level names to ../../build/learning_tf2_py/learning_tf2_py.egg-info/top_level.txt
[1.046s] writing manifest file '../../build/learning_tf2_py/learning_tf2_py.egg-info/SOURCES.txt'
[1.051s] reading manifest file '../../build/learning_tf2_py/learning_tf2_py.egg-info/SOURCES.txt'
[1.055s] writing manifest file '../../build/learning_tf2_py/learning_tf2_py.egg-info/SOURCES.txt'
[1.057s] running build
[1.058s] running build_py
[1.059s] creating /github/racademy_ws/build/learning_tf2_py/build
[1.059s] creating /github/racademy_ws/build/learning_tf2_py/build/lib
[1.060s] creating /github/racademy_ws/build/learning_tf2_py/build/lib/learning_tf2_py
[1.060s] copying learning_tf2_py/__init__.py -> /github/racademy_ws/build/learning_tf2_py/build/lib/learning_tf2_py
[1.062s] copying learning_tf2_py/static_turtle_tf2_broadcaster.py -> /github/racademy_ws/build/learning_tf2_py/build/lib/learning_tf2_py
[1.063s] running install
[1.064s] running install_lib
[1.065s] creating /github/racademy_ws/install/learning_tf2_py/lib/python3.10/site-packages/learning_tf2_py
[1.066s] copying /github/racademy_ws/build/learning_tf2_py/build/lib/learning_tf2_py/__init__.py -> /github/racademy_ws/install/learning_tf2_py/lib/python3.10/site-packages/learning_tf2_py
[1.069s] copying /github/racademy_ws/build/learning_tf2_py/build/lib/learning_tf2_py/static_turtle_tf2_broadcaster.py -> /github/racademy_ws/install/learning_tf2_py/lib/python3.10/site-packages/learning_tf2_py
[1.072s] byte-compiling /github/racademy_ws/install/learning_tf2_py/lib/python3.10/site-packages/learning_tf2_py/__init__.py to __init__.cpython-310.pyc
[1.074s] byte-compiling /github/racademy_ws/install/learning_tf2_py/lib/python3.10/site-packages/learning_tf2_py/static_turtle_tf2_broadcaster.py to static_turtle_tf2_broadcaster.cpython-310.pyc
[1.075s] running install_data
[1.076s] creating /github/racademy_ws/install/learning_tf2_py/share/ament_index
[1.076s] creating /github/racademy_ws/install/learning_tf2_py/share/ament_index/resource_index
[1.077s] creating /github/racademy_ws/install/learning_tf2_py/share/ament_index/resource_index/packages
[1.078s] copying resource/learning_tf2_py -> /github/racademy_ws/install/learning_tf2_py/share/ament_index/resource_index/packages
[1.078s] copying package.xml -> /github/racademy_ws/install/learning_tf2_py/share/learning_tf2_py
[1.080s] running install_egg_info
[1.081s] Copying ../../build/learning_tf2_py/learning_tf2_py.egg-info to /github/racademy_ws/install/learning_tf2_py/lib/python3.10/site-packages/learning_tf2_py-0.0.0-py3.10.egg-info
[1.092s] running install_scripts
[1.113s] Installing static_turtle_tf2_broadcaster script to /github/racademy_ws/install/learning_tf2_py/lib/learning_tf2_py
[1.115s] writing list of installed files to '/github/racademy_ws/build/learning_tf2_py/install.log'
[1.150s] Invoked command in '/github/racademy_ws/src/learning_tf2_py' returned '0': PYTHONPATH=/github/racademy_ws/build/learning_tf2_py/prefix_override:/usr/lib/python3/dist-packages/colcon_core/task/python/colcon_distutils_commands:/github/racademy_ws/install/learning_tf2_py/lib/python3.10/site-packages:${PYTHONPATH} /usr/bin/python3 -W ignore:setup.py install is deprecated -W ignore:easy_install command is deprecated setup.py egg_info --egg-base ../../build/learning_tf2_py build --build-base /github/racademy_ws/build/learning_tf2_py/build install --record /github/racademy_ws/build/learning_tf2_py/install.log --single-version-externally-managed install_data
