[0.131s] Invoking command in '/github/racademy_ws/build/learning_tf2_cpp': CMAKE_PREFIX_PATH=${CMAKE_PREFIX_PATH}:/github/racademy_ws/install/racademy_py_examples:/github/racademy_ws/install/learning_tf2_py:/opt/ros/humble /usr/bin/cmake --build /github/racademy_ws/build/learning_tf2_cpp -- -j8 -l8
[1.056s] Invoked command in '/github/racademy_ws/build/learning_tf2_cpp' returned '0': CMAKE_PREFIX_PATH=${CMAKE_PREFIX_PATH}:/github/racademy_ws/install/racademy_py_examples:/github/racademy_ws/install/learning_tf2_py:/opt/ros/humble /usr/bin/cmake --build /github/racademy_ws/build/learning_tf2_cpp -- -j8 -l8
[1.080s] Invoking command in '/github/racademy_ws/build/learning_tf2_cpp': CMAKE_PREFIX_PATH=${CMAKE_PREFIX_PATH}:/github/racademy_ws/install/racademy_py_examples:/github/racademy_ws/install/learning_tf2_py:/opt/ros/humble /usr/bin/cmake --install /github/racademy_ws/build/learning_tf2_cpp
[1.103s] -- Install configuration: ""
[1.112s] -- Execute custom install script
[1.122s] -- Up-to-date symlink: /github/racademy_ws/install/learning_tf2_cpp/share/ament_index/resource_index/package_run_dependencies/learning_tf2_cpp
[1.128s] -- Up-to-date symlink: /github/racademy_ws/install/learning_tf2_cpp/share/ament_index/resource_index/parent_prefix_path/learning_tf2_cpp
[1.131s] -- Up-to-date symlink: /github/racademy_ws/install/learning_tf2_cpp/share/learning_tf2_cpp/environment/ament_prefix_path.sh
[1.135s] -- Up-to-date symlink: /github/racademy_ws/install/learning_tf2_cpp/share/learning_tf2_cpp/environment/ament_prefix_path.dsv
[1.138s] -- Up-to-date symlink: /github/racademy_ws/install/learning_tf2_cpp/share/learning_tf2_cpp/environment/path.sh
[1.152s] -- Up-to-date symlink: /github/racademy_ws/install/learning_tf2_cpp/share/learning_tf2_cpp/environment/path.dsv
[1.154s] -- Up-to-date symlink: /github/racademy_ws/install/learning_tf2_cpp/share/learning_tf2_cpp/local_setup.bash
[1.167s] -- Up-to-date symlink: /github/racademy_ws/install/learning_tf2_cpp/share/learning_tf2_cpp/local_setup.sh
[1.178s] -- Up-to-date symlink: /github/racademy_ws/install/learning_tf2_cpp/share/learning_tf2_cpp/local_setup.zsh
[1.189s] -- Up-to-date symlink: /github/racademy_ws/install/learning_tf2_cpp/share/learning_tf2_cpp/local_setup.dsv
[1.201s] -- Symlinking: /github/racademy_ws/install/learning_tf2_cpp/share/learning_tf2_cpp/package.dsv
[1.216s] -- Up-to-date symlink: /github/racademy_ws/install/learning_tf2_cpp/share/ament_index/resource_index/packages/learning_tf2_cpp
[1.218s] -- Up-to-date symlink: /github/racademy_ws/install/learning_tf2_cpp/share/learning_tf2_cpp/cmake/learning_tf2_cppConfig.cmake
[1.220s] -- Up-to-date symlink: /github/racademy_ws/install/learning_tf2_cpp/share/learning_tf2_cpp/cmake/learning_tf2_cppConfig-version.cmake
[1.227s] -- Up-to-date symlink: /github/racademy_ws/install/learning_tf2_cpp/share/learning_tf2_cpp/package.xml
[1.228s] Invoked command in '/github/racademy_ws/build/learning_tf2_cpp' returned '0': CMAKE_PREFIX_PATH=${CMAKE_PREFIX_PATH}:/github/racademy_ws/install/racademy_py_examples:/github/racademy_ws/install/learning_tf2_py:/opt/ros/humble /usr/bin/cmake --install /github/racademy_ws/build/learning_tf2_cpp
