[0.530s] Invoking command in '/github/racademy_ws/build/racademy_description': CMAKE_PREFIX_PATH=${CMAKE_PREFIX_PATH}:/github/racademy_ws/install/racademy_py_examples:/github/racademy_ws/install/learning_tf2_py:/opt/ros/humble /usr/bin/cmake --build /github/racademy_ws/build/racademy_description -- -j8 -l8
[0.553s] -- Found ament_cmake: 1.3.14 (/opt/ros/humble/share/ament_cmake/cmake)
[0.765s] -- Override CMake install command with custom implementation using symlinks instead of copying resources
[0.807s] -- Found ament_lint_auto: 0.12.15 (/opt/ros/humble/share/ament_lint_auto/cmake)
[1.002s] -- Added test 'flake8' to check Python code syntax and style conventions
[1.009s] -- Added test 'lint_cmake' to check CMake code style
[1.016s] -- Added test 'pep257' to check Python code against some of the docstring style conventions in PEP 257
[1.037s] -- Added test 'xmllint' to check XML markup files
[1.052s] -- Configuring done
[1.091s] -- Generating done
[1.153s] -- Build files have been written to: /github/racademy_ws/build/racademy_description
[1.287s] Invoked command in '/github/racademy_ws/build/racademy_description' returned '0': CMAKE_PREFIX_PATH=${CMAKE_PREFIX_PATH}:/github/racademy_ws/install/racademy_py_examples:/github/racademy_ws/install/learning_tf2_py:/opt/ros/humble /usr/bin/cmake --build /github/racademy_ws/build/racademy_description -- -j8 -l8
[1.294s] Invoking command in '/github/racademy_ws/build/racademy_description': CMAKE_PREFIX_PATH=${CMAKE_PREFIX_PATH}:/github/racademy_ws/install/racademy_py_examples:/github/racademy_ws/install/learning_tf2_py:/opt/ros/humble /usr/bin/cmake --install /github/racademy_ws/build/racademy_description
[1.414s] -- Install configuration: ""
[1.416s] -- Execute custom install script
[1.417s] -- Up-to-date symlink: /github/racademy_ws/install/racademy_description/share/racademy_description/meshes/README.MD
[1.419s] -- Up-to-date symlink: /github/racademy_ws/install/racademy_description/share/racademy_description/meshes/duckiebotFrame.dae
[1.421s] -- Up-to-date symlink: /github/racademy_ws/install/racademy_description/share/racademy_description/meshes/duckiebot_camera.dae
[1.423s] -- Up-to-date symlink: /github/racademy_ws/install/racademy_description/share/racademy_description/meshes/duckiebot_computer.dae
[1.426s] -- Up-to-date symlink: /github/racademy_ws/install/racademy_description/share/racademy_description/meshes/duckiebot_frame_full.dae
[1.428s] -- Up-to-date symlink: /github/racademy_ws/install/racademy_description/share/racademy_description/meshes/duckiebot_frame_only.dae
[1.430s] -- Up-to-date symlink: /github/racademy_ws/install/racademy_description/share/racademy_description/meshes/duckiebot_leftwheel.dae
[1.433s] -- Up-to-date symlink: /github/racademy_ws/install/racademy_description/share/racademy_description/meshes/duckiebot_rightwheel.dae
[1.436s] -- Up-to-date symlink: /github/racademy_ws/install/racademy_description/share/racademy_description/urdf/racademy.urdf.xacro
[1.437s] -- Symlinking: /github/racademy_ws/install/racademy_description/share/racademy_description/urdf/racademy_ws_gazebo.xacro
[1.439s] -- Up-to-date symlink: /github/racademy_ws/install/racademy_description/share/racademy_description/launch/display.launch.py
[1.443s] -- Symlinking: /github/racademy_ws/install/racademy_description/share/racademy_description/launch/gazebo.launch.py
[1.445s] -- Up-to-date symlink: /github/racademy_ws/install/racademy_description/share/racademy_description/rviz/display.rviz
[1.445s] -- Up-to-date symlink: /github/racademy_ws/install/racademy_description/share/ament_index/resource_index/package_run_dependencies/racademy_description
[1.447s] -- Up-to-date symlink: /github/racademy_ws/install/racademy_description/share/ament_index/resource_index/parent_prefix_path/racademy_description
[1.454s] -- Up-to-date symlink: /github/racademy_ws/install/racademy_description/share/racademy_description/environment/ament_prefix_path.sh
[1.457s] -- Up-to-date symlink: /github/racademy_ws/install/racademy_description/share/racademy_description/environment/ament_prefix_path.dsv
[1.459s] -- Up-to-date symlink: /github/racademy_ws/install/racademy_description/share/racademy_description/environment/path.sh
[1.461s] -- Up-to-date symlink: /github/racademy_ws/install/racademy_description/share/racademy_description/environment/path.dsv
[1.462s] -- Up-to-date symlink: /github/racademy_ws/install/racademy_description/share/racademy_description/local_setup.bash
[1.464s] -- Up-to-date symlink: /github/racademy_ws/install/racademy_description/share/racademy_description/local_setup.sh
[1.465s] -- Up-to-date symlink: /github/racademy_ws/install/racademy_description/share/racademy_description/local_setup.zsh
[1.467s] -- Up-to-date symlink: /github/racademy_ws/install/racademy_description/share/racademy_description/local_setup.dsv
[1.470s] -- Symlinking: /github/racademy_ws/install/racademy_description/share/racademy_description/package.dsv
[1.472s] -- Up-to-date symlink: /github/racademy_ws/install/racademy_description/share/ament_index/resource_index/packages/racademy_description
[1.473s] -- Up-to-date symlink: /github/racademy_ws/install/racademy_description/share/racademy_description/cmake/racademy_descriptionConfig.cmake
[1.476s] -- Up-to-date symlink: /github/racademy_ws/install/racademy_description/share/racademy_description/cmake/racademy_descriptionConfig-version.cmake
[1.477s] -- Up-to-date symlink: /github/racademy_ws/install/racademy_description/share/racademy_description/package.xml
[1.478s] Invoked command in '/github/racademy_ws/build/racademy_description' returned '0': CMAKE_PREFIX_PATH=${CMAKE_PREFIX_PATH}:/github/racademy_ws/install/racademy_py_examples:/github/racademy_ws/install/learning_tf2_py:/opt/ros/humble /usr/bin/cmake --install /github/racademy_ws/build/racademy_description
